[32mINFO    [0m juju.model:model.py:2098 Deploying ch:amd64/focal/indico-233
[32mINFO    [0m juju.model:model.py:2098 Deploying ch:amd64/focal/redis-k8s-7
[32mINFO    [0m juju.model:model.py:2098 Deploying ch:amd64/focal/redis-k8s-7
[33mWARNING [0m juju.model:model.py:1564 relate is deprecated and will be removed. Use integrate instead.
[33mWARNING [0m juju.model:model.py:1564 relate is deprecated and will be removed. Use integrate instead.
[32mINFO    [0m juju.model:model.py:2972 Waiting for model:
  indico/0 [allocating] waiting: installing agent
[32mINFO    [0m juju.model:model.py:2972 Waiting for model:
  indico/0 [allocating] waiting: installing agent
[32mINFO    [0m juju.model:model.py:2972 Waiting for model:
  indico/0 [executing] waiting: Waiting for database availability
[32mINFO    [0m integration.new_relations.test_new_relations:test_new_relations.py:696 Verifying that the charm doesn't block when the extensions are enabled
[32mINFO    [0m juju.model:model.py:2972 Waiting for model:
  database/0 [executing] active: Primary
  database/1 [executing] active: 
  database/2 [executing] active: 
[33mWARNING [0m juju.model:model.py:1564 relate is deprecated and will be removed. Use integrate instead.
[32mINFO    [0m juju.model:model.py:2972 Waiting for model:
  database/0 [executing] active: Primary
  database/1 [executing] active: 
  database/2 [executing] active: 
  indico/0 [executing] waiting: Waiting for database availability
[32mINFO    [0m juju.model:model.py:2972 Waiting for model:
  indico/0 [executing] maintenance: Adding indico layer to pebble
[32mINFO    [0m juju.model:model.py:2972 Waiting for model:
  database/0 [idle] blocked: <10% free space on pgdata volume.
  database/1 [idle] blocked: <10% free space on pgdata volume.
  database/2 [idle] blocked: <10% free space on pgdata volume.
  indico/0 [idle] active: 
[32mINFO    [0m juju.model:model.py:2972 Waiting for model:
  database/0 [idle] blocked: <10% free space on pgdata volume.
  database/1 [idle] blocked: <10% free space on pgdata volume.
  database/2 [idle] blocked: <10% free space on pgdata volume.
[32mINFO    [0m juju.model:model.py:2972 Waiting for model:
  database/0 [idle] blocked: <10% free space on pgdata volume.
  database/1 [idle] blocked: <10% free space on pgdata volume.
  database/2 [idle] blocked: <10% free space on pgdata volume.
[32mINFO    [0m juju.model:model.py:2972 Waiting for model:
  database/0 [idle] blocked: <10% free space on pgdata volume.
  database/1 [idle] blocked: <10% free space on pgdata volume.
  database/2 [idle] blocked: <10% free space on pgdata volume.
[32mINFO    [0m juju.model:model.py:2972 Waiting for model:
  database/0 [idle] blocked: <10% free space on pgdata volume.
  database/1 [idle] blocked: <10% free space on pgdata volume.
  database/2 [idle] blocked: <10% free space on pgdata volume.
[32mINFO    [0m juju.model:model.py:2972 Waiting for model:
  database/0 [idle] blocked: <10% free space on pgdata volume.
  database/1 [idle] blocked: <10% free space on pgdata volume.
  database/2 [idle] blocked: <10% free space on pgdata volume.
[32mINFO    [0m juju.model:model.py:2972 Waiting for model:
  database/0 [idle] blocked: <10% free space on pgdata volume.
  database/1 [idle] blocked: <10% free space on pgdata volume.
  database/2 [idle] blocked: <10% free space on pgdata volume.
[32mINFO    [0m juju.model:model.py:2972 Waiting for model:
  database/0 [idle] blocked: <10% free space on pgdata volume.
  database/1 [idle] blocked: <10% free space on pgdata volume.
  database/2 [idle] blocked: <10% free space on pgdata volume.
[32mINFO    [0m juju.model:model.py:2972 Waiting for model:
  database/0 [idle] blocked: <10% free space on pgdata volume.
  database/1 [idle] blocked: <10% free space on pgdata volume.
  database/2 [idle] blocked: <10% free space on pgdata volume.
[32mINFO    [0m juju.model:model.py:2972 Waiting for model:
  database/0 [idle] blocked: <10% free space on pgdata volume.
  database/1 [idle] blocked: <10% free space on pgdata volume.
  database/2 [idle] blocked: <10% free space on pgdata volume.
[32mINFO    [0m juju.model:model.py:2972 Waiting for model:
  database/0 [idle] blocked: <10% free space on pgdata volume.
  database/1 [idle] blocked: <10% free space on pgdata volume.
  database/2 [idle] blocked: <10% free space on pgdata volume.
[32mINFO    [0m juju.model:model.py:2972 Waiting for model:
  database/0 [idle] blocked: <10% free space on pgdata volume.
  database/1 [idle] blocked: <10% free space on pgdata volume.
  database/2 [idle] blocked: <10% free space on pgdata volume.
[32mINFO    [0m juju.model:model.py:2972 Waiting for model:
  database/0 [idle] blocked: <10% free space on pgdata volume.
  database/1 [idle] blocked: <10% free space on pgdata volume.
  database/2 [idle] blocked: <10% free space on pgdata volume.
[32mINFO    [0m juju.model:model.py:2972 Waiting for model:
  database/0 [idle] blocked: <10% free space on pgdata volume.
  database/1 [idle] blocked: <10% free space on pgdata volume.
  database/2 [idle] blocked: <10% free space on pgdata volume.
[32mINFO    [0m juju.model:model.py:2972 Waiting for model:
  database/0 [idle] blocked: <10% free space on pgdata volume.
  database/1 [idle] blocked: <10% free space on pgdata volume.
  database/2 [idle] blocked: <10% free space on pgdata volume.
[32mINFO    [0m juju.model:model.py:2972 Waiting for model:
  database/0 [idle] blocked: <10% free space on pgdata volume.
  database/1 [idle] blocked: <10% free space on pgdata volume.
  database/2 [idle] blocked: <10% free space on pgdata volume.
[32mINFO    [0m juju.model:model.py:2972 Waiting for model:
  database/0 [idle] blocked: <10% free space on pgdata volume.
  database/1 [idle] blocked: <10% free space on pgdata volume.
  database/2 [idle] blocked: <10% free space on pgdata volume.
[32mINFO    [0m juju.model:model.py:2972 Waiting for model:
  database/0 [idle] blocked: <10% free space on pgdata volume.
  database/1 [idle] blocked: <10% free space on pgdata volume.
  database/2 [idle] blocked: <10% free space on pgdata volume.
[32mINFO    [0m juju.model:model.py:2972 Waiting for model:
  database/0 [idle] blocked: <10% free space on pgdata volume.
  database/1 [idle] blocked: <10% free space on pgdata volume.
  database/2 [idle] blocked: <10% free space on pgdata volume.
[32mINFO    [0m juju.model:model.py:2972 Waiting for model:
  database/0 [idle] blocked: <10% free space on pgdata volume.
  database/1 [idle] blocked: <10% free space on pgdata volume.
  database/2 [idle] blocked: <10% free space on pgdata volume.
[32mINFO    [0m juju.model:model.py:2972 Waiting for model:
  database/0 [idle] blocked: <10% free space on pgdata volume.
  database/1 [idle] blocked: <10% free space on pgdata volume.
  database/2 [idle] blocked: <10% free space on pgdata volume.
[32mINFO    [0m juju.model:model.py:2972 Waiting for model:
  database/0 [idle] blocked: <10% free space on pgdata volume.
  database/1 [idle] blocked: <10% free space on pgdata volume.
  database/2 [idle] blocked: <10% free space on pgdata volume.
[32mINFO    [0m juju.model:model.py:2972 Waiting for model:
  database/0 [idle] blocked: <10% free space on pgdata volume.
  database/1 [idle] blocked: <10% free space on pgdata volume.
  database/2 [idle] blocked: <10% free space on pgdata volume.
[32mINFO    [0m juju.model:model.py:2972 Waiting for model:
  database/0 [idle] blocked: <10% free space on pgdata volume.
  database/1 [idle] blocked: <10% free space on pgdata volume.
  database/2 [idle] blocked: <10% free space on pgdata volume.
[32mINFO    [0m juju.model:model.py:2972 Waiting for model:
  database/0 [idle] blocked: <10% free space on pgdata volume.
  database/1 [idle] blocked: <10% free space on pgdata volume.
  database/2 [idle] blocked: <10% free space on pgdata volume.
[32mINFO    [0m juju.model:model.py:2972 Waiting for model:
  database/0 [idle] blocked: <10% free space on pgdata volume.
  database/1 [idle] blocked: <10% free space on pgdata volume.
  database/2 [idle] blocked: <10% free space on pgdata volume.
[32mINFO    [0m juju.model:model.py:2972 Waiting for model:
  database/0 [idle] blocked: <10% free space on pgdata volume.
  database/1 [idle] blocked: <10% free space on pgdata volume.
  database/2 [idle] blocked: <10% free space on pgdata volume.
[32mINFO    [0m juju.model:model.py:2972 Waiting for model:
  database/0 [idle] blocked: <10% free space on pgdata volume.
  database/1 [idle] blocked: <10% free space on pgdata volume.
  database/2 [idle] blocked: <10% free space on pgdata volume.
[32mINFO    [0m juju.model:model.py:2972 Waiting for model:
  database/0 [idle] blocked: <10% free space on pgdata volume.
  database/1 [idle] blocked: <10% free space on pgdata volume.
  database/2 [idle] blocked: <10% free space on pgdata volume.
[32mINFO    [0m juju.model:model.py:2972 Waiting for model:
  database/0 [idle] blocked: <10% free space on pgdata volume.
  database/1 [idle] blocked: <10% free space on pgdata volume.
  database/2 [idle] blocked: <10% free space on pgdata volume.
[32mINFO    [0m juju.model:model.py:2972 Waiting for model:
  database/0 [idle] blocked: <10% free space on pgdata volume.
  database/1 [idle] blocked: <10% free space on pgdata volume.
  database/2 [idle] blocked: <10% free space on pgdata volume.
[32mINFO    [0m juju.model:model.py:2972 Waiting for model:
  database/0 [idle] blocked: <10% free space on pgdata volume.
  database/1 [idle] blocked: <10% free space on pgdata volume.
  database/2 [idle] blocked: <10% free space on pgdata volume.
[32mINFO    [0m juju.model:model.py:2972 Waiting for model:
  database/0 [idle] blocked: <10% free space on pgdata volume.
  database/1 [idle] blocked: <10% free space on pgdata volume.
  database/2 [idle] blocked: <10% free space on pgdata volume.
[32mINFO    [0m juju.model:model.py:2972 Waiting for model:
  database/0 [idle] blocked: <10% free space on pgdata volume.
  database/1 [idle] blocked: <10% free space on pgdata volume.
  database/2 [idle] blocked: <10% free space on pgdata volume.
[32mINFO    [0m juju.model:model.py:2972 Waiting for model:
  database/0 [idle] blocked: <10% free space on pgdata volume.
  database/1 [idle] blocked: <10% free space on pgdata volume.
  database/2 [idle] blocked: <10% free space on pgdata volume.
[32mINFO    [0m juju.model:model.py:2972 Waiting for model:
  database/0 [idle] blocked: <10% free space on pgdata volume.
  database/1 [idle] blocked: <10% free space on pgdata volume.
  database/2 [idle] blocked: <10% free space on pgdata volume.
[32mINFO    [0m juju.model:model.py:2972 Waiting for model:
  database/0 [idle] blocked: <10% free space on pgdata volume.
  database/1 [idle] blocked: <10% free space on pgdata volume.
  database/2 [idle] blocked: <10% free space on pgdata volume.
[32mINFO    [0m juju.model:model.py:2972 Waiting for model:
  database/0 [idle] blocked: <10% free space on pgdata volume.
  database/1 [idle] blocked: <10% free space on pgdata volume.
  database/2 [idle] blocked: <10% free space on pgdata volume.
[32mINFO    [0m juju.model:model.py:2972 Waiting for model:
  database/0 [idle] blocked: <10% free space on pgdata volume.
  database/1 [idle] blocked: <10% free space on pgdata volume.
  database/2 [idle] blocked: <10% free space on pgdata volume.
[32mINFO    [0m juju.model:model.py:2972 Waiting for model:
  database/0 [idle] blocked: <10% free space on pgdata volume.
  database/1 [idle] blocked: <10% free space on pgdata volume.
  database/2 [idle] blocked: <10% free space on pgdata volume.
[32mINFO    [0m juju.model:model.py:2972 Waiting for model:
  database/0 [idle] blocked: <10% free space on pgdata volume.
  database/1 [idle] blocked: <10% free space on pgdata volume.
  database/2 [idle] blocked: <10% free space on pgdata volume.
[32mINFO    [0m juju.model:model.py:2972 Waiting for model:
  database/0 [idle] blocked: <10% free space on pgdata volume.
  database/1 [idle] blocked: <10% free space on pgdata volume.
  database/2 [idle] blocked: <10% free space on pgdata volume.
[32mINFO    [0m juju.model:model.py:2972 Waiting for model:
  database/0 [idle] blocked: <10% free space on pgdata volume.
  database/1 [idle] blocked: <10% free space on pgdata volume.
  database/2 [idle] blocked: <10% free space on pgdata volume.
[32mINFO    [0m juju.model:model.py:2972 Waiting for model:
  database/0 [idle] blocked: <10% free space on pgdata volume.
  database/1 [idle] blocked: <10% free space on pgdata volume.
  database/2 [idle] blocked: <10% free space on pgdata volume.
[32mINFO    [0m juju.model:model.py:2972 Waiting for model:
  database/0 [idle] blocked: <10% free space on pgdata volume.
  database/1 [idle] blocked: <10% free space on pgdata volume.
  database/2 [idle] blocked: <10% free space on pgdata volume.
[32mINFO    [0m juju.model:model.py:2972 Waiting for model:
  database/0 [idle] blocked: <10% free space on pgdata volume.
  database/1 [idle] blocked: <10% free space on pgdata volume.
  database/2 [idle] blocked: <10% free space on pgdata volume.
[32mINFO    [0m juju.model:model.py:2972 Waiting for model:
  database/0 [idle] blocked: <10% free space on pgdata volume.
  database/1 [idle] blocked: <10% free space on pgdata volume.
  database/2 [idle] blocked: <10% free space on pgdata volume.
[32mINFO    [0m juju.model:model.py:2972 Waiting for model:
  database/0 [idle] blocked: <10% free space on pgdata volume.
  database/1 [idle] blocked: <10% free space on pgdata volume.
  database/2 [idle] blocked: <10% free space on pgdata volume.
[32mINFO    [0m juju.model:model.py:2972 Waiting for model:
  database/0 [idle] blocked: <10% free space on pgdata volume.
  database/1 [idle] blocked: <10% free space on pgdata volume.
  database/2 [idle] blocked: <10% free space on pgdata volume.
[32mINFO    [0m juju.model:model.py:2972 Waiting for model:
  database/0 [idle] blocked: <10% free space on pgdata volume.
  database/1 [idle] blocked: <10% free space on pgdata volume.
  database/2 [idle] blocked: <10% free space on pgdata volume.
[32mINFO    [0m juju.model:model.py:2972 Waiting for model:
  database/0 [idle] blocked: <10% free space on pgdata volume.
  database/1 [idle] blocked: <10% free space on pgdata volume.
  database/2 [idle] blocked: <10% free space on pgdata volume.
[32mINFO    [0m juju.model:model.py:2972 Waiting for model:
  database/0 [idle] blocked: <10% free space on pgdata volume.
  database/1 [idle] blocked: <10% free space on pgdata volume.
  database/2 [idle] blocked: <10% free space on pgdata volume.
[32mINFO    [0m juju.model:model.py:2972 Waiting for model:
  database/0 [idle] blocked: <10% free space on pgdata volume.
  database/1 [idle] blocked: <10% free space on pgdata volume.
  database/2 [idle] blocked: <10% free space on pgdata volume.
[32mINFO    [0m juju.model:model.py:2972 Waiting for model:
  database/0 [idle] blocked: <10% free space on pgdata volume.
  database/1 [idle] blocked: <10% free space on pgdata volume.
  database/2 [idle] blocked: <10% free space on pgdata volume.
[32mINFO    [0m juju.model:model.py:2972 Waiting for model:
  database/0 [idle] blocked: <10% free space on pgdata volume.
  database/1 [idle] blocked: <10% free space on pgdata volume.
  database/2 [idle] blocked: <10% free space on pgdata volume.
[32mINFO    [0m juju.model:model.py:2972 Waiting for model:
  database/0 [idle] blocked: <10% free space on pgdata volume.
  database/1 [idle] blocked: <10% free space on pgdata volume.
  database/2 [idle] blocked: <10% free space on pgdata volume.
[32mINFO    [0m juju.model:model.py:2972 Waiting for model:
  database/0 [idle] blocked: <10% free space on pgdata volume.
  database/1 [idle] blocked: <10% free space on pgdata volume.
  database/2 [idle] blocked: <10% free space on pgdata volume.
[32mINFO    [0m juju.model:model.py:2972 Waiting for model:
  database/0 [idle] blocked: <10% free space on pgdata volume.
  database/1 [idle] blocked: <10% free space on pgdata volume.
  database/2 [idle] blocked: <10% free space on pgdata volume.
[32mINFO    [0m juju.model:model.py:2972 Waiting for model:
  database/0 [idle] blocked: <10% free space on pgdata volume.
  database/1 [idle] blocked: <10% free space on pgdata volume.
  database/2 [idle] blocked: <10% free space on pgdata volume.
[32mINFO    [0m juju.model:model.py:2972 Waiting for model:
  database/0 [idle] blocked: <10% free space on pgdata volume.
  database/1 [idle] blocked: <10% free space on pgdata volume.
  database/2 [idle] blocked: <10% free space on pgdata volume.
[32mINFO    [0m juju.model:model.py:2972 Waiting for model:
  database/0 [idle] blocked: <10% free space on pgdata volume.
  database/1 [idle] blocked: <10% free space on pgdata volume.
  database/2 [idle] blocked: <10% free space on pgdata volume.
[32mINFO    [0m juju.model:model.py:2972 Waiting for model:
  database/0 [idle] blocked: <10% free space on pgdata volume.
  database/1 [idle] blocked: <10% free space on pgdata volume.
  database/2 [idle] blocked: <10% free space on pgdata volume.
[32mINFO    [0m juju.model:model.py:2972 Waiting for model:
  database/0 [idle] blocked: <10% free space on pgdata volume.
  database/1 [idle] blocked: <10% free space on pgdata volume.
  database/2 [idle] blocked: <10% free space on pgdata volume.
[32mINFO    [0m juju.model:model.py:2972 Waiting for model:
  database/0 [idle] blocked: <10% free space on pgdata volume.
  database/1 [idle] blocked: <10% free space on pgdata volume.
  database/2 [idle] blocked: <10% free space on pgdata volume.
[32mINFO    [0m pytest_operator.plugin:plugin.py:903 Model status:

Model  Controller          Cloud/Region        Version  SLA          Timestamp
test   microk8s-localhost  microk8s/localhost  3.4.5    unsupported  02:37:51Z

App                      Version               Status   Scale  Charm                Channel        Rev  Address         Exposed  Message
another-application                            active       1  postgresql-test-app  latest/edge    279  10.152.183.137  no       received database credentials of the first database
another-data-integrator                        waiting      1  data-integrator      latest/stable   41  10.152.183.67   no       installing agent
another-database         14.13                 waiting      3  postgresql-k8s                        0  10.152.183.246  no       installing agent
data-integrator                                waiting      1  data-integrator      latest/stable   41  10.152.183.178  no       installing agent
database                 14.13                 waiting      3  postgresql-k8s                        1  10.152.183.74   no       installing agent
indico                   3.3.1                 active       1  indico               latest/stable  233  10.152.183.173  no       
other-discourse-k8s      3.3.0                 active       1  discourse-k8s        latest/stable  173  10.152.183.222  no       
postgresql-test-app                            active       2  postgresql-test-app  latest/edge    279  10.152.183.152  no       received database credentials of the first database
redis-broker             ubuntu/redis@691f315  active       1  redis-k8s            latest/stable    7                  no       
redis-cache              ubuntu/redis@691f315  active       1  redis-k8s            latest/stable    7                  no       
redis-k8s                7.2.5                 active       1  redis-k8s            latest/edge     38  10.152.183.95   no       

Unit                        Workload  Agent  Address       Ports     Message
another-application/0*      active    idle   10.1.197.86             received database credentials of the first database
another-data-integrator/0*  blocked   idle   10.1.197.90             Please relate the data-integrator with the desired product
another-database/0          blocked   idle   10.1.197.79             <10% free space on pgdata volume.
another-database/1          blocked   idle   10.1.197.80             <10% free space on pgdata volume.
another-database/2*         blocked   idle   10.1.197.81             <10% free space on pgdata volume.
data-integrator/0*          blocked   idle   10.1.197.89             Please relate the data-integrator with the desired product
database/0*                 blocked   idle   10.1.197.84             <10% free space on pgdata volume.
database/1                  blocked   idle   10.1.197.88             <10% free space on pgdata volume.
database/2                  blocked   idle   10.1.197.87             <10% free space on pgdata volume.
indico/0*                   active    idle   10.1.197.97             
other-discourse-k8s/0*      active    idle   10.1.197.94             
postgresql-test-app/0*      active    idle   10.1.197.72             received database credentials of the first database
postgresql-test-app/1       active    idle   10.1.197.73             received database credentials of the first database
redis-broker/0*             active    idle   10.1.197.99   6379/TCP  
redis-cache/0*              active    idle   10.1.197.101  6379/TCP  
redis-k8s/0*                active    idle   10.1.197.93             

[32mINFO    [0m pytest_operator.plugin:plugin.py:909 Juju error logs:

unit-another-database-1: 01:40:05 ERROR unit.another-database/1.juju-log pgdata folder not found in /var/lib/postgresql/data/pgdata
unit-another-database-0: 01:40:05 ERROR unit.another-database/0.juju-log pgdata folder not found in /var/lib/postgresql/data/pgdata
unit-another-database-1: 01:40:40 ERROR unit.another-database/1.juju-log pgdata folder not found in /var/lib/postgresql/data/pgdata
unit-another-database-1: 01:40:50 ERROR unit.another-database/1.juju-log pgdata folder not found in /var/lib/postgresql/data/pgdata
unit-database-1: 01:46:38 ERROR unit.database/1.juju-log failed to patch k8s Endpoints database
Traceback (most recent call last):
  File "/var/lib/juju/agents/unit-database-1/charm/venv/lightkube/core/generic_client.py", line 232, in raise_for_status
    resp.raise_for_status()
  File "/var/lib/juju/agents/unit-database-1/charm/venv/httpx/_models.py", line 763, in raise_for_status
    raise HTTPStatusError(message, request=request, response=self)
httpx.HTTPStatusError: Client error '409 Conflict' for url 'https://10.152.183.1/api/v1/namespaces/test/endpoints/database?force=true&fieldManager=database'
For more information check: https://developer.mozilla.org/en-US/docs/Web/HTTP/Status/409

During handling of the above exception, another exception occurred:

Traceback (most recent call last):
  File "/var/lib/juju/agents/unit-database-1/charm/./src/charm.py", line 1338, in _on_stop
    client.apply(
  File "/var/lib/juju/agents/unit-database-1/charm/venv/lightkube/core/client.py", line 754, in apply
    return self.patch(
  File "/var/lib/juju/agents/unit-database-1/charm/venv/lightkube/core/client.py", line 489, in patch
    return self._client.request(
  File "/var/lib/juju/agents/unit-database-1/charm/venv/lightkube/core/generic_client.py", line 308, in request
    return self.handle_response(method, resp, br)
  File "/var/lib/juju/agents/unit-database-1/charm/venv/lightkube/core/generic_client.py", line 248, in handle_response
    self.raise_for_status(resp)
  File "/var/lib/juju/agents/unit-database-1/charm/venv/lightkube/core/generic_client.py", line 234, in raise_for_status
    raise transform_exception(e)
lightkube.core.exceptions.ApiError: Operation cannot be fulfilled on endpoints "database": the object has been modified; please apply your changes to the latest version and try again
unit-database-1: 01:46:38 ERROR unit.database/1.juju-log failed to patch k8s Endpoints database-primary
Traceback (most recent call last):
  File "/var/lib/juju/agents/unit-database-1/charm/venv/lightkube/core/generic_client.py", line 232, in raise_for_status
    resp.raise_for_status()
  File "/var/lib/juju/agents/unit-database-1/charm/venv/httpx/_models.py", line 763, in raise_for_status
    raise HTTPStatusError(message, request=request, response=self)
httpx.HTTPStatusError: Client error '409 Conflict' for url 'https://10.152.183.1/api/v1/namespaces/test/endpoints/database-primary?force=true&fieldManager=database'
For more information check: https://developer.mozilla.org/en-US/docs/Web/HTTP/Status/409

During handling of the above exception, another exception occurred:

Traceback (most recent call last):
  File "/var/lib/juju/agents/unit-database-1/charm/./src/charm.py", line 1338, in _on_stop
    client.apply(
  File "/var/lib/juju/agents/unit-database-1/charm/venv/lightkube/core/client.py", line 754, in apply
    return self.patch(
  File "/var/lib/juju/agents/unit-database-1/charm/venv/lightkube/core/client.py", line 489, in patch
    return self._client.request(
  File "/var/lib/juju/agents/unit-database-1/charm/venv/lightkube/core/generic_client.py", line 308, in request
    return self.handle_response(method, resp, br)
  File "/var/lib/juju/agents/unit-database-1/charm/venv/lightkube/core/generic_client.py", line 248, in handle_response
    self.raise_for_status(resp)
  File "/var/lib/juju/agents/unit-database-1/charm/venv/lightkube/core/generic_client.py", line 234, in raise_for_status
    raise transform_exception(e)
lightkube.core.exceptions.ApiError: Operation cannot be fulfilled on endpoints "database-primary": the object has been modified; please apply your changes to the latest version and try again
unit-database-1: 01:46:38 ERROR unit.database/1.juju-log failed to patch k8s Endpoints database-replicas
Traceback (most recent call last):
  File "/var/lib/juju/agents/unit-database-1/charm/venv/lightkube/core/generic_client.py", line 232, in raise_for_status
    resp.raise_for_status()
  File "/var/lib/juju/agents/unit-database-1/charm/venv/httpx/_models.py", line 763, in raise_for_status
    raise HTTPStatusError(message, request=request, response=self)
httpx.HTTPStatusError: Client error '409 Conflict' for url 'https://10.152.183.1/api/v1/namespaces/test/endpoints/database-replicas?force=true&fieldManager=database'
For more information check: https://developer.mozilla.org/en-US/docs/Web/HTTP/Status/409

During handling of the above exception, another exception occurred:

Traceback (most recent call last):
  File "/var/lib/juju/agents/unit-database-1/charm/./src/charm.py", line 1338, in _on_stop
    client.apply(
  File "/var/lib/juju/agents/unit-database-1/charm/venv/lightkube/core/client.py", line 754, in apply
    return self.patch(
  File "/var/lib/juju/agents/unit-database-1/charm/venv/lightkube/core/client.py", line 489, in patch
    return self._client.request(
  File "/var/lib/juju/agents/unit-database-1/charm/venv/lightkube/core/generic_client.py", line 308, in request
    return self.handle_response(method, resp, br)
  File "/var/lib/juju/agents/unit-database-1/charm/venv/lightkube/core/generic_client.py", line 248, in handle_response
    self.raise_for_status(resp)
  File "/var/lib/juju/agents/unit-database-1/charm/venv/lightkube/core/generic_client.py", line 234, in raise_for_status
    raise transform_exception(e)
lightkube.core.exceptions.ApiError: Operation cannot be fulfilled on endpoints "database-replicas": the object has been modified; please apply your changes to the latest version and try again
unit-database-1: 01:46:38 ERROR unit.database/1.juju-log failed to patch k8s Endpoints patroni-database
Traceback (most recent call last):
  File "/var/lib/juju/agents/unit-database-1/charm/venv/lightkube/core/generic_client.py", line 232, in raise_for_status
    resp.raise_for_status()
  File "/var/lib/juju/agents/unit-database-1/charm/venv/httpx/_models.py", line 763, in raise_for_status
    raise HTTPStatusError(message, request=request, response=self)
httpx.HTTPStatusError: Client error '409 Conflict' for url 'https://10.152.183.1/api/v1/namespaces/test/endpoints/patroni-database?force=true&fieldManager=database'
For more information check: https://developer.mozilla.org/en-US/docs/Web/HTTP/Status/409

During handling of the above exception, another exception occurred:

Traceback (most recent call last):
  File "/var/lib/juju/agents/unit-database-1/charm/./src/charm.py", line 1338, in _on_stop
    client.apply(
  File "/var/lib/juju/agents/unit-database-1/charm/venv/lightkube/core/client.py", line 754, in apply
    return self.patch(
  File "/var/lib/juju/agents/unit-database-1/charm/venv/lightkube/core/client.py", line 489, in patch
    return self._client.request(
  File "/var/lib/juju/agents/unit-database-1/charm/venv/lightkube/core/generic_client.py", line 308, in request
    return self.handle_response(method, resp, br)
  File "/var/lib/juju/agents/unit-database-1/charm/venv/lightkube/core/generic_client.py", line 248, in handle_response
    self.raise_for_status(resp)
  File "/var/lib/juju/agents/unit-database-1/charm/venv/lightkube/core/generic_client.py", line 234, in raise_for_status
    raise transform_exception(e)
lightkube.core.exceptions.ApiError: Operation cannot be fulfilled on endpoints "patroni-database": the object has been modified; please apply your changes to the latest version and try again
unit-database-1: 01:46:38 ERROR unit.database/1.juju-log failed to patch k8s Endpoints patroni-database-config
Traceback (most recent call last):
  File "/var/lib/juju/agents/unit-database-1/charm/venv/lightkube/core/generic_client.py", line 232, in raise_for_status
    resp.raise_for_status()
  File "/var/lib/juju/agents/unit-database-1/charm/venv/httpx/_models.py", line 763, in raise_for_status
    raise HTTPStatusError(message, request=request, response=self)
httpx.HTTPStatusError: Client error '409 Conflict' for url 'https://10.152.183.1/api/v1/namespaces/test/endpoints/patroni-database-config?force=true&fieldManager=database'
For more information check: https://developer.mozilla.org/en-US/docs/Web/HTTP/Status/409

During handling of the above exception, another exception occurred:

Traceback (most recent call last):
  File "/var/lib/juju/agents/unit-database-1/charm/./src/charm.py", line 1338, in _on_stop
    client.apply(
  File "/var/lib/juju/agents/unit-database-1/charm/venv/lightkube/core/client.py", line 754, in apply
    return self.patch(
  File "/var/lib/juju/agents/unit-database-1/charm/venv/lightkube/core/client.py", line 489, in patch
    return self._client.request(
  File "/var/lib/juju/agents/unit-database-1/charm/venv/lightkube/core/generic_client.py", line 308, in request
    return self.handle_response(method, resp, br)
  File "/var/lib/juju/agents/unit-database-1/charm/venv/lightkube/core/generic_client.py", line 248, in handle_response
    self.raise_for_status(resp)
  File "/var/lib/juju/agents/unit-database-1/charm/venv/lightkube/core/generic_client.py", line 234, in raise_for_status
    raise transform_exception(e)
lightkube.core.exceptions.ApiError: Operation cannot be fulfilled on endpoints "patroni-database-config": the object has been modified; please apply your changes to the latest version and try again
unit-database-1: 01:46:38 ERROR unit.database/1.juju-log failed to patch k8s Endpoints patroni-database-sync
Traceback (most recent call last):
  File "/var/lib/juju/agents/unit-database-1/charm/venv/lightkube/core/generic_client.py", line 232, in raise_for_status
    resp.raise_for_status()
  File "/var/lib/juju/agents/unit-database-1/charm/venv/httpx/_models.py", line 763, in raise_for_status
    raise HTTPStatusError(message, request=request, response=self)
httpx.HTTPStatusError: Client error '409 Conflict' for url 'https://10.152.183.1/api/v1/namespaces/test/endpoints/patroni-database-sync?force=true&fieldManager=database'
For more information check: https://developer.mozilla.org/en-US/docs/Web/HTTP/Status/409

During handling of the above exception, another exception occurred:

Traceback (most recent call last):
  File "/var/lib/juju/agents/unit-database-1/charm/./src/charm.py", line 1338, in _on_stop
    client.apply(
  File "/var/lib/juju/agents/unit-database-1/charm/venv/lightkube/core/client.py", line 754, in apply
    return self.patch(
  File "/var/lib/juju/agents/unit-database-1/charm/venv/lightkube/core/client.py", line 489, in patch
    return self._client.request(
  File "/var/lib/juju/agents/unit-database-1/charm/venv/lightkube/core/generic_client.py", line 308, in request
    return self.handle_response(method, resp, br)
  File "/var/lib/juju/agents/unit-database-1/charm/venv/lightkube/core/generic_client.py", line 248, in handle_response
    self.raise_for_status(resp)
  File "/var/lib/juju/agents/unit-database-1/charm/venv/lightkube/core/generic_client.py", line 234, in raise_for_status
    raise transform_exception(e)
lightkube.core.exceptions.ApiError: Operation cannot be fulfilled on endpoints "patroni-database-sync": the object has been modified; please apply your changes to the latest version and try again
unit-database-1: 01:46:38 ERROR unit.database/1.juju-log failed to patch k8s Service patroni-database-config
Traceback (most recent call last):
  File "/var/lib/juju/agents/unit-database-1/charm/venv/lightkube/core/generic_client.py", line 232, in raise_for_status
    resp.raise_for_status()
  File "/var/lib/juju/agents/unit-database-1/charm/venv/httpx/_models.py", line 763, in raise_for_status
    raise HTTPStatusError(message, request=request, response=self)
httpx.HTTPStatusError: Client error '409 Conflict' for url 'https://10.152.183.1/api/v1/namespaces/test/services/patroni-database-config?force=true&fieldManager=database'
For more information check: https://developer.mozilla.org/en-US/docs/Web/HTTP/Status/409

During handling of the above exception, another exception occurred:

Traceback (most recent call last):
  File "/var/lib/juju/agents/unit-database-1/charm/./src/charm.py", line 1338, in _on_stop
    client.apply(
  File "/var/lib/juju/agents/unit-database-1/charm/venv/lightkube/core/client.py", line 754, in apply
    return self.patch(
  File "/var/lib/juju/agents/unit-database-1/charm/venv/lightkube/core/client.py", line 489, in patch
    return self._client.request(
  File "/var/lib/juju/agents/unit-database-1/charm/venv/lightkube/core/generic_client.py", line 308, in request
    return self.handle_response(method, resp, br)
  File "/var/lib/juju/agents/unit-database-1/charm/venv/lightkube/core/generic_client.py", line 248, in handle_response
    self.raise_for_status(resp)
  File "/var/lib/juju/agents/unit-database-1/charm/venv/lightkube/core/generic_client.py", line 234, in raise_for_status
    raise transform_exception(e)
lightkube.core.exceptions.ApiError: Operation cannot be fulfilled on services "patroni-database-config": the object has been modified; please apply your changes to the latest version and try again
unit-database-0: 01:46:53 ERROR unit.database/0.juju-log Kubernetes service get failed: services "database" not found
unit-database-0: 01:46:53 ERROR unit.database/0.juju-log Kubernetes service patch failed: services "database" not found
unit-database-0: 01:47:01 ERROR unit.database/0.juju-log Kubernetes service get failed: services "database" not found
unit-database-0: 01:47:01 ERROR unit.database/0.juju-log Kubernetes service patch failed: services "database" not found
unit-database-0: 01:55:26 ERROR unit.database/0.juju-log database:20: Invalid extra user roles: test
unit-database-0: 01:55:26 ERROR unit.database/0.juju-log database:20: invalid role(s) for extra user roles
Traceback (most recent call last):
  File "/var/lib/juju/agents/unit-database-0/charm/src/relations/postgresql_provider.py", line 92, in _on_database_requested
    self.charm.postgresql.create_user(user, password, extra_user_roles=extra_user_roles)
  File "/var/lib/juju/agents/unit-database-0/charm/lib/charms/tempo_k8s/v1/charm_tracing.py", line 735, in wrapped_function
    return callable(*args, **kwargs)  # type: ignore
  File "/var/lib/juju/agents/unit-database-0/charm/lib/charms/postgresql_k8s/v0/postgresql.py", line 244, in create_user
    raise PostgreSQLCreateUserError(INVALID_EXTRA_USER_ROLE_BLOCKING_MESSAGE)
charms.postgresql_k8s.v0.postgresql.PostgreSQLCreateUserError: invalid role(s) for extra user roles
unit-database-0: 01:55:33 ERROR unit.database/0.juju-log database:21: Invalid extra user roles: test
unit-database-0: 01:55:33 ERROR unit.database/0.juju-log database:21: invalid role(s) for extra user roles
Traceback (most recent call last):
  File "/var/lib/juju/agents/unit-database-0/charm/src/relations/postgresql_provider.py", line 92, in _on_database_requested
    self.charm.postgresql.create_user(user, password, extra_user_roles=extra_user_roles)
  File "/var/lib/juju/agents/unit-database-0/charm/lib/charms/tempo_k8s/v1/charm_tracing.py", line 735, in wrapped_function
    return callable(*args, **kwargs)  # type: ignore
  File "/var/lib/juju/agents/unit-database-0/charm/lib/charms/postgresql_k8s/v0/postgresql.py", line 244, in create_user
    raise PostgreSQLCreateUserError(INVALID_EXTRA_USER_ROLE_BLOCKING_MESSAGE)
charms.postgresql_k8s.v0.postgresql.PostgreSQLCreateUserError: invalid role(s) for extra user roles

[32mINFO    [0m pytest_operator.plugin:plugin.py:991 Forgetting model main...