{"uid":"fe7e0a6e7396710a","name":"test_deploy_stable","fullName":"tests.integration.ha_tests.test_upgrade_to_primary_label#test_deploy_stable","historyId":"d0c54fc4c73a669d9a8512d38794bcd0","time":{"start":1733103087229,"stop":1733103395605,"duration":308376},"description":"Simple test to ensure that the PostgreSQL and application charms get deployed.","descriptionHtml":"<p>Simple test to ensure that the PostgreSQL and application charms get deployed.</p>\n","status":"failed","statusMessage":"AssertionError: assert 0 == 1\n +  where 0 = <built-in function countOf>(dict_values(['replica', 'primary', 'replica']), 'master')\n +    where <built-in function countOf> = operator.countOf\n +    and   dict_values(['replica', 'primary', 'replica']) = <built-in method values of dict object at 0x7f3cb8313400>()\n +      where <built-in method values of dict object at 0x7f3cb8313400> = {'postgresql-k8s/0': 'replica', 'postgresql-k8s/1': 'primary', 'postgresql-k8s/2': 'replica'}.values","statusTrace":"Traceback (most recent call last):\n  File \"/home/runner/work/test-runners-2-github-x64-postgresql-k8s-operator/test-runners-2-github-x64-postgresql-k8s-operator/.tox/integration/lib/python3.10/site-packages/_pytest/runner.py\", line 341, in from_call\n    result: TResult | None = func()\n  File \"/home/runner/work/test-runners-2-github-x64-postgresql-k8s-operator/test-runners-2-github-x64-postgresql-k8s-operator/.tox/integration/lib/python3.10/site-packages/_pytest/runner.py\", line 242, in <lambda>\n    lambda: runtest_hook(item=item, **kwds), when=when, reraise=reraise\n  File \"/home/runner/work/test-runners-2-github-x64-postgresql-k8s-operator/test-runners-2-github-x64-postgresql-k8s-operator/.tox/integration/lib/python3.10/site-packages/pluggy/_hooks.py\", line 513, in __call__\n    return self._hookexec(self.name, self._hookimpls.copy(), kwargs, firstresult)\n  File \"/home/runner/work/test-runners-2-github-x64-postgresql-k8s-operator/test-runners-2-github-x64-postgresql-k8s-operator/.tox/integration/lib/python3.10/site-packages/pluggy/_manager.py\", line 120, in _hookexec\n    return self._inner_hookexec(hook_name, methods, kwargs, firstresult)\n  File \"/home/runner/work/test-runners-2-github-x64-postgresql-k8s-operator/test-runners-2-github-x64-postgresql-k8s-operator/.tox/integration/lib/python3.10/site-packages/pluggy/_callers.py\", line 182, in _multicall\n    return outcome.get_result()\n  File \"/home/runner/work/test-runners-2-github-x64-postgresql-k8s-operator/test-runners-2-github-x64-postgresql-k8s-operator/.tox/integration/lib/python3.10/site-packages/pluggy/_result.py\", line 100, in get_result\n    raise exc.with_traceback(exc.__traceback__)\n  File \"/home/runner/work/test-runners-2-github-x64-postgresql-k8s-operator/test-runners-2-github-x64-postgresql-k8s-operator/.tox/integration/lib/python3.10/site-packages/pluggy/_callers.py\", line 167, in _multicall\n    teardown.throw(outcome._exception)\n  File \"/home/runner/work/test-runners-2-github-x64-postgresql-k8s-operator/test-runners-2-github-x64-postgresql-k8s-operator/.tox/integration/lib/python3.10/site-packages/_pytest/threadexception.py\", line 92, in pytest_runtest_call\n    yield from thread_exception_runtest_hook()\n  File \"/home/runner/work/test-runners-2-github-x64-postgresql-k8s-operator/test-runners-2-github-x64-postgresql-k8s-operator/.tox/integration/lib/python3.10/site-packages/_pytest/threadexception.py\", line 68, in thread_exception_runtest_hook\n    yield\n  File \"/home/runner/work/test-runners-2-github-x64-postgresql-k8s-operator/test-runners-2-github-x64-postgresql-k8s-operator/.tox/integration/lib/python3.10/site-packages/pluggy/_callers.py\", line 167, in _multicall\n    teardown.throw(outcome._exception)\n  File \"/home/runner/work/test-runners-2-github-x64-postgresql-k8s-operator/test-runners-2-github-x64-postgresql-k8s-operator/.tox/integration/lib/python3.10/site-packages/_pytest/unraisableexception.py\", line 95, in pytest_runtest_call\n    yield from unraisable_exception_runtest_hook()\n  File \"/home/runner/work/test-runners-2-github-x64-postgresql-k8s-operator/test-runners-2-github-x64-postgresql-k8s-operator/.tox/integration/lib/python3.10/site-packages/_pytest/unraisableexception.py\", line 70, in unraisable_exception_runtest_hook\n    yield\n  File \"/home/runner/work/test-runners-2-github-x64-postgresql-k8s-operator/test-runners-2-github-x64-postgresql-k8s-operator/.tox/integration/lib/python3.10/site-packages/pluggy/_callers.py\", line 167, in _multicall\n    teardown.throw(outcome._exception)\n  File \"/home/runner/work/test-runners-2-github-x64-postgresql-k8s-operator/test-runners-2-github-x64-postgresql-k8s-operator/.tox/integration/lib/python3.10/site-packages/_pytest/logging.py\", line 846, in pytest_runtest_call\n    yield from self._runtest_for(item, \"call\")\n  File \"/home/runner/work/test-runners-2-github-x64-postgresql-k8s-operator/test-runners-2-github-x64-postgresql-k8s-operator/.tox/integration/lib/python3.10/site-packages/_pytest/logging.py\", line 829, in _runtest_for\n    yield\n  File \"/home/runner/work/test-runners-2-github-x64-postgresql-k8s-operator/test-runners-2-github-x64-postgresql-k8s-operator/.tox/integration/lib/python3.10/site-packages/pluggy/_callers.py\", line 167, in _multicall\n    teardown.throw(outcome._exception)\n  File \"/home/runner/work/test-runners-2-github-x64-postgresql-k8s-operator/test-runners-2-github-x64-postgresql-k8s-operator/.tox/integration/lib/python3.10/site-packages/_pytest/capture.py\", line 880, in pytest_runtest_call\n    return (yield)\n  File \"/home/runner/work/test-runners-2-github-x64-postgresql-k8s-operator/test-runners-2-github-x64-postgresql-k8s-operator/.tox/integration/lib/python3.10/site-packages/pluggy/_callers.py\", line 167, in _multicall\n    teardown.throw(outcome._exception)\n  File \"/home/runner/work/test-runners-2-github-x64-postgresql-k8s-operator/test-runners-2-github-x64-postgresql-k8s-operator/.tox/integration/lib/python3.10/site-packages/_pytest/skipping.py\", line 257, in pytest_runtest_call\n    return (yield)\n  File \"/home/runner/work/test-runners-2-github-x64-postgresql-k8s-operator/test-runners-2-github-x64-postgresql-k8s-operator/.tox/integration/lib/python3.10/site-packages/pluggy/_callers.py\", line 103, in _multicall\n    res = hook_impl.function(*args)\n  File \"/home/runner/work/test-runners-2-github-x64-postgresql-k8s-operator/test-runners-2-github-x64-postgresql-k8s-operator/.tox/integration/lib/python3.10/site-packages/_pytest/runner.py\", line 174, in pytest_runtest_call\n    item.runtest()\n  File \"/home/runner/work/test-runners-2-github-x64-postgresql-k8s-operator/test-runners-2-github-x64-postgresql-k8s-operator/.tox/integration/lib/python3.10/site-packages/_pytest/python.py\", line 1627, in runtest\n    self.ihook.pytest_pyfunc_call(pyfuncitem=self)\n  File \"/home/runner/work/test-runners-2-github-x64-postgresql-k8s-operator/test-runners-2-github-x64-postgresql-k8s-operator/.tox/integration/lib/python3.10/site-packages/pluggy/_hooks.py\", line 513, in __call__\n    return self._hookexec(self.name, self._hookimpls.copy(), kwargs, firstresult)\n  File \"/home/runner/work/test-runners-2-github-x64-postgresql-k8s-operator/test-runners-2-github-x64-postgresql-k8s-operator/.tox/integration/lib/python3.10/site-packages/pluggy/_manager.py\", line 120, in _hookexec\n    return self._inner_hookexec(hook_name, methods, kwargs, firstresult)\n  File \"/home/runner/work/test-runners-2-github-x64-postgresql-k8s-operator/test-runners-2-github-x64-postgresql-k8s-operator/.tox/integration/lib/python3.10/site-packages/pluggy/_callers.py\", line 182, in _multicall\n    return outcome.get_result()\n  File \"/home/runner/work/test-runners-2-github-x64-postgresql-k8s-operator/test-runners-2-github-x64-postgresql-k8s-operator/.tox/integration/lib/python3.10/site-packages/pluggy/_result.py\", line 100, in get_result\n    raise exc.with_traceback(exc.__traceback__)\n  File \"/home/runner/work/test-runners-2-github-x64-postgresql-k8s-operator/test-runners-2-github-x64-postgresql-k8s-operator/.tox/integration/lib/python3.10/site-packages/pluggy/_callers.py\", line 103, in _multicall\n    res = hook_impl.function(*args)\n  File \"/home/runner/work/test-runners-2-github-x64-postgresql-k8s-operator/test-runners-2-github-x64-postgresql-k8s-operator/.tox/integration/lib/python3.10/site-packages/_pytest/python.py\", line 159, in pytest_pyfunc_call\n    result = testfunction(**testargs)\n  File \"/home/runner/work/test-runners-2-github-x64-postgresql-k8s-operator/test-runners-2-github-x64-postgresql-k8s-operator/.tox/integration/lib/python3.10/site-packages/pytest_asyncio/plugin.py\", line 529, in inner\n    _loop.run_until_complete(task)\n  File \"/usr/lib/python3.10/asyncio/base_events.py\", line 649, in run_until_complete\n    return future.result()\n  File \"/home/runner/work/test-runners-2-github-x64-postgresql-k8s-operator/test-runners-2-github-x64-postgresql-k8s-operator/tests/integration/ha_tests/test_upgrade_to_primary_label.py\", line 58, in test_deploy_stable\n    assert operator.countOf(instances_roles.values(), \"master\") == 1\nAssertionError: assert 0 == 1\n +  where 0 = <built-in function countOf>(dict_values(['replica', 'primary', 'replica']), 'master')\n +    where <built-in function countOf> = operator.countOf\n +    and   dict_values(['replica', 'primary', 'replica']) = <built-in method values of dict object at 0x7f3cb8313400>()\n +      where <built-in method values of dict object at 0x7f3cb8313400> = {'postgresql-k8s/0': 'replica', 'postgresql-k8s/1': 'primary', 'postgresql-k8s/2': 'replica'}.values","flaky":false,"newFailed":false,"newBroken":false,"newPassed":false,"retriesCount":1,"retriesStatusChange":true,"beforeStages":[{"name":"tmp_path_factory","time":{"start":1733103086993,"stop":1733103086993,"duration":0},"status":"passed","steps":[],"attachments":[],"parameters":[],"stepsCount":0,"shouldDisplayMessage":false,"attachmentsCount":0,"hasContent":false,"attachmentStep":false},{"name":"event_loop","time":{"start":1733103086993,"stop":1733103086993,"duration":0},"status":"passed","steps":[],"attachments":[],"parameters":[],"stepsCount":0,"shouldDisplayMessage":false,"attachmentsCount":0,"hasContent":false,"attachmentStep":false},{"name":"ops_test","time":{"start":1733103086993,"stop":1733103087229,"duration":236},"status":"passed","steps":[],"attachments":[],"parameters":[],"stepsCount":0,"shouldDisplayMessage":false,"attachmentsCount":0,"hasContent":false,"attachmentStep":false},{"name":"abort_on_fail","time":{"start":1733103087229,"stop":1733103087229,"duration":0},"status":"passed","steps":[],"attachments":[],"parameters":[],"stepsCount":0,"shouldDisplayMessage":false,"attachmentsCount":0,"hasContent":false,"attachmentStep":false}],"testStage":{"description":"Simple test to ensure that the PostgreSQL and application charms get deployed.","status":"failed","statusMessage":"AssertionError: assert 0 == 1\n +  where 0 = <built-in function countOf>(dict_values(['replica', 'primary', 'replica']), 'master')\n +    where <built-in function countOf> = operator.countOf\n +    and   dict_values(['replica', 'primary', 'replica']) = <built-in method values of dict object at 0x7f3cb8313400>()\n +      where <built-in method values of dict object at 0x7f3cb8313400> = {'postgresql-k8s/0': 'replica', 'postgresql-k8s/1': 'primary', 'postgresql-k8s/2': 'replica'}.values","statusTrace":"Traceback (most recent call last):\n  File \"/home/runner/work/test-runners-2-github-x64-postgresql-k8s-operator/test-runners-2-github-x64-postgresql-k8s-operator/.tox/integration/lib/python3.10/site-packages/_pytest/runner.py\", line 341, in from_call\n    result: TResult | None = func()\n  File \"/home/runner/work/test-runners-2-github-x64-postgresql-k8s-operator/test-runners-2-github-x64-postgresql-k8s-operator/.tox/integration/lib/python3.10/site-packages/_pytest/runner.py\", line 242, in <lambda>\n    lambda: runtest_hook(item=item, **kwds), when=when, reraise=reraise\n  File \"/home/runner/work/test-runners-2-github-x64-postgresql-k8s-operator/test-runners-2-github-x64-postgresql-k8s-operator/.tox/integration/lib/python3.10/site-packages/pluggy/_hooks.py\", line 513, in __call__\n    return self._hookexec(self.name, self._hookimpls.copy(), kwargs, firstresult)\n  File \"/home/runner/work/test-runners-2-github-x64-postgresql-k8s-operator/test-runners-2-github-x64-postgresql-k8s-operator/.tox/integration/lib/python3.10/site-packages/pluggy/_manager.py\", line 120, in _hookexec\n    return self._inner_hookexec(hook_name, methods, kwargs, firstresult)\n  File \"/home/runner/work/test-runners-2-github-x64-postgresql-k8s-operator/test-runners-2-github-x64-postgresql-k8s-operator/.tox/integration/lib/python3.10/site-packages/pluggy/_callers.py\", line 182, in _multicall\n    return outcome.get_result()\n  File \"/home/runner/work/test-runners-2-github-x64-postgresql-k8s-operator/test-runners-2-github-x64-postgresql-k8s-operator/.tox/integration/lib/python3.10/site-packages/pluggy/_result.py\", line 100, in get_result\n    raise exc.with_traceback(exc.__traceback__)\n  File \"/home/runner/work/test-runners-2-github-x64-postgresql-k8s-operator/test-runners-2-github-x64-postgresql-k8s-operator/.tox/integration/lib/python3.10/site-packages/pluggy/_callers.py\", line 167, in _multicall\n    teardown.throw(outcome._exception)\n  File \"/home/runner/work/test-runners-2-github-x64-postgresql-k8s-operator/test-runners-2-github-x64-postgresql-k8s-operator/.tox/integration/lib/python3.10/site-packages/_pytest/threadexception.py\", line 92, in pytest_runtest_call\n    yield from thread_exception_runtest_hook()\n  File \"/home/runner/work/test-runners-2-github-x64-postgresql-k8s-operator/test-runners-2-github-x64-postgresql-k8s-operator/.tox/integration/lib/python3.10/site-packages/_pytest/threadexception.py\", line 68, in thread_exception_runtest_hook\n    yield\n  File \"/home/runner/work/test-runners-2-github-x64-postgresql-k8s-operator/test-runners-2-github-x64-postgresql-k8s-operator/.tox/integration/lib/python3.10/site-packages/pluggy/_callers.py\", line 167, in _multicall\n    teardown.throw(outcome._exception)\n  File \"/home/runner/work/test-runners-2-github-x64-postgresql-k8s-operator/test-runners-2-github-x64-postgresql-k8s-operator/.tox/integration/lib/python3.10/site-packages/_pytest/unraisableexception.py\", line 95, in pytest_runtest_call\n    yield from unraisable_exception_runtest_hook()\n  File \"/home/runner/work/test-runners-2-github-x64-postgresql-k8s-operator/test-runners-2-github-x64-postgresql-k8s-operator/.tox/integration/lib/python3.10/site-packages/_pytest/unraisableexception.py\", line 70, in unraisable_exception_runtest_hook\n    yield\n  File \"/home/runner/work/test-runners-2-github-x64-postgresql-k8s-operator/test-runners-2-github-x64-postgresql-k8s-operator/.tox/integration/lib/python3.10/site-packages/pluggy/_callers.py\", line 167, in _multicall\n    teardown.throw(outcome._exception)\n  File \"/home/runner/work/test-runners-2-github-x64-postgresql-k8s-operator/test-runners-2-github-x64-postgresql-k8s-operator/.tox/integration/lib/python3.10/site-packages/_pytest/logging.py\", line 846, in pytest_runtest_call\n    yield from self._runtest_for(item, \"call\")\n  File \"/home/runner/work/test-runners-2-github-x64-postgresql-k8s-operator/test-runners-2-github-x64-postgresql-k8s-operator/.tox/integration/lib/python3.10/site-packages/_pytest/logging.py\", line 829, in _runtest_for\n    yield\n  File \"/home/runner/work/test-runners-2-github-x64-postgresql-k8s-operator/test-runners-2-github-x64-postgresql-k8s-operator/.tox/integration/lib/python3.10/site-packages/pluggy/_callers.py\", line 167, in _multicall\n    teardown.throw(outcome._exception)\n  File \"/home/runner/work/test-runners-2-github-x64-postgresql-k8s-operator/test-runners-2-github-x64-postgresql-k8s-operator/.tox/integration/lib/python3.10/site-packages/_pytest/capture.py\", line 880, in pytest_runtest_call\n    return (yield)\n  File \"/home/runner/work/test-runners-2-github-x64-postgresql-k8s-operator/test-runners-2-github-x64-postgresql-k8s-operator/.tox/integration/lib/python3.10/site-packages/pluggy/_callers.py\", line 167, in _multicall\n    teardown.throw(outcome._exception)\n  File \"/home/runner/work/test-runners-2-github-x64-postgresql-k8s-operator/test-runners-2-github-x64-postgresql-k8s-operator/.tox/integration/lib/python3.10/site-packages/_pytest/skipping.py\", line 257, in pytest_runtest_call\n    return (yield)\n  File \"/home/runner/work/test-runners-2-github-x64-postgresql-k8s-operator/test-runners-2-github-x64-postgresql-k8s-operator/.tox/integration/lib/python3.10/site-packages/pluggy/_callers.py\", line 103, in _multicall\n    res = hook_impl.function(*args)\n  File \"/home/runner/work/test-runners-2-github-x64-postgresql-k8s-operator/test-runners-2-github-x64-postgresql-k8s-operator/.tox/integration/lib/python3.10/site-packages/_pytest/runner.py\", line 174, in pytest_runtest_call\n    item.runtest()\n  File \"/home/runner/work/test-runners-2-github-x64-postgresql-k8s-operator/test-runners-2-github-x64-postgresql-k8s-operator/.tox/integration/lib/python3.10/site-packages/_pytest/python.py\", line 1627, in runtest\n    self.ihook.pytest_pyfunc_call(pyfuncitem=self)\n  File \"/home/runner/work/test-runners-2-github-x64-postgresql-k8s-operator/test-runners-2-github-x64-postgresql-k8s-operator/.tox/integration/lib/python3.10/site-packages/pluggy/_hooks.py\", line 513, in __call__\n    return self._hookexec(self.name, self._hookimpls.copy(), kwargs, firstresult)\n  File \"/home/runner/work/test-runners-2-github-x64-postgresql-k8s-operator/test-runners-2-github-x64-postgresql-k8s-operator/.tox/integration/lib/python3.10/site-packages/pluggy/_manager.py\", line 120, in _hookexec\n    return self._inner_hookexec(hook_name, methods, kwargs, firstresult)\n  File \"/home/runner/work/test-runners-2-github-x64-postgresql-k8s-operator/test-runners-2-github-x64-postgresql-k8s-operator/.tox/integration/lib/python3.10/site-packages/pluggy/_callers.py\", line 182, in _multicall\n    return outcome.get_result()\n  File \"/home/runner/work/test-runners-2-github-x64-postgresql-k8s-operator/test-runners-2-github-x64-postgresql-k8s-operator/.tox/integration/lib/python3.10/site-packages/pluggy/_result.py\", line 100, in get_result\n    raise exc.with_traceback(exc.__traceback__)\n  File \"/home/runner/work/test-runners-2-github-x64-postgresql-k8s-operator/test-runners-2-github-x64-postgresql-k8s-operator/.tox/integration/lib/python3.10/site-packages/pluggy/_callers.py\", line 103, in _multicall\n    res = hook_impl.function(*args)\n  File \"/home/runner/work/test-runners-2-github-x64-postgresql-k8s-operator/test-runners-2-github-x64-postgresql-k8s-operator/.tox/integration/lib/python3.10/site-packages/_pytest/python.py\", line 159, in pytest_pyfunc_call\n    result = testfunction(**testargs)\n  File \"/home/runner/work/test-runners-2-github-x64-postgresql-k8s-operator/test-runners-2-github-x64-postgresql-k8s-operator/.tox/integration/lib/python3.10/site-packages/pytest_asyncio/plugin.py\", line 529, in inner\n    _loop.run_until_complete(task)\n  File \"/usr/lib/python3.10/asyncio/base_events.py\", line 649, in run_until_complete\n    return future.result()\n  File \"/home/runner/work/test-runners-2-github-x64-postgresql-k8s-operator/test-runners-2-github-x64-postgresql-k8s-operator/tests/integration/ha_tests/test_upgrade_to_primary_label.py\", line 58, in test_deploy_stable\n    assert operator.countOf(instances_roles.values(), \"master\") == 1\nAssertionError: assert 0 == 1\n +  where 0 = <built-in function countOf>(dict_values(['replica', 'primary', 'replica']), 'master')\n +    where <built-in function countOf> = operator.countOf\n +    and   dict_values(['replica', 'primary', 'replica']) = <built-in method values of dict object at 0x7f3cb8313400>()\n +      where <built-in method values of dict object at 0x7f3cb8313400> = {'postgresql-k8s/0': 'replica', 'postgresql-k8s/1': 'primary', 'postgresql-k8s/2': 'replica'}.values","steps":[],"attachments":[{"uid":"6cc0864f5c2dd453","name":"log","source":"6cc0864f5c2dd453.txt","type":"text/plain","size":3354}],"parameters":[],"stepsCount":0,"shouldDisplayMessage":true,"attachmentsCount":1,"hasContent":true,"attachmentStep":false},"afterStages":[{"name":"abort_on_fail::0","time":{"start":1733103395608,"stop":1733103395608,"duration":0},"status":"passed","steps":[],"attachments":[],"parameters":[],"stepsCount":0,"shouldDisplayMessage":false,"attachmentsCount":0,"hasContent":false,"attachmentStep":false},{"name":"ops_test::finalizer","time":{"start":1733103395611,"stop":1733103395949,"duration":338},"status":"passed","steps":[],"attachments":[],"parameters":[],"stepsCount":0,"shouldDisplayMessage":false,"attachmentsCount":0,"hasContent":false,"attachmentStep":false},{"name":"event_loop::2","time":{"start":1733103395950,"stop":1733103395950,"duration":0},"status":"passed","steps":[],"attachments":[],"parameters":[],"stepsCount":0,"shouldDisplayMessage":false,"attachmentsCount":0,"hasContent":false,"attachmentStep":false},{"name":"event_loop::_close_event_loop","time":{"start":1733103395950,"stop":1733103395950,"duration":0},"status":"passed","steps":[],"attachments":[],"parameters":[],"stepsCount":0,"shouldDisplayMessage":false,"attachmentsCount":0,"hasContent":false,"attachmentStep":false},{"name":"event_loop::_provide_clean_event_loop","time":{"start":1733103395950,"stop":1733103395950,"duration":0},"status":"passed","steps":[],"attachments":[],"parameters":[],"stepsCount":0,"shouldDisplayMessage":false,"attachmentsCount":0,"hasContent":false,"attachmentStep":false}],"labels":[{"name":"tag","value":"abort_on_fail"},{"name":"tag","value":"@pytest.mark.skipif(False, reason='Requires amd64 architecture')"},{"name":"tag","value":"unstable"},{"name":"tag","value":"group(1)"},{"name":"tag","value":"asyncio"},{"name":"parentSuite","value":"tests.integration.ha_tests"},{"name":"suite","value":"test_upgrade_to_primary_label"},{"name":"host","value":"fv-az1773-789"},{"name":"thread","value":"13485-MainThread"},{"name":"framework","value":"pytest"},{"name":"language","value":"cpython3"},{"name":"package","value":"tests.integration.ha_tests.test_upgrade_to_primary_label"},{"name":"resultFormat","value":"allure2"}],"parameters":[],"links":[],"hidden":false,"retry":false,"extra":{"severity":"normal","retries":[{"uid":"5e4e1846481f9a7d","status":"unknown","time":{}}],"categories":[{"name":"Product defects","matchedStatuses":[],"flaky":false}],"history":{"statistic":{"failed":65,"broken":0,"skipped":0,"passed":0,"unknown":3,"total":68},"items":[{"uid":"9712c062309c4e04","reportUrl":"../254//#testresult/9712c062309c4e04","status":"failed","statusDetails":"AssertionError: assert 0 == 1\n +  where 0 = <built-in function countOf>(dict_values(['replica', 'primary', 'replica']), 'master')\n +    where <built-in function countOf> = operator.countOf\n +    and   dict_values(['replica', 'primary', 'replica']) = <built-in method values of dict object at 0x7f3668b1ef40>()\n +      where <built-in method values of dict object at 0x7f3668b1ef40> = {'postgresql-k8s/0': 'replica', 'postgresql-k8s/1': 'primary', 'postgresql-k8s/2': 'replica'}.values","time":{"start":1733017027017,"stop":1733017327343,"duration":300326}},{"uid":"dfb6885e88228809","reportUrl":"../253//#testresult/dfb6885e88228809","status":"failed","statusDetails":"AssertionError: assert 0 == 1\n +  where 0 = <built-in function countOf>(dict_values(['replica', 'replica', 'primary']), 'master')\n +    where <built-in function countOf> = operator.countOf\n +    and   dict_values(['replica', 'replica', 'primary']) = <built-in method values of dict object at 0x7f8534dfa640>()\n +      where <built-in method values of dict object at 0x7f8534dfa640> = {'postgresql-k8s/0': 'replica', 'postgresql-k8s/1': 'replica', 'postgresql-k8s/2': 'primary'}.values","time":{"start":1732930616724,"stop":1732930917756,"duration":301032}},{"uid":"466fc0b4a75508a0","reportUrl":"../252//#testresult/466fc0b4a75508a0","status":"failed","statusDetails":"AssertionError: assert 0 == 1\n +  where 0 = <built-in function countOf>(dict_values(['replica', 'primary', 'replica']), 'master')\n +    where <built-in function countOf> = operator.countOf\n +    and   dict_values(['replica', 'primary', 'replica']) = <built-in method values of dict object at 0x7f9e7bd0d480>()\n +      where <built-in method values of dict object at 0x7f9e7bd0d480> = {'postgresql-k8s/0': 'replica', 'postgresql-k8s/1': 'primary', 'postgresql-k8s/2': 'replica'}.values","time":{"start":1732843876993,"stop":1732844320961,"duration":443968}},{"uid":"a101e83dc525e7e6","reportUrl":"../251//#testresult/a101e83dc525e7e6","status":"failed","statusDetails":"AssertionError: assert 0 == 1\n +  where 0 = <built-in function countOf>(dict_values(['replica', 'replica', 'primary']), 'master')\n +    where <built-in function countOf> = operator.countOf\n +    and   dict_values(['replica', 'replica', 'primary']) = <built-in method values of dict object at 0x7f3e3b526900>()\n +      where <built-in method values of dict object at 0x7f3e3b526900> = {'postgresql-k8s/0': 'replica', 'postgresql-k8s/1': 'replica', 'postgresql-k8s/2': 'primary'}.values","time":{"start":1732757987490,"stop":1732758256187,"duration":268697}},{"uid":"fc2d4f1ca20f1523","reportUrl":"../250//#testresult/fc2d4f1ca20f1523","status":"failed","statusDetails":"AssertionError: assert 0 == 1\n +  where 0 = <built-in function countOf>(dict_values(['primary', 'replica', 'replica']), 'master')\n +    where <built-in function countOf> = operator.countOf\n +    and   dict_values(['primary', 'replica', 'replica']) = <built-in method values of dict object at 0x7f62ab316cc0>()\n +      where <built-in method values of dict object at 0x7f62ab316cc0> = {'postgresql-k8s/0': 'primary', 'postgresql-k8s/1': 'replica', 'postgresql-k8s/2': 'replica'}.values","time":{"start":1732671693731,"stop":1732671951089,"duration":257358}},{"uid":"cc9a5238bb8ad918","reportUrl":"../249//#testresult/cc9a5238bb8ad918","status":"failed","statusDetails":"AssertionError: assert 0 == 1\n +  where 0 = <built-in function countOf>(dict_values(['replica', 'replica', 'primary']), 'master')\n +    where <built-in function countOf> = operator.countOf\n +    and   dict_values(['replica', 'replica', 'primary']) = <built-in method values of dict object at 0x7f78c6b1c100>()\n +      where <built-in method values of dict object at 0x7f78c6b1c100> = {'postgresql-k8s/0': 'replica', 'postgresql-k8s/1': 'replica', 'postgresql-k8s/2': 'primary'}.values","time":{"start":1732585022018,"stop":1732585355449,"duration":333431}},{"uid":"21449f188d1c42a3","reportUrl":"../248//#testresult/21449f188d1c42a3","status":"failed","statusDetails":"AssertionError: assert 0 == 1\n +  where 0 = <built-in function countOf>(dict_values(['replica', 'replica', 'primary']), 'master')\n +    where <built-in function countOf> = operator.countOf\n +    and   dict_values(['replica', 'replica', 'primary']) = <built-in method values of dict object at 0x7f2fd050cac0>()\n +      where <built-in method values of dict object at 0x7f2fd050cac0> = {'postgresql-k8s/0': 'replica', 'postgresql-k8s/1': 'replica', 'postgresql-k8s/2': 'primary'}.values","time":{"start":1732498411841,"stop":1732498694150,"duration":282309}},{"uid":"d97e4c04fa65108d","reportUrl":"../247//#testresult/d97e4c04fa65108d","status":"failed","statusDetails":"AssertionError: assert 0 == 1\n +  where 0 = <built-in function countOf>(dict_values(['primary', 'replica', 'replica']), 'master')\n +    where <built-in function countOf> = operator.countOf\n +    and   dict_values(['primary', 'replica', 'replica']) = <built-in method values of dict object at 0x7f490430c400>()\n +      where <built-in method values of dict object at 0x7f490430c400> = {'postgresql-k8s/0': 'primary', 'postgresql-k8s/1': 'replica', 'postgresql-k8s/2': 'replica'}.values","time":{"start":1732412230035,"stop":1732412493460,"duration":263425}},{"uid":"577ab035cf6a0113","reportUrl":"../246//#testresult/577ab035cf6a0113","status":"failed","statusDetails":"AssertionError: assert 0 == 1\n +  where 0 = <built-in function countOf>(dict_values(['replica', 'replica', 'primary']), 'master')\n +    where <built-in function countOf> = operator.countOf\n +    and   dict_values(['replica', 'replica', 'primary']) = <built-in method values of dict object at 0x7f407430e180>()\n +      where <built-in method values of dict object at 0x7f407430e180> = {'postgresql-k8s/0': 'replica', 'postgresql-k8s/1': 'replica', 'postgresql-k8s/2': 'primary'}.values","time":{"start":1732325486952,"stop":1732325772019,"duration":285067}},{"uid":"5fb2eda49cfcfd15","reportUrl":"../245//#testresult/5fb2eda49cfcfd15","status":"failed","statusDetails":"AssertionError: assert 0 == 1\n +  where 0 = <built-in function countOf>(dict_values(['primary', 'replica', 'replica']), 'master')\n +    where <built-in function countOf> = operator.countOf\n +    and   dict_values(['primary', 'replica', 'replica']) = <built-in method values of dict object at 0x7f4ce5707600>()\n +      where <built-in method values of dict object at 0x7f4ce5707600> = {'postgresql-k8s/0': 'primary', 'postgresql-k8s/1': 'replica', 'postgresql-k8s/2': 'replica'}.values","time":{"start":1732239680528,"stop":1732239964861,"duration":284333}},{"uid":"9a44e34baec3859e","reportUrl":"../244//#testresult/9a44e34baec3859e","status":"failed","statusDetails":"AssertionError: assert 0 == 1\n +  where 0 = <built-in function countOf>(dict_values(['primary', 'replica', 'replica']), 'master')\n +    where <built-in function countOf> = operator.countOf\n +    and   dict_values(['primary', 'replica', 'replica']) = <built-in method values of dict object at 0x7f3baaf0bbc0>()\n +      where <built-in method values of dict object at 0x7f3baaf0bbc0> = {'postgresql-k8s/0': 'primary', 'postgresql-k8s/1': 'replica', 'postgresql-k8s/2': 'replica'}.values","time":{"start":1732152980713,"stop":1732153256706,"duration":275993}},{"uid":"5590175f738be855","reportUrl":"../243//#testresult/5590175f738be855","status":"unknown","time":{}},{"uid":"8807e8fd513e0c6e","reportUrl":"../242//#testresult/8807e8fd513e0c6e","status":"failed","statusDetails":"AssertionError: assert 0 == 1\n +  where 0 = <built-in function countOf>(dict_values(['primary', 'replica', 'replica']), 'master')\n +    where <built-in function countOf> = operator.countOf\n +    and   dict_values(['primary', 'replica', 'replica']) = <built-in method values of dict object at 0x7fe236918980>()\n +      where <built-in method values of dict object at 0x7fe236918980> = {'postgresql-k8s/0': 'primary', 'postgresql-k8s/1': 'replica', 'postgresql-k8s/2': 'replica'}.values","time":{"start":1731980181216,"stop":1731980555055,"duration":373839}},{"uid":"f5d2a0aa97f51d4f","reportUrl":"../241//#testresult/f5d2a0aa97f51d4f","status":"failed","statusDetails":"AssertionError: assert 0 == 1\n +  where 0 = <built-in function countOf>(dict_values(['replica', 'replica', 'primary']), 'master')\n +    where <built-in function countOf> = operator.countOf\n +    and   dict_values(['replica', 'replica', 'primary']) = <built-in method values of dict object at 0x7f5c1a31ca40>()\n +      where <built-in method values of dict object at 0x7f5c1a31ca40> = {'postgresql-k8s/0': 'replica', 'postgresql-k8s/1': 'replica', 'postgresql-k8s/2': 'primary'}.values","time":{"start":1731893808487,"stop":1731894060684,"duration":252197}},{"uid":"6a12c21845214521","reportUrl":"../240//#testresult/6a12c21845214521","status":"failed","statusDetails":"AssertionError: assert 0 == 1\n +  where 0 = <built-in function countOf>(dict_values(['primary', 'replica', 'replica']), 'master')\n +    where <built-in function countOf> = operator.countOf\n +    and   dict_values(['primary', 'replica', 'replica']) = <built-in method values of dict object at 0x7f4e157e0ec0>()\n +      where <built-in method values of dict object at 0x7f4e157e0ec0> = {'postgresql-k8s/0': 'primary', 'postgresql-k8s/1': 'replica', 'postgresql-k8s/2': 'replica'}.values","time":{"start":1731807148654,"stop":1731807421527,"duration":272873}},{"uid":"2adbd2d8156deb5e","reportUrl":"../239//#testresult/2adbd2d8156deb5e","status":"failed","statusDetails":"AssertionError: assert 0 == 1\n +  where 0 = <built-in function countOf>(dict_values(['replica', 'replica', 'primary']), 'master')\n +    where <built-in function countOf> = operator.countOf\n +    and   dict_values(['replica', 'replica', 'primary']) = <built-in method values of dict object at 0x7f65aab12680>()\n +      where <built-in method values of dict object at 0x7f65aab12680> = {'postgresql-k8s/0': 'replica', 'postgresql-k8s/1': 'replica', 'postgresql-k8s/2': 'primary'}.values","time":{"start":1731720720481,"stop":1731721116938,"duration":396457}},{"uid":"45632ea68d2fd09c","reportUrl":"../238//#testresult/45632ea68d2fd09c","status":"failed","statusDetails":"AssertionError: assert 0 == 1\n +  where 0 = <built-in function countOf>(dict_values(['replica', 'primary', 'replica']), 'master')\n +    where <built-in function countOf> = operator.countOf\n +    and   dict_values(['replica', 'primary', 'replica']) = <built-in method values of dict object at 0x7fe4a79f8700>()\n +      where <built-in method values of dict object at 0x7fe4a79f8700> = {'postgresql-k8s/0': 'replica', 'postgresql-k8s/1': 'primary', 'postgresql-k8s/2': 'replica'}.values","time":{"start":1731634278649,"stop":1731634544445,"duration":265796}},{"uid":"68d7f32248497e0","reportUrl":"../237//#testresult/68d7f32248497e0","status":"failed","statusDetails":"AssertionError: assert 0 == 1\n +  where 0 = <built-in function countOf>(dict_values(['replica', 'primary', 'replica']), 'master')\n +    where <built-in function countOf> = operator.countOf\n +    and   dict_values(['replica', 'primary', 'replica']) = <built-in method values of dict object at 0x7fc226d1d780>()\n +      where <built-in method values of dict object at 0x7fc226d1d780> = {'postgresql-k8s/0': 'replica', 'postgresql-k8s/1': 'primary', 'postgresql-k8s/2': 'replica'}.values","time":{"start":1731547867173,"stop":1731548128746,"duration":261573}},{"uid":"cbfb2d6fb94bd385","reportUrl":"../236//#testresult/cbfb2d6fb94bd385","status":"failed","statusDetails":"AssertionError: assert 0 == 1\n +  where 0 = <built-in function countOf>(dict_values(['primary', 'replica', 'replica']), 'master')\n +    where <built-in function countOf> = operator.countOf\n +    and   dict_values(['primary', 'replica', 'replica']) = <built-in method values of dict object at 0x7f2d46101b80>()\n +      where <built-in method values of dict object at 0x7f2d46101b80> = {'postgresql-k8s/0': 'primary', 'postgresql-k8s/1': 'replica', 'postgresql-k8s/2': 'replica'}.values","time":{"start":1731461442276,"stop":1731461725543,"duration":283267}},{"uid":"1a884fafe291b3f0","reportUrl":"../235//#testresult/1a884fafe291b3f0","status":"unknown","time":{}}]},"tags":["unstable","asyncio","abort_on_fail","@pytest.mark.skipif(False, reason='Requires amd64 architecture')","group(1)"]},"source":"fe7e0a6e7396710a.json","parameterValues":[]}