{"uid":"bbb8a9dfdce73b3","name":"test_fail_and_rollback","fullName":"tests.integration.ha_tests.test_rollback_to_master_label#test_fail_and_rollback","historyId":"f474748990346242c7ea0dc739477429","time":{"start":1729906619115,"stop":1729907129962,"duration":510847},"status":"failed","statusMessage":"AssertionError: assert 0 == 1\n +  where 0 = <built-in function countOf>(dict_values(['replica', 'replica', 'primary']), 'master')\n +    where <built-in function countOf> = operator.countOf\n +    and   dict_values(['replica', 'replica', 'primary']) = <built-in method values of dict object at 0x7fa7ff53bd80>()\n +      where <built-in method values of dict object at 0x7fa7ff53bd80> = {'postgresql-k8s/0': 'replica', 'postgresql-k8s/1': 'replica', 'postgresql-k8s/2': 'primary'}.values","statusTrace":"Traceback (most recent call last):\n  File \"/home/runner/work/test-runners-2-github-x64-postgresql-k8s-operator/test-runners-2-github-x64-postgresql-k8s-operator/.tox/integration/lib/python3.10/site-packages/_pytest/runner.py\", line 341, in from_call\n    result: TResult | None = func()\n  File \"/home/runner/work/test-runners-2-github-x64-postgresql-k8s-operator/test-runners-2-github-x64-postgresql-k8s-operator/.tox/integration/lib/python3.10/site-packages/_pytest/runner.py\", line 242, in <lambda>\n    lambda: runtest_hook(item=item, **kwds), when=when, reraise=reraise\n  File \"/home/runner/work/test-runners-2-github-x64-postgresql-k8s-operator/test-runners-2-github-x64-postgresql-k8s-operator/.tox/integration/lib/python3.10/site-packages/pluggy/_hooks.py\", line 513, in __call__\n    return self._hookexec(self.name, self._hookimpls.copy(), kwargs, firstresult)\n  File \"/home/runner/work/test-runners-2-github-x64-postgresql-k8s-operator/test-runners-2-github-x64-postgresql-k8s-operator/.tox/integration/lib/python3.10/site-packages/pluggy/_manager.py\", line 120, in _hookexec\n    return self._inner_hookexec(hook_name, methods, kwargs, firstresult)\n  File \"/home/runner/work/test-runners-2-github-x64-postgresql-k8s-operator/test-runners-2-github-x64-postgresql-k8s-operator/.tox/integration/lib/python3.10/site-packages/pluggy/_callers.py\", line 182, in _multicall\n    return outcome.get_result()\n  File \"/home/runner/work/test-runners-2-github-x64-postgresql-k8s-operator/test-runners-2-github-x64-postgresql-k8s-operator/.tox/integration/lib/python3.10/site-packages/pluggy/_result.py\", line 100, in get_result\n    raise exc.with_traceback(exc.__traceback__)\n  File \"/home/runner/work/test-runners-2-github-x64-postgresql-k8s-operator/test-runners-2-github-x64-postgresql-k8s-operator/.tox/integration/lib/python3.10/site-packages/pluggy/_callers.py\", line 167, in _multicall\n    teardown.throw(outcome._exception)\n  File \"/home/runner/work/test-runners-2-github-x64-postgresql-k8s-operator/test-runners-2-github-x64-postgresql-k8s-operator/.tox/integration/lib/python3.10/site-packages/_pytest/threadexception.py\", line 92, in pytest_runtest_call\n    yield from thread_exception_runtest_hook()\n  File \"/home/runner/work/test-runners-2-github-x64-postgresql-k8s-operator/test-runners-2-github-x64-postgresql-k8s-operator/.tox/integration/lib/python3.10/site-packages/_pytest/threadexception.py\", line 68, in thread_exception_runtest_hook\n    yield\n  File \"/home/runner/work/test-runners-2-github-x64-postgresql-k8s-operator/test-runners-2-github-x64-postgresql-k8s-operator/.tox/integration/lib/python3.10/site-packages/pluggy/_callers.py\", line 167, in _multicall\n    teardown.throw(outcome._exception)\n  File \"/home/runner/work/test-runners-2-github-x64-postgresql-k8s-operator/test-runners-2-github-x64-postgresql-k8s-operator/.tox/integration/lib/python3.10/site-packages/_pytest/unraisableexception.py\", line 95, in pytest_runtest_call\n    yield from unraisable_exception_runtest_hook()\n  File \"/home/runner/work/test-runners-2-github-x64-postgresql-k8s-operator/test-runners-2-github-x64-postgresql-k8s-operator/.tox/integration/lib/python3.10/site-packages/_pytest/unraisableexception.py\", line 70, in unraisable_exception_runtest_hook\n    yield\n  File \"/home/runner/work/test-runners-2-github-x64-postgresql-k8s-operator/test-runners-2-github-x64-postgresql-k8s-operator/.tox/integration/lib/python3.10/site-packages/pluggy/_callers.py\", line 167, in _multicall\n    teardown.throw(outcome._exception)\n  File \"/home/runner/work/test-runners-2-github-x64-postgresql-k8s-operator/test-runners-2-github-x64-postgresql-k8s-operator/.tox/integration/lib/python3.10/site-packages/_pytest/logging.py\", line 846, in pytest_runtest_call\n    yield from self._runtest_for(item, \"call\")\n  File \"/home/runner/work/test-runners-2-github-x64-postgresql-k8s-operator/test-runners-2-github-x64-postgresql-k8s-operator/.tox/integration/lib/python3.10/site-packages/_pytest/logging.py\", line 829, in _runtest_for\n    yield\n  File \"/home/runner/work/test-runners-2-github-x64-postgresql-k8s-operator/test-runners-2-github-x64-postgresql-k8s-operator/.tox/integration/lib/python3.10/site-packages/pluggy/_callers.py\", line 167, in _multicall\n    teardown.throw(outcome._exception)\n  File \"/home/runner/work/test-runners-2-github-x64-postgresql-k8s-operator/test-runners-2-github-x64-postgresql-k8s-operator/.tox/integration/lib/python3.10/site-packages/_pytest/capture.py\", line 880, in pytest_runtest_call\n    return (yield)\n  File \"/home/runner/work/test-runners-2-github-x64-postgresql-k8s-operator/test-runners-2-github-x64-postgresql-k8s-operator/.tox/integration/lib/python3.10/site-packages/pluggy/_callers.py\", line 167, in _multicall\n    teardown.throw(outcome._exception)\n  File \"/home/runner/work/test-runners-2-github-x64-postgresql-k8s-operator/test-runners-2-github-x64-postgresql-k8s-operator/.tox/integration/lib/python3.10/site-packages/_pytest/skipping.py\", line 257, in pytest_runtest_call\n    return (yield)\n  File \"/home/runner/work/test-runners-2-github-x64-postgresql-k8s-operator/test-runners-2-github-x64-postgresql-k8s-operator/.tox/integration/lib/python3.10/site-packages/pluggy/_callers.py\", line 103, in _multicall\n    res = hook_impl.function(*args)\n  File \"/home/runner/work/test-runners-2-github-x64-postgresql-k8s-operator/test-runners-2-github-x64-postgresql-k8s-operator/.tox/integration/lib/python3.10/site-packages/_pytest/runner.py\", line 174, in pytest_runtest_call\n    item.runtest()\n  File \"/home/runner/work/test-runners-2-github-x64-postgresql-k8s-operator/test-runners-2-github-x64-postgresql-k8s-operator/.tox/integration/lib/python3.10/site-packages/_pytest/python.py\", line 1627, in runtest\n    self.ihook.pytest_pyfunc_call(pyfuncitem=self)\n  File \"/home/runner/work/test-runners-2-github-x64-postgresql-k8s-operator/test-runners-2-github-x64-postgresql-k8s-operator/.tox/integration/lib/python3.10/site-packages/pluggy/_hooks.py\", line 513, in __call__\n    return self._hookexec(self.name, self._hookimpls.copy(), kwargs, firstresult)\n  File \"/home/runner/work/test-runners-2-github-x64-postgresql-k8s-operator/test-runners-2-github-x64-postgresql-k8s-operator/.tox/integration/lib/python3.10/site-packages/pluggy/_manager.py\", line 120, in _hookexec\n    return self._inner_hookexec(hook_name, methods, kwargs, firstresult)\n  File \"/home/runner/work/test-runners-2-github-x64-postgresql-k8s-operator/test-runners-2-github-x64-postgresql-k8s-operator/.tox/integration/lib/python3.10/site-packages/pluggy/_callers.py\", line 182, in _multicall\n    return outcome.get_result()\n  File \"/home/runner/work/test-runners-2-github-x64-postgresql-k8s-operator/test-runners-2-github-x64-postgresql-k8s-operator/.tox/integration/lib/python3.10/site-packages/pluggy/_result.py\", line 100, in get_result\n    raise exc.with_traceback(exc.__traceback__)\n  File \"/home/runner/work/test-runners-2-github-x64-postgresql-k8s-operator/test-runners-2-github-x64-postgresql-k8s-operator/.tox/integration/lib/python3.10/site-packages/pluggy/_callers.py\", line 103, in _multicall\n    res = hook_impl.function(*args)\n  File \"/home/runner/work/test-runners-2-github-x64-postgresql-k8s-operator/test-runners-2-github-x64-postgresql-k8s-operator/.tox/integration/lib/python3.10/site-packages/_pytest/python.py\", line 159, in pytest_pyfunc_call\n    result = testfunction(**testargs)\n  File \"/home/runner/work/test-runners-2-github-x64-postgresql-k8s-operator/test-runners-2-github-x64-postgresql-k8s-operator/.tox/integration/lib/python3.10/site-packages/pytest_asyncio/plugin.py\", line 529, in inner\n    _loop.run_until_complete(task)\n  File \"/usr/lib/python3.10/asyncio/base_events.py\", line 649, in run_until_complete\n    return future.result()\n  File \"/home/runner/work/test-runners-2-github-x64-postgresql-k8s-operator/test-runners-2-github-x64-postgresql-k8s-operator/tests/integration/ha_tests/test_rollback_to_master_label.py\", line 167, in test_fail_and_rollback\n    assert operator.countOf(instances_roles.values(), \"master\") == 1\nAssertionError: assert 0 == 1\n +  where 0 = <built-in function countOf>(dict_values(['replica', 'replica', 'primary']), 'master')\n +    where <built-in function countOf> = operator.countOf\n +    and   dict_values(['replica', 'replica', 'primary']) = <built-in method values of dict object at 0x7fa7ff53bd80>()\n +      where <built-in method values of dict object at 0x7fa7ff53bd80> = {'postgresql-k8s/0': 'replica', 'postgresql-k8s/1': 'replica', 'postgresql-k8s/2': 'primary'}.values","flaky":false,"newFailed":false,"newBroken":false,"newPassed":false,"retriesCount":1,"retriesStatusChange":true,"beforeStages":[{"name":"event_loop","time":{"start":1729906325300,"stop":1729906325300,"duration":0},"status":"passed","steps":[],"attachments":[],"parameters":[],"stepsCount":0,"shouldDisplayMessage":false,"attachmentsCount":0,"hasContent":false,"attachmentStep":false},{"name":"ops_test","time":{"start":1729906325301,"stop":1729906325536,"duration":235},"status":"passed","steps":[],"attachments":[],"parameters":[],"stepsCount":0,"shouldDisplayMessage":false,"attachmentsCount":0,"hasContent":false,"attachmentStep":false},{"name":"tmp_path_factory","time":{"start":1729906325301,"stop":1729906325301,"duration":0},"status":"passed","steps":[],"attachments":[],"parameters":[],"stepsCount":0,"shouldDisplayMessage":false,"attachmentsCount":0,"hasContent":false,"attachmentStep":false},{"name":"continuous_writes","time":{"start":1729906619115,"stop":1729906619115,"duration":0},"status":"passed","steps":[],"attachments":[],"parameters":[],"stepsCount":0,"shouldDisplayMessage":false,"attachmentsCount":0,"hasContent":false,"attachmentStep":false},{"name":"abort_on_fail","time":{"start":1729906619115,"stop":1729906619115,"duration":0},"status":"passed","steps":[],"attachments":[],"parameters":[],"stepsCount":0,"shouldDisplayMessage":false,"attachmentsCount":0,"hasContent":false,"attachmentStep":false}],"testStage":{"status":"failed","statusMessage":"AssertionError: assert 0 == 1\n +  where 0 = <built-in function countOf>(dict_values(['replica', 'replica', 'primary']), 'master')\n +    where <built-in function countOf> = operator.countOf\n +    and   dict_values(['replica', 'replica', 'primary']) = <built-in method values of dict object at 0x7fa7ff53bd80>()\n +      where <built-in method values of dict object at 0x7fa7ff53bd80> = {'postgresql-k8s/0': 'replica', 'postgresql-k8s/1': 'replica', 'postgresql-k8s/2': 'primary'}.values","statusTrace":"Traceback (most recent call last):\n  File \"/home/runner/work/test-runners-2-github-x64-postgresql-k8s-operator/test-runners-2-github-x64-postgresql-k8s-operator/.tox/integration/lib/python3.10/site-packages/_pytest/runner.py\", line 341, in from_call\n    result: TResult | None = func()\n  File \"/home/runner/work/test-runners-2-github-x64-postgresql-k8s-operator/test-runners-2-github-x64-postgresql-k8s-operator/.tox/integration/lib/python3.10/site-packages/_pytest/runner.py\", line 242, in <lambda>\n    lambda: runtest_hook(item=item, **kwds), when=when, reraise=reraise\n  File \"/home/runner/work/test-runners-2-github-x64-postgresql-k8s-operator/test-runners-2-github-x64-postgresql-k8s-operator/.tox/integration/lib/python3.10/site-packages/pluggy/_hooks.py\", line 513, in __call__\n    return self._hookexec(self.name, self._hookimpls.copy(), kwargs, firstresult)\n  File \"/home/runner/work/test-runners-2-github-x64-postgresql-k8s-operator/test-runners-2-github-x64-postgresql-k8s-operator/.tox/integration/lib/python3.10/site-packages/pluggy/_manager.py\", line 120, in _hookexec\n    return self._inner_hookexec(hook_name, methods, kwargs, firstresult)\n  File \"/home/runner/work/test-runners-2-github-x64-postgresql-k8s-operator/test-runners-2-github-x64-postgresql-k8s-operator/.tox/integration/lib/python3.10/site-packages/pluggy/_callers.py\", line 182, in _multicall\n    return outcome.get_result()\n  File \"/home/runner/work/test-runners-2-github-x64-postgresql-k8s-operator/test-runners-2-github-x64-postgresql-k8s-operator/.tox/integration/lib/python3.10/site-packages/pluggy/_result.py\", line 100, in get_result\n    raise exc.with_traceback(exc.__traceback__)\n  File \"/home/runner/work/test-runners-2-github-x64-postgresql-k8s-operator/test-runners-2-github-x64-postgresql-k8s-operator/.tox/integration/lib/python3.10/site-packages/pluggy/_callers.py\", line 167, in _multicall\n    teardown.throw(outcome._exception)\n  File \"/home/runner/work/test-runners-2-github-x64-postgresql-k8s-operator/test-runners-2-github-x64-postgresql-k8s-operator/.tox/integration/lib/python3.10/site-packages/_pytest/threadexception.py\", line 92, in pytest_runtest_call\n    yield from thread_exception_runtest_hook()\n  File \"/home/runner/work/test-runners-2-github-x64-postgresql-k8s-operator/test-runners-2-github-x64-postgresql-k8s-operator/.tox/integration/lib/python3.10/site-packages/_pytest/threadexception.py\", line 68, in thread_exception_runtest_hook\n    yield\n  File \"/home/runner/work/test-runners-2-github-x64-postgresql-k8s-operator/test-runners-2-github-x64-postgresql-k8s-operator/.tox/integration/lib/python3.10/site-packages/pluggy/_callers.py\", line 167, in _multicall\n    teardown.throw(outcome._exception)\n  File \"/home/runner/work/test-runners-2-github-x64-postgresql-k8s-operator/test-runners-2-github-x64-postgresql-k8s-operator/.tox/integration/lib/python3.10/site-packages/_pytest/unraisableexception.py\", line 95, in pytest_runtest_call\n    yield from unraisable_exception_runtest_hook()\n  File \"/home/runner/work/test-runners-2-github-x64-postgresql-k8s-operator/test-runners-2-github-x64-postgresql-k8s-operator/.tox/integration/lib/python3.10/site-packages/_pytest/unraisableexception.py\", line 70, in unraisable_exception_runtest_hook\n    yield\n  File \"/home/runner/work/test-runners-2-github-x64-postgresql-k8s-operator/test-runners-2-github-x64-postgresql-k8s-operator/.tox/integration/lib/python3.10/site-packages/pluggy/_callers.py\", line 167, in _multicall\n    teardown.throw(outcome._exception)\n  File \"/home/runner/work/test-runners-2-github-x64-postgresql-k8s-operator/test-runners-2-github-x64-postgresql-k8s-operator/.tox/integration/lib/python3.10/site-packages/_pytest/logging.py\", line 846, in pytest_runtest_call\n    yield from self._runtest_for(item, \"call\")\n  File \"/home/runner/work/test-runners-2-github-x64-postgresql-k8s-operator/test-runners-2-github-x64-postgresql-k8s-operator/.tox/integration/lib/python3.10/site-packages/_pytest/logging.py\", line 829, in _runtest_for\n    yield\n  File \"/home/runner/work/test-runners-2-github-x64-postgresql-k8s-operator/test-runners-2-github-x64-postgresql-k8s-operator/.tox/integration/lib/python3.10/site-packages/pluggy/_callers.py\", line 167, in _multicall\n    teardown.throw(outcome._exception)\n  File \"/home/runner/work/test-runners-2-github-x64-postgresql-k8s-operator/test-runners-2-github-x64-postgresql-k8s-operator/.tox/integration/lib/python3.10/site-packages/_pytest/capture.py\", line 880, in pytest_runtest_call\n    return (yield)\n  File \"/home/runner/work/test-runners-2-github-x64-postgresql-k8s-operator/test-runners-2-github-x64-postgresql-k8s-operator/.tox/integration/lib/python3.10/site-packages/pluggy/_callers.py\", line 167, in _multicall\n    teardown.throw(outcome._exception)\n  File \"/home/runner/work/test-runners-2-github-x64-postgresql-k8s-operator/test-runners-2-github-x64-postgresql-k8s-operator/.tox/integration/lib/python3.10/site-packages/_pytest/skipping.py\", line 257, in pytest_runtest_call\n    return (yield)\n  File \"/home/runner/work/test-runners-2-github-x64-postgresql-k8s-operator/test-runners-2-github-x64-postgresql-k8s-operator/.tox/integration/lib/python3.10/site-packages/pluggy/_callers.py\", line 103, in _multicall\n    res = hook_impl.function(*args)\n  File \"/home/runner/work/test-runners-2-github-x64-postgresql-k8s-operator/test-runners-2-github-x64-postgresql-k8s-operator/.tox/integration/lib/python3.10/site-packages/_pytest/runner.py\", line 174, in pytest_runtest_call\n    item.runtest()\n  File \"/home/runner/work/test-runners-2-github-x64-postgresql-k8s-operator/test-runners-2-github-x64-postgresql-k8s-operator/.tox/integration/lib/python3.10/site-packages/_pytest/python.py\", line 1627, in runtest\n    self.ihook.pytest_pyfunc_call(pyfuncitem=self)\n  File \"/home/runner/work/test-runners-2-github-x64-postgresql-k8s-operator/test-runners-2-github-x64-postgresql-k8s-operator/.tox/integration/lib/python3.10/site-packages/pluggy/_hooks.py\", line 513, in __call__\n    return self._hookexec(self.name, self._hookimpls.copy(), kwargs, firstresult)\n  File \"/home/runner/work/test-runners-2-github-x64-postgresql-k8s-operator/test-runners-2-github-x64-postgresql-k8s-operator/.tox/integration/lib/python3.10/site-packages/pluggy/_manager.py\", line 120, in _hookexec\n    return self._inner_hookexec(hook_name, methods, kwargs, firstresult)\n  File \"/home/runner/work/test-runners-2-github-x64-postgresql-k8s-operator/test-runners-2-github-x64-postgresql-k8s-operator/.tox/integration/lib/python3.10/site-packages/pluggy/_callers.py\", line 182, in _multicall\n    return outcome.get_result()\n  File \"/home/runner/work/test-runners-2-github-x64-postgresql-k8s-operator/test-runners-2-github-x64-postgresql-k8s-operator/.tox/integration/lib/python3.10/site-packages/pluggy/_result.py\", line 100, in get_result\n    raise exc.with_traceback(exc.__traceback__)\n  File \"/home/runner/work/test-runners-2-github-x64-postgresql-k8s-operator/test-runners-2-github-x64-postgresql-k8s-operator/.tox/integration/lib/python3.10/site-packages/pluggy/_callers.py\", line 103, in _multicall\n    res = hook_impl.function(*args)\n  File \"/home/runner/work/test-runners-2-github-x64-postgresql-k8s-operator/test-runners-2-github-x64-postgresql-k8s-operator/.tox/integration/lib/python3.10/site-packages/_pytest/python.py\", line 159, in pytest_pyfunc_call\n    result = testfunction(**testargs)\n  File \"/home/runner/work/test-runners-2-github-x64-postgresql-k8s-operator/test-runners-2-github-x64-postgresql-k8s-operator/.tox/integration/lib/python3.10/site-packages/pytest_asyncio/plugin.py\", line 529, in inner\n    _loop.run_until_complete(task)\n  File \"/usr/lib/python3.10/asyncio/base_events.py\", line 649, in run_until_complete\n    return future.result()\n  File \"/home/runner/work/test-runners-2-github-x64-postgresql-k8s-operator/test-runners-2-github-x64-postgresql-k8s-operator/tests/integration/ha_tests/test_rollback_to_master_label.py\", line 167, in test_fail_and_rollback\n    assert operator.countOf(instances_roles.values(), \"master\") == 1\nAssertionError: assert 0 == 1\n +  where 0 = <built-in function countOf>(dict_values(['replica', 'replica', 'primary']), 'master')\n +    where <built-in function countOf> = operator.countOf\n +    and   dict_values(['replica', 'replica', 'primary']) = <built-in method values of dict object at 0x7fa7ff53bd80>()\n +      where <built-in method values of dict object at 0x7fa7ff53bd80> = {'postgresql-k8s/0': 'replica', 'postgresql-k8s/1': 'replica', 'postgresql-k8s/2': 'primary'}.values","steps":[],"attachments":[{"uid":"7637c2c71364a4d7","name":"log","source":"7637c2c71364a4d7.txt","type":"text/plain","size":10600}],"parameters":[],"stepsCount":0,"shouldDisplayMessage":true,"attachmentsCount":1,"hasContent":true,"attachmentStep":false},"afterStages":[{"name":"continuous_writes::finalizer","time":{"start":1729907129980,"stop":1729907136025,"duration":6045},"status":"passed","steps":[],"attachments":[],"parameters":[],"stepsCount":0,"shouldDisplayMessage":false,"attachmentsCount":0,"hasContent":false,"attachmentStep":false},{"name":"ops_test::finalizer","time":{"start":1729907136026,"stop":1729907136392,"duration":366},"status":"passed","steps":[],"attachments":[],"parameters":[],"stepsCount":0,"shouldDisplayMessage":false,"attachmentsCount":0,"hasContent":false,"attachmentStep":false},{"name":"abort_on_fail::0","time":{"start":1729907136026,"stop":1729907136026,"duration":0},"status":"passed","steps":[],"attachments":[],"parameters":[],"stepsCount":0,"shouldDisplayMessage":false,"attachmentsCount":0,"hasContent":false,"attachmentStep":false},{"name":"event_loop::2","time":{"start":1729907136393,"stop":1729907136393,"duration":0},"status":"passed","steps":[],"attachments":[],"parameters":[],"stepsCount":0,"shouldDisplayMessage":false,"attachmentsCount":0,"hasContent":false,"attachmentStep":false},{"name":"event_loop::_close_event_loop","time":{"start":1729907136393,"stop":1729907136393,"duration":0},"status":"passed","steps":[],"attachments":[],"parameters":[],"stepsCount":0,"shouldDisplayMessage":false,"attachmentsCount":0,"hasContent":false,"attachmentStep":false},{"name":"event_loop::_provide_clean_event_loop","time":{"start":1729907136393,"stop":1729907136393,"duration":0},"status":"passed","steps":[],"attachments":[],"parameters":[],"stepsCount":0,"shouldDisplayMessage":false,"attachmentsCount":0,"hasContent":false,"attachmentStep":false}],"labels":[{"name":"tag","value":"@pytest.mark.skipif(False, reason='Requires amd64 architecture')"},{"name":"tag","value":"unstable"},{"name":"tag","value":"group(1)"},{"name":"tag","value":"asyncio"},{"name":"parentSuite","value":"tests.integration.ha_tests"},{"name":"suite","value":"test_rollback_to_master_label"},{"name":"host","value":"fv-az984-882"},{"name":"thread","value":"13083-MainThread"},{"name":"framework","value":"pytest"},{"name":"language","value":"cpython3"},{"name":"package","value":"tests.integration.ha_tests.test_rollback_to_master_label"},{"name":"resultFormat","value":"allure2"}],"parameters":[],"links":[],"hidden":false,"retry":false,"extra":{"severity":"normal","retries":[{"uid":"444772486d4470f9","status":"unknown","time":{}}],"categories":[{"name":"Product defects","matchedStatuses":[],"flaky":false}],"history":{"statistic":{"failed":30,"broken":0,"skipped":0,"passed":0,"unknown":1,"total":31},"items":[{"uid":"6421d836f8b7f8e2","reportUrl":"../217//#testresult/6421d836f8b7f8e2","status":"failed","statusDetails":"AssertionError: assert 0 == 1\n +  where 0 = <built-in function countOf>(dict_values(['replica', 'replica', 'primary']), 'master')\n +    where <built-in function countOf> = operator.countOf\n +    and   dict_values(['replica', 'replica', 'primary']) = <built-in method values of dict object at 0x7fbe2b72f640>()\n +      where <built-in method values of dict object at 0x7fbe2b72f640> = {'postgresql-k8s/0': 'replica', 'postgresql-k8s/1': 'replica', 'postgresql-k8s/2': 'primary'}.values","time":{"start":1729820267398,"stop":1729820799145,"duration":531747}},{"uid":"7e096acd04b7315","reportUrl":"../216//#testresult/7e096acd04b7315","status":"failed","statusDetails":"AssertionError: assert 0 == 1\n +  where 0 = <built-in function countOf>(dict_values(['replica', 'replica', 'primary']), 'master')\n +    where <built-in function countOf> = operator.countOf\n +    and   dict_values(['replica', 'replica', 'primary']) = <built-in method values of dict object at 0x7ff501ea6d40>()\n +      where <built-in method values of dict object at 0x7ff501ea6d40> = {'postgresql-k8s/0': 'replica', 'postgresql-k8s/1': 'replica', 'postgresql-k8s/2': 'primary'}.values","time":{"start":1729733829913,"stop":1729734364975,"duration":535062}},{"uid":"11585c51a8bee1f","reportUrl":"../215//#testresult/11585c51a8bee1f","status":"failed","statusDetails":"AssertionError: assert 0 == 1\n +  where 0 = <built-in function countOf>(dict_values(['replica', 'replica', 'primary']), 'master')\n +    where <built-in function countOf> = operator.countOf\n +    and   dict_values(['replica', 'replica', 'primary']) = <built-in method values of dict object at 0x7f8d2e7fc500>()\n +      where <built-in method values of dict object at 0x7f8d2e7fc500> = {'postgresql-k8s/0': 'replica', 'postgresql-k8s/1': 'replica', 'postgresql-k8s/2': 'primary'}.values","time":{"start":1729647397263,"stop":1729647855129,"duration":457866}},{"uid":"33329b0a0fd76cac","reportUrl":"../214//#testresult/33329b0a0fd76cac","status":"failed","statusDetails":"AssertionError: assert 0 == 1\n +  where 0 = <built-in function countOf>(dict_values(['replica', 'replica', 'primary']), 'master')\n +    where <built-in function countOf> = operator.countOf\n +    and   dict_values(['replica', 'replica', 'primary']) = <built-in method values of dict object at 0x7f1c2ab1b300>()\n +      where <built-in method values of dict object at 0x7f1c2ab1b300> = {'postgresql-k8s/0': 'replica', 'postgresql-k8s/1': 'replica', 'postgresql-k8s/2': 'primary'}.values","time":{"start":1729561157182,"stop":1729561674193,"duration":517011}},{"uid":"971057f9fdaa313c","reportUrl":"../213//#testresult/971057f9fdaa313c","status":"unknown","time":{}},{"uid":"8c2c7cd77d9626b1","reportUrl":"../212//#testresult/8c2c7cd77d9626b1","status":"failed","statusDetails":"AssertionError: assert 0 == 1\n +  where 0 = <built-in function countOf>(dict_values(['replica', 'replica', 'primary']), 'master')\n +    where <built-in function countOf> = operator.countOf\n +    and   dict_values(['replica', 'replica', 'primary']) = <built-in method values of dict object at 0x7f8ab1b79500>()\n +      where <built-in method values of dict object at 0x7f8ab1b79500> = {'postgresql-k8s/0': 'replica', 'postgresql-k8s/1': 'replica', 'postgresql-k8s/2': 'primary'}.values","time":{"start":1729388261169,"stop":1729388778662,"duration":517493}},{"uid":"5c8b3b68fd9a830c","reportUrl":"../211//#testresult/5c8b3b68fd9a830c","status":"failed","statusDetails":"AssertionError: assert 0 == 1\n +  where 0 = <built-in function countOf>(dict_values(['replica', 'replica', 'primary']), 'master')\n +    where <built-in function countOf> = operator.countOf\n +    and   dict_values(['replica', 'replica', 'primary']) = <built-in method values of dict object at 0x7f8065344b40>()\n +      where <built-in method values of dict object at 0x7f8065344b40> = {'postgresql-k8s/0': 'replica', 'postgresql-k8s/1': 'replica', 'postgresql-k8s/2': 'primary'}.values","time":{"start":1729301771383,"stop":1729302255782,"duration":484399}},{"uid":"320e4363ccaaa6c2","reportUrl":"../210//#testresult/320e4363ccaaa6c2","status":"failed","statusDetails":"AssertionError: assert 0 == 1\n +  where 0 = <built-in function countOf>(dict_values(['replica', 'replica', 'primary']), 'master')\n +    where <built-in function countOf> = operator.countOf\n +    and   dict_values(['replica', 'replica', 'primary']) = <built-in method values of dict object at 0x7f58ecd48480>()\n +      where <built-in method values of dict object at 0x7f58ecd48480> = {'postgresql-k8s/0': 'replica', 'postgresql-k8s/1': 'replica', 'postgresql-k8s/2': 'primary'}.values","time":{"start":1729215391990,"stop":1729215920166,"duration":528176}},{"uid":"628c179c41a88a16","reportUrl":"../209//#testresult/628c179c41a88a16","status":"failed","statusDetails":"AssertionError: assert 0 == 1\n +  where 0 = <built-in function countOf>(dict_values(['replica', 'replica', 'primary']), 'master')\n +    where <built-in function countOf> = operator.countOf\n +    and   dict_values(['replica', 'replica', 'primary']) = <built-in method values of dict object at 0x7fc526d69500>()\n +      where <built-in method values of dict object at 0x7fc526d69500> = {'postgresql-k8s/0': 'replica', 'postgresql-k8s/1': 'replica', 'postgresql-k8s/2': 'primary'}.values","time":{"start":1729129141100,"stop":1729129719173,"duration":578073}},{"uid":"9febb4e959f06e88","reportUrl":"../208//#testresult/9febb4e959f06e88","status":"failed","statusDetails":"AssertionError: assert 0 == 1\n +  where 0 = <built-in function countOf>(dict_values(['replica', 'replica', 'primary']), 'master')\n +    where <built-in function countOf> = operator.countOf\n +    and   dict_values(['replica', 'replica', 'primary']) = <built-in method values of dict object at 0x7f9d82788180>()\n +      where <built-in method values of dict object at 0x7f9d82788180> = {'postgresql-k8s/0': 'replica', 'postgresql-k8s/1': 'replica', 'postgresql-k8s/2': 'primary'}.values","time":{"start":1729042574227,"stop":1729043100214,"duration":525987}},{"uid":"4b18836783699207","reportUrl":"../207//#testresult/4b18836783699207","status":"failed","statusDetails":"AssertionError: assert 0 == 1\n +  where 0 = <built-in function countOf>(dict_values(['replica', 'replica', 'primary']), 'master')\n +    where <built-in function countOf> = operator.countOf\n +    and   dict_values(['replica', 'replica', 'primary']) = <built-in method values of dict object at 0x7f841e3181c0>()\n +      where <built-in method values of dict object at 0x7f841e3181c0> = {'postgresql-k8s/0': 'replica', 'postgresql-k8s/1': 'replica', 'postgresql-k8s/2': 'primary'}.values","time":{"start":1728956212501,"stop":1728956745213,"duration":532712}},{"uid":"cddf9a87d9839310","reportUrl":"../206//#testresult/cddf9a87d9839310","status":"failed","statusDetails":"AssertionError: assert 0 == 1\n +  where 0 = <built-in function countOf>(dict_values(['replica', 'replica', 'primary']), 'master')\n +    where <built-in function countOf> = operator.countOf\n +    and   dict_values(['replica', 'replica', 'primary']) = <built-in method values of dict object at 0x7fdc663918c0>()\n +      where <built-in method values of dict object at 0x7fdc663918c0> = {'postgresql-k8s/0': 'replica', 'postgresql-k8s/1': 'replica', 'postgresql-k8s/2': 'primary'}.values","time":{"start":1728869820002,"stop":1728870330851,"duration":510849}},{"uid":"adc7ed8fdb7b1c1a","reportUrl":"../205//#testresult/adc7ed8fdb7b1c1a","status":"failed","statusDetails":"AssertionError: assert 0 == 1\n +  where 0 = <built-in function countOf>(dict_values(['replica', 'replica', 'primary']), 'master')\n +    where <built-in function countOf> = operator.countOf\n +    and   dict_values(['replica', 'replica', 'primary']) = <built-in method values of dict object at 0x7f90ccbeb740>()\n +      where <built-in method values of dict object at 0x7f90ccbeb740> = {'postgresql-k8s/0': 'replica', 'postgresql-k8s/1': 'replica', 'postgresql-k8s/2': 'primary'}.values","time":{"start":1728783376402,"stop":1728783934121,"duration":557719}},{"uid":"ef0c1397b8521967","reportUrl":"../204//#testresult/ef0c1397b8521967","status":"failed","statusDetails":"AssertionError: assert 0 == 1\n +  where 0 = <built-in function countOf>(dict_values(['replica', 'replica', 'primary']), 'master')\n +    where <built-in function countOf> = operator.countOf\n +    and   dict_values(['replica', 'replica', 'primary']) = <built-in method values of dict object at 0x7fbda5fd6a00>()\n +      where <built-in method values of dict object at 0x7fbda5fd6a00> = {'postgresql-k8s/0': 'replica', 'postgresql-k8s/1': 'replica', 'postgresql-k8s/2': 'primary'}.values","time":{"start":1728696976807,"stop":1728697463466,"duration":486659}},{"uid":"e44b12173433a9bb","reportUrl":"../202//#testresult/e44b12173433a9bb","status":"failed","statusDetails":"AssertionError: assert 0 == 1\n +  where 0 = <built-in function countOf>(dict_values(['replica', 'replica', 'primary']), 'master')\n +    where <built-in function countOf> = operator.countOf\n +    and   dict_values(['replica', 'replica', 'primary']) = <built-in method values of dict object at 0x7fbd44df7c40>()\n +      where <built-in method values of dict object at 0x7fbd44df7c40> = {'postgresql-k8s/0': 'replica', 'postgresql-k8s/1': 'replica', 'postgresql-k8s/2': 'primary'}.values","time":{"start":1728610549181,"stop":1728611064415,"duration":515234}},{"uid":"80134d1fae1290ae","reportUrl":"../201//#testresult/80134d1fae1290ae","status":"failed","statusDetails":"AssertionError: assert 0 == 1\n +  where 0 = <built-in function countOf>(dict_values(['replica', 'replica', 'primary']), 'master')\n +    where <built-in function countOf> = operator.countOf\n +    and   dict_values(['replica', 'replica', 'primary']) = <built-in method values of dict object at 0x7f5e09f42f40>()\n +      where <built-in method values of dict object at 0x7f5e09f42f40> = {'postgresql-k8s/0': 'replica', 'postgresql-k8s/1': 'replica', 'postgresql-k8s/2': 'primary'}.values","time":{"start":1728524177945,"stop":1728524691667,"duration":513722}},{"uid":"23e212cff3de3864","reportUrl":"../200//#testresult/23e212cff3de3864","status":"failed","statusDetails":"AssertionError: assert 0 == 1\n +  where 0 = <built-in function countOf>(dict_values(['replica', 'replica', 'primary']), 'master')\n +    where <built-in function countOf> = operator.countOf\n +    and   dict_values(['replica', 'replica', 'primary']) = <built-in method values of dict object at 0x7f0cd531c980>()\n +      where <built-in method values of dict object at 0x7f0cd531c980> = {'postgresql-k8s/0': 'replica', 'postgresql-k8s/1': 'replica', 'postgresql-k8s/2': 'primary'}.values","time":{"start":1728437776903,"stop":1728438331752,"duration":554849}},{"uid":"98e25ced2f68b7d3","reportUrl":"../199//#testresult/98e25ced2f68b7d3","status":"failed","statusDetails":"AssertionError: assert 0 == 1\n +  where 0 = <built-in function countOf>(dict_values(['replica', 'replica', 'primary']), 'master')\n +    where <built-in function countOf> = operator.countOf\n +    and   dict_values(['replica', 'replica', 'primary']) = <built-in method values of dict object at 0x7fc8f00f5040>()\n +      where <built-in method values of dict object at 0x7fc8f00f5040> = {'postgresql-k8s/0': 'replica', 'postgresql-k8s/1': 'replica', 'postgresql-k8s/2': 'primary'}.values","time":{"start":1728351306943,"stop":1728351815549,"duration":508606}},{"uid":"35dcb5afe009680","reportUrl":"../198//#testresult/35dcb5afe009680","status":"failed","statusDetails":"AssertionError: assert 0 == 1\n +  where 0 = <built-in function countOf>(dict_values(['replica', 'replica', 'primary']), 'master')\n +    where <built-in function countOf> = operator.countOf\n +    and   dict_values(['replica', 'replica', 'primary']) = <built-in method values of dict object at 0x7f41ed745c00>()\n +      where <built-in method values of dict object at 0x7f41ed745c00> = {'postgresql-k8s/0': 'replica', 'postgresql-k8s/1': 'replica', 'postgresql-k8s/2': 'primary'}.values","time":{"start":1728264958313,"stop":1728265470663,"duration":512350}},{"uid":"1fcab773b4f273f0","reportUrl":"../197//#testresult/1fcab773b4f273f0","status":"failed","statusDetails":"AssertionError: assert 0 == 1\n +  where 0 = <built-in function countOf>(dict_values(['replica', 'replica', 'primary']), 'master')\n +    where <built-in function countOf> = operator.countOf\n +    and   dict_values(['replica', 'replica', 'primary']) = <built-in method values of dict object at 0x7f5465814340>()\n +      where <built-in method values of dict object at 0x7f5465814340> = {'postgresql-k8s/0': 'replica', 'postgresql-k8s/1': 'replica', 'postgresql-k8s/2': 'primary'}.values","time":{"start":1728178531449,"stop":1728179040108,"duration":508659}}]},"tags":["unstable","asyncio","@pytest.mark.skipif(False, reason='Requires amd64 architecture')","group(1)"]},"source":"bbb8a9dfdce73b3.json","parameterValues":[]}