[32mINFO    [0m integration.ha_tests.test_async_replication:test_async_replication.py:489 starting continuous writes to the database
[32mINFO    [0m integration.ha_tests.test_async_replication:test_async_replication.py:492 checking whether writes are increasing
[32mINFO    [0m httpx:_client.py:1038 HTTP Request: GET https://10.1.0.77:16443/api/v1/namespaces/test/pods/postgresql-k8s-0 "HTTP/1.1 200 OK"
[32mINFO    [0m httpx:_client.py:1038 HTTP Request: GET https://10.1.0.77:16443/api/v1/namespaces/test/pods/postgresql-k8s-2 "HTTP/1.1 200 OK"
[32mINFO    [0m httpx:_client.py:1038 HTTP Request: GET https://10.1.0.77:16443/api/v1/namespaces/test/pods/postgresql-k8s-0 "HTTP/1.1 200 OK"
[32mINFO    [0m httpx:_client.py:1038 HTTP Request: GET https://10.1.0.77:16443/api/v1/namespaces/test/pods/postgresql-k8s-2 "HTTP/1.1 200 OK"
[32mINFO    [0m httpx:_client.py:1038 HTTP Request: GET https://10.1.0.77:16443/api/v1/namespaces/test/pods/postgresql-k8s-0 "HTTP/1.1 200 OK"
[32mINFO    [0m httpx:_client.py:1038 HTTP Request: GET https://10.1.0.77:16443/api/v1/namespaces/test/pods/postgresql-k8s-2 "HTTP/1.1 200 OK"
[32mINFO    [0m integration.ha_tests.test_async_replication:test_async_replication.py:496 scaling out the first cluster
[32mINFO    [0m juju.model:model.py:2972 Waiting for model:
  postgresql-k8s (waiting for exactly 4 units, current : 3)
[32mINFO    [0m juju.model:model.py:2972 Waiting for model:
  postgresql-k8s/0 [idle] active: 
  postgresql-k8s/1 [idle] active: 
  postgresql-k8s/2 [executing] active: Primary
  postgresql-k8s/3 [executing] maintenance: installing charm software
[32mINFO    [0m juju.model:model.py:2972 Waiting for model:
  postgresql-k8s/0 [idle] active: 
  postgresql-k8s/1 [idle] active: 
  postgresql-k8s/2 [idle] active: Primary
  postgresql-k8s/3 [executing] waiting: awaiting for cluster to start
[32mINFO    [0m juju.model:model.py:2972 Waiting for model:
  postgresql-k8s/0 [executing] active: 
  postgresql-k8s/1 [executing] active: 
  postgresql-k8s/2 [idle] active: Primary
  postgresql-k8s/3 [executing] active: 
[32mINFO    [0m juju.model:model.py:2972 Waiting for model:
  postgresql-k8s/3 [executing] active: 
[32mINFO    [0m juju.model:model.py:2972 Waiting for model:
  postgresql-k8s/3 [idle] active: 
[32mINFO    [0m juju.model:model.py:2972 Waiting for model:
  postgresql-k8s/3 [idle] active: 
[32mINFO    [0m juju.model:model.py:2972 Waiting for model:
  postgresql-k8s/3 [idle] active: 
[32mINFO    [0m juju.model:model.py:2972 Waiting for model:
  postgresql-k8s/3 [idle] active: 
[32mINFO    [0m juju.model:model.py:2972 Waiting for model:
  postgresql-k8s/3 [idle] active: 
[32mINFO    [0m integration.ha_tests.test_async_replication:test_async_replication.py:500 checking whether writes are increasing
[32mINFO    [0m httpx:_client.py:1038 HTTP Request: GET https://10.1.0.77:16443/api/v1/namespaces/test/pods/postgresql-k8s-0 "HTTP/1.1 200 OK"
[32mINFO    [0m httpx:_client.py:1038 HTTP Request: GET https://10.1.0.77:16443/api/v1/namespaces/test/pods/postgresql-k8s-2 "HTTP/1.1 200 OK"
[32mINFO    [0m httpx:_client.py:1038 HTTP Request: GET https://10.1.0.77:16443/api/v1/namespaces/test-other/pods/postgresql-k8s-0 "HTTP/1.1 200 OK"
[32mINFO    [0m httpx:_client.py:1038 HTTP Request: GET https://10.1.0.77:16443/api/v1/namespaces/test/pods/postgresql-k8s-0 "HTTP/1.1 200 OK"
[32mINFO    [0m httpx:_client.py:1038 HTTP Request: GET https://10.1.0.77:16443/api/v1/namespaces/test/pods/postgresql-k8s-2 "HTTP/1.1 200 OK"
[32mINFO    [0m httpx:_client.py:1038 HTTP Request: GET https://10.1.0.77:16443/api/v1/namespaces/test-other/pods/postgresql-k8s-0 "HTTP/1.1 200 OK"
[32mINFO    [0m httpx:_client.py:1038 HTTP Request: GET https://10.1.0.77:16443/api/v1/namespaces/test/pods/postgresql-k8s-0 "HTTP/1.1 200 OK"
[32mINFO    [0m httpx:_client.py:1038 HTTP Request: GET https://10.1.0.77:16443/api/v1/namespaces/test/pods/postgresql-k8s-2 "HTTP/1.1 200 OK"
[32mINFO    [0m httpx:_client.py:1038 HTTP Request: GET https://10.1.0.77:16443/api/v1/namespaces/test-other/pods/postgresql-k8s-0 "HTTP/1.1 200 OK"
[32mINFO    [0m httpx:_client.py:1038 HTTP Request: GET https://10.1.0.77:16443/api/v1/namespaces/test/pods/postgresql-k8s-0 "HTTP/1.1 200 OK"
[32mINFO    [0m httpx:_client.py:1038 HTTP Request: GET https://10.1.0.77:16443/api/v1/namespaces/test/pods/postgresql-k8s-2 "HTTP/1.1 200 OK"
[32mINFO    [0m httpx:_client.py:1038 HTTP Request: GET https://10.1.0.77:16443/api/v1/namespaces/test-other/pods/postgresql-k8s-0 "HTTP/1.1 200 OK"
[32mINFO    [0m integration.ha_tests.test_async_replication:test_async_replication.py:503 scaling out the second cluster
[32mINFO    [0m juju.model:model.py:2972 Waiting for model:
  postgresql-k8s (waiting for exactly 4 units, current : 3)
[32mINFO    [0m juju.model:model.py:2972 Waiting for model:
  postgresql-k8s/0 [executing] active: Standby
  postgresql-k8s/1 [executing] active: 
  postgresql-k8s/2 [executing] active: 
  postgresql-k8s/3 [executing] maintenance: installing charm software
[32mINFO    [0m juju.model:model.py:2972 Waiting for model:
  postgresql-k8s/0 [idle] active: Standby
  postgresql-k8s/1 [idle] maintenance: reconfiguring cluster
  postgresql-k8s/2 [idle] active: 
  postgresql-k8s/3 [executing] waiting: awaiting for cluster to start
[32mINFO    [0m juju.model:model.py:2972 Waiting for model:
  postgresql-k8s/0 [idle] active: Standby
  postgresql-k8s/1 [idle] waiting: awaiting for member to start
  postgresql-k8s/2 [idle] waiting: awaiting for member to start
  postgresql-k8s/3 [idle] waiting: awaiting for cluster to start
[32mINFO    [0m juju.model:model.py:2972 Waiting for model:
  postgresql-k8s/0 [idle] active: Standby
  postgresql-k8s/1 [idle] active: 
  postgresql-k8s/2 [idle] active: 
  postgresql-k8s/3 [idle] waiting: awaiting for member to start
[32mINFO    [0m integration.ha_tests.test_async_replication:test_async_replication.py:509 checking whether writes are increasing
[32mINFO    [0m httpx:_client.py:1038 HTTP Request: GET https://10.1.0.77:16443/api/v1/namespaces/test/pods/postgresql-k8s-0 "HTTP/1.1 200 OK"
[32mINFO    [0m httpx:_client.py:1038 HTTP Request: GET https://10.1.0.77:16443/api/v1/namespaces/test/pods/postgresql-k8s-2 "HTTP/1.1 200 OK"
[32mINFO    [0m httpx:_client.py:1038 HTTP Request: GET https://10.1.0.77:16443/api/v1/namespaces/test-other/pods/postgresql-k8s-0 "HTTP/1.1 200 OK"
[32mINFO    [0m httpx:_client.py:1038 HTTP Request: GET https://10.1.0.77:16443/api/v1/namespaces/test/pods/postgresql-k8s-0 "HTTP/1.1 200 OK"
[32mINFO    [0m httpx:_client.py:1038 HTTP Request: GET https://10.1.0.77:16443/api/v1/namespaces/test/pods/postgresql-k8s-2 "HTTP/1.1 200 OK"
[32mINFO    [0m httpx:_client.py:1038 HTTP Request: GET https://10.1.0.77:16443/api/v1/namespaces/test-other/pods/postgresql-k8s-0 "HTTP/1.1 200 OK"
[32mINFO    [0m httpx:_client.py:1038 HTTP Request: GET https://10.1.0.77:16443/api/v1/namespaces/test/pods/postgresql-k8s-0 "HTTP/1.1 200 OK"
[32mINFO    [0m httpx:_client.py:1038 HTTP Request: GET https://10.1.0.77:16443/api/v1/namespaces/test/pods/postgresql-k8s-2 "HTTP/1.1 200 OK"
[32mINFO    [0m httpx:_client.py:1038 HTTP Request: GET https://10.1.0.77:16443/api/v1/namespaces/test-other/pods/postgresql-k8s-0 "HTTP/1.1 200 OK"
[32mINFO    [0m httpx:_client.py:1038 HTTP Request: GET https://10.1.0.77:16443/api/v1/namespaces/test/pods/postgresql-k8s-0 "HTTP/1.1 200 OK"
[32mINFO    [0m httpx:_client.py:1038 HTTP Request: GET https://10.1.0.77:16443/api/v1/namespaces/test/pods/postgresql-k8s-2 "HTTP/1.1 200 OK"
[32mINFO    [0m httpx:_client.py:1038 HTTP Request: GET https://10.1.0.77:16443/api/v1/namespaces/test-other/pods/postgresql-k8s-0 "HTTP/1.1 200 OK"
[32mINFO    [0m integration.ha_tests.test_async_replication:test_async_replication.py:512 scaling in the first cluster
[32mINFO    [0m juju.model:model.py:2972 Waiting for model:
  postgresql-k8s (waiting for exactly 3 units, current : 4)
[32mINFO    [0m juju.model:model.py:2972 Waiting for model:
  postgresql-k8s (waiting for exactly 3 units, current : 4)
[32mINFO    [0m juju.model:model.py:2972 Waiting for model:
  postgresql-k8s/0 [idle] active: 
  postgresql-k8s/1 [idle] active: 
  postgresql-k8s/2 [idle] active: Primary
[32mINFO    [0m integration.ha_tests.test_async_replication:test_async_replication.py:515 checking whether writes are increasing
[32mINFO    [0m httpx:_client.py:1038 HTTP Request: GET https://10.1.0.77:16443/api/v1/namespaces/test/pods/postgresql-k8s-0 "HTTP/1.1 200 OK"
[32mINFO    [0m httpx:_client.py:1038 HTTP Request: GET https://10.1.0.77:16443/api/v1/namespaces/test/pods/postgresql-k8s-2 "HTTP/1.1 200 OK"
[32mINFO    [0m httpx:_client.py:1038 HTTP Request: GET https://10.1.0.77:16443/api/v1/namespaces/test-other/pods/postgresql-k8s-0 "HTTP/1.1 200 OK"
[32mINFO    [0m httpx:_client.py:1038 HTTP Request: GET https://10.1.0.77:16443/api/v1/namespaces/test/pods/postgresql-k8s-0 "HTTP/1.1 200 OK"
[32mINFO    [0m httpx:_client.py:1038 HTTP Request: GET https://10.1.0.77:16443/api/v1/namespaces/test/pods/postgresql-k8s-2 "HTTP/1.1 200 OK"
[32mINFO    [0m httpx:_client.py:1038 HTTP Request: GET https://10.1.0.77:16443/api/v1/namespaces/test-other/pods/postgresql-k8s-0 "HTTP/1.1 200 OK"
[32mINFO    [0m httpx:_client.py:1038 HTTP Request: GET https://10.1.0.77:16443/api/v1/namespaces/test/pods/postgresql-k8s-0 "HTTP/1.1 200 OK"
[32mINFO    [0m httpx:_client.py:1038 HTTP Request: GET https://10.1.0.77:16443/api/v1/namespaces/test/pods/postgresql-k8s-2 "HTTP/1.1 200 OK"
[32mINFO    [0m httpx:_client.py:1038 HTTP Request: GET https://10.1.0.77:16443/api/v1/namespaces/test-other/pods/postgresql-k8s-0 "HTTP/1.1 200 OK"
[32mINFO    [0m httpx:_client.py:1038 HTTP Request: GET https://10.1.0.77:16443/api/v1/namespaces/test/pods/postgresql-k8s-0 "HTTP/1.1 200 OK"
[32mINFO    [0m httpx:_client.py:1038 HTTP Request: GET https://10.1.0.77:16443/api/v1/namespaces/test/pods/postgresql-k8s-2 "HTTP/1.1 200 OK"
[32mINFO    [0m httpx:_client.py:1038 HTTP Request: GET https://10.1.0.77:16443/api/v1/namespaces/test-other/pods/postgresql-k8s-0 "HTTP/1.1 200 OK"
[32mINFO    [0m integration.ha_tests.test_async_replication:test_async_replication.py:518 scaling in the second cluster
[32mINFO    [0m juju.model:model.py:2972 Waiting for model:
  postgresql-k8s (waiting for exactly 3 units, current : 4)
[32mINFO    [0m juju.model:model.py:2972 Waiting for model:
  postgresql-k8s (waiting for exactly 3 units, current : 4)
[32mINFO    [0m juju.model:model.py:2972 Waiting for model:
  postgresql-k8s (waiting for exactly 3 units, current : 4)
[32mINFO    [0m integration.ha_tests.test_async_replication:test_async_replication.py:523 checking whether writes are increasing
[32mINFO    [0m httpx:_client.py:1038 HTTP Request: GET https://10.1.0.77:16443/api/v1/namespaces/test/pods/postgresql-k8s-0 "HTTP/1.1 200 OK"
[32mINFO    [0m httpx:_client.py:1038 HTTP Request: GET https://10.1.0.77:16443/api/v1/namespaces/test/pods/postgresql-k8s-2 "HTTP/1.1 200 OK"
[32mINFO    [0m httpx:_client.py:1038 HTTP Request: GET https://10.1.0.77:16443/api/v1/namespaces/test-other/pods/postgresql-k8s-0 "HTTP/1.1 200 OK"
[32mINFO    [0m httpx:_client.py:1038 HTTP Request: GET https://10.1.0.77:16443/api/v1/namespaces/test/pods/postgresql-k8s-0 "HTTP/1.1 200 OK"
[32mINFO    [0m httpx:_client.py:1038 HTTP Request: GET https://10.1.0.77:16443/api/v1/namespaces/test/pods/postgresql-k8s-2 "HTTP/1.1 200 OK"
[32mINFO    [0m httpx:_client.py:1038 HTTP Request: GET https://10.1.0.77:16443/api/v1/namespaces/test-other/pods/postgresql-k8s-0 "HTTP/1.1 200 OK"
[32mINFO    [0m httpx:_client.py:1038 HTTP Request: GET https://10.1.0.77:16443/api/v1/namespaces/test/pods/postgresql-k8s-0 "HTTP/1.1 200 OK"
[32mINFO    [0m httpx:_client.py:1038 HTTP Request: GET https://10.1.0.77:16443/api/v1/namespaces/test/pods/postgresql-k8s-2 "HTTP/1.1 200 OK"
[32mINFO    [0m httpx:_client.py:1038 HTTP Request: GET https://10.1.0.77:16443/api/v1/namespaces/test-other/pods/postgresql-k8s-0 "HTTP/1.1 200 OK"
[32mINFO    [0m httpx:_client.py:1038 HTTP Request: GET https://10.1.0.77:16443/api/v1/namespaces/test/pods/postgresql-k8s-0 "HTTP/1.1 200 OK"
[32mINFO    [0m httpx:_client.py:1038 HTTP Request: GET https://10.1.0.77:16443/api/v1/namespaces/test/pods/postgresql-k8s-2 "HTTP/1.1 200 OK"
[32mINFO    [0m httpx:_client.py:1038 HTTP Request: GET https://10.1.0.77:16443/api/v1/namespaces/test-other/pods/postgresql-k8s-0 "HTTP/1.1 200 OK"
[32mINFO    [0m integration.ha_tests.test_async_replication:test_async_replication.py:528 checking whether no writes were lost
[32mINFO    [0m httpx:_client.py:1038 HTTP Request: GET https://10.1.0.77:16443/api/v1/namespaces/test/pods/postgresql-k8s-0 "HTTP/1.1 200 OK"
[32mINFO    [0m httpx:_client.py:1038 HTTP Request: GET https://10.1.0.77:16443/api/v1/namespaces/test/pods/postgresql-k8s-2 "HTTP/1.1 200 OK"
[32mINFO    [0m httpx:_client.py:1038 HTTP Request: GET https://10.1.0.77:16443/api/v1/namespaces/test-other/pods/postgresql-k8s-0 "HTTP/1.1 200 OK"
[32mINFO    [0m integration.ha_tests.test_async_replication:test_async_replication.py:86 Destroying second model
[32mINFO    [0m pytest_operator.plugin:plugin.py:903 Model status:

Model  Controller          Cloud/Region        Version  SLA          Timestamp
test   microk8s-localhost  microk8s/localhost  3.4.5    unsupported  02:06:14Z

App                  Version  Status  Scale  Charm                Channel      Rev  Address        Exposed  Message
postgresql-k8s       14.13    active      3  postgresql-k8s                      0  10.152.183.76  no       Primary
postgresql-test-app           active      1  postgresql-test-app  latest/edge  269  10.152.183.45  no       received database credentials of the first database

Unit                    Workload  Agent      Address       Ports  Message
postgresql-k8s/0        active    executing  10.1.152.204         
postgresql-k8s/1        active    executing  10.1.152.215         
postgresql-k8s/2*       active    executing  10.1.152.205         Primary
postgresql-test-app/0*  active    idle       10.1.152.213         received database credentials of the first database

Offer              Application     Charm           Rev  Connected  Endpoint           Interface         Role
replication        postgresql-k8s  postgresql-k8s  0    0/0        replication        postgresql_async  requirer
replication-offer  postgresql-k8s  postgresql-k8s  0    1/1        replication-offer  postgresql_async  provider

[32mINFO    [0m pytest_operator.plugin:plugin.py:909 Juju error logs:

unit-postgresql-k8s-0: 01:33:01 ERROR unit.postgresql-k8s/0.juju-log upgrade:0: Uncaught exception while in charm code:
Traceback (most recent call last):
  File "/var/lib/juju/agents/unit-postgresql-k8s-0/charm/venv/websocket/_socket.py", line 118, in recv
    bytes_ = _recv()
  File "/var/lib/juju/agents/unit-postgresql-k8s-0/charm/venv/websocket/_socket.py", line 97, in _recv
    return sock.recv(bufsize)
TimeoutError: timed out

During handling of the above exception, another exception occurred:

Traceback (most recent call last):
  File "/var/lib/juju/agents/unit-postgresql-k8s-0/charm/venv/ops/pebble.py", line 2890, in exec
    control_ws = self._connect_websocket(task_id, 'control')
  File "/var/lib/juju/agents/unit-postgresql-k8s-0/charm/venv/ops/pebble.py", line 2978, in _connect_websocket
    ws.connect(url, socket=sock)
  File "/var/lib/juju/agents/unit-postgresql-k8s-0/charm/venv/websocket/_core.py", line 261, in connect
    self.handshake_response = handshake(self.sock, url, *addrs, **options)
  File "/var/lib/juju/agents/unit-postgresql-k8s-0/charm/venv/websocket/_handshake.py", line 65, in handshake
    status, resp = _get_resp_headers(sock)
  File "/var/lib/juju/agents/unit-postgresql-k8s-0/charm/venv/websocket/_handshake.py", line 141, in _get_resp_headers
    status, resp_headers, status_message = read_headers(sock)
  File "/var/lib/juju/agents/unit-postgresql-k8s-0/charm/venv/websocket/_http.py", line 351, in read_headers
    line = recv_line(sock)
  File "/var/lib/juju/agents/unit-postgresql-k8s-0/charm/venv/websocket/_socket.py", line 140, in recv_line
    c = recv(sock, 1)
  File "/var/lib/juju/agents/unit-postgresql-k8s-0/charm/venv/websocket/_socket.py", line 120, in recv
    raise WebSocketTimeoutException("Connection timed out")
websocket._exceptions.WebSocketTimeoutException: Connection timed out

The above exception was the direct cause of the following exception:

Traceback (most recent call last):
  File "/var/lib/juju/agents/unit-postgresql-k8s-0/charm/./src/charm.py", line 2202, in <module>
    main(PostgresqlOperatorCharm, use_juju_for_storage=True)
  File "/var/lib/juju/agents/unit-postgresql-k8s-0/charm/venv/ops/main.py", line 553, in main
    manager.run()
  File "/var/lib/juju/agents/unit-postgresql-k8s-0/charm/venv/ops/main.py", line 529, in run
    self._emit()
  File "/var/lib/juju/agents/unit-postgresql-k8s-0/charm/venv/ops/main.py", line 515, in _emit
    self.framework.reemit()
  File "/var/lib/juju/agents/unit-postgresql-k8s-0/charm/venv/ops/framework.py", line 863, in reemit
    self._reemit()
  File "/var/lib/juju/agents/unit-postgresql-k8s-0/charm/venv/ops/framework.py", line 943, in _reemit
    custom_handler(event)
  File "/var/lib/juju/agents/unit-postgresql-k8s-0/charm/lib/charms/tempo_k8s/v1/charm_tracing.py", line 735, in wrapped_function
    return callable(*args, **kwargs)  # type: ignore
  File "/var/lib/juju/agents/unit-postgresql-k8s-0/charm/./src/charm.py", line 914, in _on_postgresql_pebble_ready
    self._create_pgdata(container)
  File "/var/lib/juju/agents/unit-postgresql-k8s-0/charm/lib/charms/tempo_k8s/v1/charm_tracing.py", line 735, in wrapped_function
    return callable(*args, **kwargs)  # type: ignore
  File "/var/lib/juju/agents/unit-postgresql-k8s-0/charm/./src/charm.py", line 890, in _create_pgdata
    container.exec([
  File "/var/lib/juju/agents/unit-postgresql-k8s-0/charm/venv/ops/model.py", line 2890, in exec
    return self._pebble.exec(
  File "/var/lib/juju/agents/unit-postgresql-k8s-0/charm/venv/ops/pebble.py", line 2899, in exec
    raise ChangeError(change.err, change) from e
ops.pebble.ChangeError: cannot perform the following tasks:
- exec command "chown" (exec 17: timeout waiting for websocket connections: context deadline exceeded)
----- Logs from task 0 -----
2024-10-21T01:33:01Z ERROR exec 17: timeout waiting for websocket connections: context deadline exceeded
-----
unit-postgresql-k8s-0: 01:33:01 ERROR juju.worker.uniter.operation hook "upgrade-relation-joined" (via hook dispatching script: dispatch) failed: exit status 1
unit-postgresql-k8s-1: 01:52:02 ERROR unit.postgresql-k8s/1.juju-log Cluster upgrade failed, ensure pre-upgrade checks are ran first.
unit-postgresql-k8s-2: 02:03:53 ERROR unit.postgresql-k8s/2.juju-log Kubernetes service get failed: services "postgresql-k8s" not found
unit-postgresql-k8s-2: 02:03:53 ERROR unit.postgresql-k8s/2.juju-log Kubernetes service patch failed: services "postgresql-k8s" not found
unit-postgresql-k8s-1: 02:03:53 ERROR unit.postgresql-k8s/1.juju-log Kubernetes service get failed: services "postgresql-k8s" not found
unit-postgresql-k8s-1: 02:03:53 ERROR unit.postgresql-k8s/1.juju-log Kubernetes service patch failed: services "postgresql-k8s" not found
unit-postgresql-k8s-0: 02:03:59 ERROR unit.postgresql-k8s/0.juju-log Kubernetes service get failed: services "postgresql-k8s" not found
unit-postgresql-k8s-0: 02:03:59 ERROR unit.postgresql-k8s/0.juju-log Kubernetes service patch failed: services "postgresql-k8s" not found
unit-postgresql-k8s-1: 02:04:01 ERROR unit.postgresql-k8s/1.juju-log Kubernetes service get failed: services "postgresql-k8s" not found
unit-postgresql-k8s-1: 02:04:01 ERROR unit.postgresql-k8s/1.juju-log Kubernetes service patch failed: services "postgresql-k8s" not found
unit-postgresql-k8s-2: 02:04:02 ERROR unit.postgresql-k8s/2.juju-log Kubernetes service get failed: services "postgresql-k8s" not found
unit-postgresql-k8s-2: 02:04:02 ERROR unit.postgresql-k8s/2.juju-log Kubernetes service patch failed: services "postgresql-k8s" not found
unit-postgresql-k8s-0: 02:04:09 ERROR unit.postgresql-k8s/0.juju-log Kubernetes service get failed: services "postgresql-k8s" not found
unit-postgresql-k8s-0: 02:04:09 ERROR unit.postgresql-k8s/0.juju-log Kubernetes service patch failed: services "postgresql-k8s" not found
unit-postgresql-k8s-1: 02:04:11 ERROR unit.postgresql-k8s/1.juju-log Kubernetes service get failed: services "postgresql-k8s" not found
unit-postgresql-k8s-1: 02:04:11 ERROR unit.postgresql-k8s/1.juju-log Kubernetes service patch failed: services "postgresql-k8s" not found
unit-postgresql-k8s-2: 02:04:12 ERROR unit.postgresql-k8s/2.juju-log Kubernetes service get failed: services "postgresql-k8s" not found
unit-postgresql-k8s-2: 02:04:12 ERROR unit.postgresql-k8s/2.juju-log Kubernetes service patch failed: services "postgresql-k8s" not found
unit-postgresql-k8s-0: 02:04:18 ERROR unit.postgresql-k8s/0.juju-log Kubernetes service get failed: services "postgresql-k8s" not found
unit-postgresql-k8s-0: 02:04:18 ERROR unit.postgresql-k8s/0.juju-log Kubernetes service patch failed: services "postgresql-k8s" not found
unit-postgresql-k8s-1: 02:04:23 ERROR unit.postgresql-k8s/1.juju-log Kubernetes service get failed: services "postgresql-k8s" not found
unit-postgresql-k8s-1: 02:04:23 ERROR unit.postgresql-k8s/1.juju-log Kubernetes service patch failed: services "postgresql-k8s" not found
unit-postgresql-k8s-2: 02:04:24 ERROR unit.postgresql-k8s/2.juju-log Kubernetes service get failed: services "postgresql-k8s" not found
unit-postgresql-k8s-2: 02:04:24 ERROR unit.postgresql-k8s/2.juju-log Kubernetes service patch failed: services "postgresql-k8s" not found
unit-postgresql-k8s-0: 02:04:30 ERROR unit.postgresql-k8s/0.juju-log Kubernetes service get failed: services "postgresql-k8s" not found
unit-postgresql-k8s-0: 02:04:30 ERROR unit.postgresql-k8s/0.juju-log Kubernetes service patch failed: services "postgresql-k8s" not found
unit-postgresql-k8s-1: 02:04:32 ERROR unit.postgresql-k8s/1.juju-log Kubernetes service get failed: services "postgresql-k8s" not found
unit-postgresql-k8s-1: 02:04:32 ERROR unit.postgresql-k8s/1.juju-log Kubernetes service patch failed: services "postgresql-k8s" not found
unit-postgresql-k8s-2: 02:04:35 ERROR unit.postgresql-k8s/2.juju-log Kubernetes service get failed: services "postgresql-k8s" not found
unit-postgresql-k8s-2: 02:04:35 ERROR unit.postgresql-k8s/2.juju-log Kubernetes service patch failed: services "postgresql-k8s" not found
unit-postgresql-k8s-1: 02:04:42 ERROR unit.postgresql-k8s/1.juju-log Kubernetes service get failed: services "postgresql-k8s" not found
unit-postgresql-k8s-1: 02:04:42 ERROR unit.postgresql-k8s/1.juju-log Kubernetes service patch failed: services "postgresql-k8s" not found
unit-postgresql-k8s-0: 02:04:43 ERROR unit.postgresql-k8s/0.juju-log Kubernetes service get failed: services "postgresql-k8s" not found
unit-postgresql-k8s-0: 02:04:43 ERROR unit.postgresql-k8s/0.juju-log Kubernetes service patch failed: services "postgresql-k8s" not found
unit-postgresql-k8s-2: 02:04:45 ERROR unit.postgresql-k8s/2.juju-log Kubernetes service get failed: services "postgresql-k8s" not found
unit-postgresql-k8s-2: 02:04:45 ERROR unit.postgresql-k8s/2.juju-log Kubernetes service patch failed: services "postgresql-k8s" not found
unit-postgresql-k8s-1: 02:04:48 ERROR unit.postgresql-k8s/1.juju-log Kubernetes service get failed: services "postgresql-k8s" not found
unit-postgresql-k8s-1: 02:04:48 ERROR unit.postgresql-k8s/1.juju-log Kubernetes service patch failed: services "postgresql-k8s" not found
unit-postgresql-k8s-0: 02:04:49 ERROR unit.postgresql-k8s/0.juju-log Kubernetes service get failed: services "postgresql-k8s" not found
unit-postgresql-k8s-0: 02:04:49 ERROR unit.postgresql-k8s/0.juju-log Kubernetes service patch failed: services "postgresql-k8s" not found
unit-postgresql-k8s-2: 02:04:52 ERROR unit.postgresql-k8s/2.juju-log Kubernetes service get failed: services "postgresql-k8s" not found
unit-postgresql-k8s-2: 02:04:52 ERROR unit.postgresql-k8s/2.juju-log Kubernetes service patch failed: services "postgresql-k8s" not found
unit-postgresql-k8s-1: 02:04:57 ERROR unit.postgresql-k8s/1.juju-log Kubernetes service get failed: services "postgresql-k8s" not found
unit-postgresql-k8s-1: 02:04:57 ERROR unit.postgresql-k8s/1.juju-log Kubernetes service patch failed: services "postgresql-k8s" not found
unit-postgresql-k8s-0: 02:05:01 ERROR unit.postgresql-k8s/0.juju-log Kubernetes service get failed: services "postgresql-k8s" not found
unit-postgresql-k8s-0: 02:05:01 ERROR unit.postgresql-k8s/0.juju-log Kubernetes service patch failed: services "postgresql-k8s" not found
unit-postgresql-k8s-2: 02:05:03 ERROR unit.postgresql-k8s/2.juju-log Kubernetes service get failed: services "postgresql-k8s" not found
unit-postgresql-k8s-2: 02:05:03 ERROR unit.postgresql-k8s/2.juju-log Kubernetes service patch failed: services "postgresql-k8s" not found
unit-postgresql-k8s-1: 02:05:06 ERROR unit.postgresql-k8s/1.juju-log Kubernetes service get failed: services "postgresql-k8s" not found
unit-postgresql-k8s-1: 02:05:06 ERROR unit.postgresql-k8s/1.juju-log Kubernetes service patch failed: services "postgresql-k8s" not found
unit-postgresql-k8s-2: 02:05:11 ERROR unit.postgresql-k8s/2.juju-log Kubernetes service get failed: services "postgresql-k8s" not found
unit-postgresql-k8s-2: 02:05:11 ERROR unit.postgresql-k8s/2.juju-log Kubernetes service patch failed: services "postgresql-k8s" not found
unit-postgresql-k8s-0: 02:05:11 ERROR unit.postgresql-k8s/0.juju-log Kubernetes service get failed: services "postgresql-k8s" not found
unit-postgresql-k8s-0: 02:05:11 ERROR unit.postgresql-k8s/0.juju-log Kubernetes service patch failed: services "postgresql-k8s" not found
unit-postgresql-k8s-1: 02:05:14 ERROR unit.postgresql-k8s/1.juju-log Kubernetes service get failed: services "postgresql-k8s" not found
unit-postgresql-k8s-1: 02:05:14 ERROR unit.postgresql-k8s/1.juju-log Kubernetes service patch failed: services "postgresql-k8s" not found
unit-postgresql-k8s-2: 02:05:22 ERROR unit.postgresql-k8s/2.juju-log Kubernetes service get failed: services "postgresql-k8s" not found
unit-postgresql-k8s-2: 02:05:22 ERROR unit.postgresql-k8s/2.juju-log Kubernetes service patch failed: services "postgresql-k8s" not found
unit-postgresql-k8s-0: 02:05:22 ERROR unit.postgresql-k8s/0.juju-log Kubernetes service get failed: services "postgresql-k8s" not found
unit-postgresql-k8s-0: 02:05:22 ERROR unit.postgresql-k8s/0.juju-log Kubernetes service patch failed: services "postgresql-k8s" not found
unit-postgresql-k8s-1: 02:05:25 ERROR unit.postgresql-k8s/1.juju-log Kubernetes service get failed: services "postgresql-k8s" not found
unit-postgresql-k8s-1: 02:05:25 ERROR unit.postgresql-k8s/1.juju-log Kubernetes service patch failed: services "postgresql-k8s" not found
unit-postgresql-k8s-0: 02:05:32 ERROR unit.postgresql-k8s/0.juju-log Kubernetes service get failed: services "postgresql-k8s" not found
unit-postgresql-k8s-0: 02:05:32 ERROR unit.postgresql-k8s/0.juju-log Kubernetes service patch failed: services "postgresql-k8s" not found
unit-postgresql-k8s-2: 02:05:33 ERROR unit.postgresql-k8s/2.juju-log Kubernetes service get failed: services "postgresql-k8s" not found
unit-postgresql-k8s-2: 02:05:33 ERROR unit.postgresql-k8s/2.juju-log Kubernetes service patch failed: services "postgresql-k8s" not found
unit-postgresql-k8s-1: 02:05:37 ERROR unit.postgresql-k8s/1.juju-log Kubernetes service get failed: services "postgresql-k8s" not found
unit-postgresql-k8s-1: 02:05:37 ERROR unit.postgresql-k8s/1.juju-log Kubernetes service patch failed: services "postgresql-k8s" not found
unit-postgresql-k8s-0: 02:05:42 ERROR unit.postgresql-k8s/0.juju-log Kubernetes service get failed: services "postgresql-k8s" not found
unit-postgresql-k8s-0: 02:05:42 ERROR unit.postgresql-k8s/0.juju-log Kubernetes service patch failed: services "postgresql-k8s" not found
unit-postgresql-k8s-2: 02:05:42 ERROR unit.postgresql-k8s/2.juju-log Kubernetes service get failed: services "postgresql-k8s" not found
unit-postgresql-k8s-2: 02:05:42 ERROR unit.postgresql-k8s/2.juju-log Kubernetes service patch failed: services "postgresql-k8s" not found
unit-postgresql-k8s-1: 02:05:46 ERROR unit.postgresql-k8s/1.juju-log Kubernetes service get failed: services "postgresql-k8s" not found
unit-postgresql-k8s-1: 02:05:46 ERROR unit.postgresql-k8s/1.juju-log Kubernetes service patch failed: services "postgresql-k8s" not found
unit-postgresql-k8s-2: 02:05:52 ERROR unit.postgresql-k8s/2.juju-log Kubernetes service get failed: services "postgresql-k8s" not found
unit-postgresql-k8s-2: 02:05:52 ERROR unit.postgresql-k8s/2.juju-log Kubernetes service patch failed: services "postgresql-k8s" not found
unit-postgresql-k8s-0: 02:05:53 ERROR unit.postgresql-k8s/0.juju-log Kubernetes service get failed: services "postgresql-k8s" not found
unit-postgresql-k8s-0: 02:05:53 ERROR unit.postgresql-k8s/0.juju-log Kubernetes service patch failed: services "postgresql-k8s" not found
unit-postgresql-k8s-1: 02:05:56 ERROR unit.postgresql-k8s/1.juju-log Kubernetes service get failed: services "postgresql-k8s" not found
unit-postgresql-k8s-1: 02:05:56 ERROR unit.postgresql-k8s/1.juju-log Kubernetes service patch failed: services "postgresql-k8s" not found
unit-postgresql-k8s-2: 02:06:03 ERROR unit.postgresql-k8s/2.juju-log Kubernetes service get failed: services "postgresql-k8s" not found
unit-postgresql-k8s-2: 02:06:03 ERROR unit.postgresql-k8s/2.juju-log Kubernetes service patch failed: services "postgresql-k8s" not found
unit-postgresql-k8s-0: 02:06:04 ERROR unit.postgresql-k8s/0.juju-log Kubernetes service get failed: services "postgresql-k8s" not found
unit-postgresql-k8s-0: 02:06:04 ERROR unit.postgresql-k8s/0.juju-log Kubernetes service patch failed: services "postgresql-k8s" not found

[32mINFO    [0m pytest_operator.plugin:plugin.py:991 Forgetting model main...