[32mINFO    [0m juju.model:model.py:2098 Deploying local:jammy/postgresql-k8s-1
[32mINFO    [0m juju.model:model.py:2972 Waiting for model:
  second-postgresql-k8s/0 [allocating] waiting: installing agent
  second-postgresql-k8s/1 [allocating] waiting: installing agent
[32mINFO    [0m juju.model:model.py:2972 Waiting for model:
  second-postgresql-k8s/0 [executing] waiting: awaiting for cluster to start
  second-postgresql-k8s/1 [executing] maintenance: installing charm software
[32mINFO    [0m juju.model:model.py:2972 Waiting for model:
  second-postgresql-k8s/0 [executing] waiting: awaiting for primary endpoint to be ready
  second-postgresql-k8s/1 [executing] unknown: 
[32mINFO    [0m juju.model:model.py:2972 Waiting for model:
  second-postgresql-k8s/0 [executing] waiting: awaiting for primary endpoint to be ready
  second-postgresql-k8s/1 [idle] unknown: 
[32mINFO    [0m juju.model:model.py:2972 Waiting for model:
  second-postgresql-k8s/0 [idle] waiting: awaiting for primary endpoint to be ready
  second-postgresql-k8s/1 [idle] unknown: 
[32mINFO    [0m juju.model:model.py:2972 Waiting for model:
  second-postgresql-k8s/0 [idle] active: Primary
  second-postgresql-k8s/1 [idle] unknown: 
[32mINFO    [0m juju.model:model.py:2972 Waiting for model:
  second-postgresql-k8s/0 [executing] active: Primary
  second-postgresql-k8s/1 [idle] waiting: awaiting for cluster to start
[32mINFO    [0m juju.model:model.py:2972 Waiting for model:
  second-postgresql-k8s/0 [idle] maintenance: reconfiguring cluster
  second-postgresql-k8s/1 [idle] waiting: awaiting for cluster to start
[32mINFO    [0m juju.model:model.py:2972 Waiting for model:
  second-postgresql-k8s/0 [idle] active: Primary
  second-postgresql-k8s/1 [idle] waiting: awaiting for member to start
[32mINFO    [0m juju.model:model.py:2972 Waiting for model:
  second-postgresql-k8s/0 [idle] active: Primary
  second-postgresql-k8s/1 [idle] waiting: awaiting for member to start
[32mINFO    [0m juju.model:model.py:2972 Waiting for model:
  second-postgresql-k8s/0 [idle] active: Primary
  second-postgresql-k8s/1 [idle] waiting: awaiting for member to start
[32mINFO    [0m juju.model:model.py:2972 Waiting for model:
  second-postgresql-k8s/0 [idle] active: Primary
  second-postgresql-k8s/1 [idle] waiting: awaiting for member to start
[32mINFO    [0m juju.model:model.py:2972 Waiting for model:
  second-postgresql-k8s/0 [idle] active: Primary
  second-postgresql-k8s/1 [idle] waiting: awaiting for member to start
[32mINFO    [0m juju.model:model.py:2972 Waiting for model:
  second-postgresql-k8s/0 [idle] active: Primary
  second-postgresql-k8s/1 [idle] active: 
[32mINFO    [0m httpx:_client.py:1038 HTTP Request: GET https://10.1.0.86:16443/api/v1/namespaces/test/pods/postgresql-k8s-1 "HTTP/1.1 200 OK"
[32mINFO    [0m httpx:_client.py:1038 HTTP Request: GET https://10.1.0.86:16443/api/v1/namespaces/test/pods/postgresql-k8s-1 "HTTP/1.1 200 OK"
[32mINFO    [0m httpx:_client.py:1038 HTTP Request: GET https://10.1.0.86:16443/api/v1/namespaces/test/pods/postgresql-k8s-0 "HTTP/1.1 200 OK"
[32mINFO    [0m httpx:_client.py:1038 HTTP Request: GET https://10.1.0.86:16443/api/v1/namespaces/test/pods/postgresql-k8s-1 "HTTP/1.1 200 OK"
[32mINFO    [0m pytest_operator.plugin:plugin.py:903 Model status:

Model  Controller          Cloud/Region        Version  SLA          Timestamp
test   microk8s-localhost  microk8s/localhost  3.4.5    unsupported  01:46:37Z

App                    Version  Status  Scale  Charm                Channel      Rev  Address         Exposed  Message
postgresql-k8s         14.13    active      3  postgresql-k8s                      0  10.152.183.221  no       
postgresql-test-app             active      1  postgresql-test-app  latest/edge  271  10.152.183.175  no       received database credentials of the first database
second-postgresql-k8s  14.13    active      2  postgresql-k8s                      1  10.152.183.149  no       

Unit                      Workload  Agent  Address      Ports  Message
postgresql-k8s/0          active    idle   10.1.66.203         Primary
postgresql-k8s/1          active    idle   10.1.66.205         
postgresql-k8s/2*         active    idle   10.1.66.207         
postgresql-test-app/0*    active    idle   10.1.66.206         received database credentials of the first database
second-postgresql-k8s/0*  active    idle   10.1.66.210         Primary
second-postgresql-k8s/1   active    idle   10.1.66.211         

[32mINFO    [0m pytest_operator.plugin:plugin.py:909 Juju error logs:

unit-postgresql-k8s-1: 01:34:25 ERROR unit.postgresql-k8s/1.juju-log pgdata folder not found in /var/lib/postgresql/data/pgdata
unit-postgresql-k8s-0: 01:34:25 ERROR unit.postgresql-k8s/0.juju-log pgdata folder not found in /var/lib/postgresql/data/pgdata
unit-postgresql-k8s-1: 01:34:41 ERROR unit.postgresql-k8s/1.juju-log Uncaught exception while in charm code:
Traceback (most recent call last):
  File "/var/lib/juju/agents/unit-postgresql-k8s-1/charm/venv/websocket/_socket.py", line 118, in recv
    bytes_ = _recv()
  File "/var/lib/juju/agents/unit-postgresql-k8s-1/charm/venv/websocket/_socket.py", line 97, in _recv
    return sock.recv(bufsize)
TimeoutError: timed out

During handling of the above exception, another exception occurred:

Traceback (most recent call last):
  File "/var/lib/juju/agents/unit-postgresql-k8s-1/charm/venv/ops/pebble.py", line 2890, in exec
    control_ws = self._connect_websocket(task_id, 'control')
  File "/var/lib/juju/agents/unit-postgresql-k8s-1/charm/venv/ops/pebble.py", line 2978, in _connect_websocket
    ws.connect(url, socket=sock)
  File "/var/lib/juju/agents/unit-postgresql-k8s-1/charm/venv/websocket/_core.py", line 261, in connect
    self.handshake_response = handshake(self.sock, url, *addrs, **options)
  File "/var/lib/juju/agents/unit-postgresql-k8s-1/charm/venv/websocket/_handshake.py", line 65, in handshake
    status, resp = _get_resp_headers(sock)
  File "/var/lib/juju/agents/unit-postgresql-k8s-1/charm/venv/websocket/_handshake.py", line 141, in _get_resp_headers
    status, resp_headers, status_message = read_headers(sock)
  File "/var/lib/juju/agents/unit-postgresql-k8s-1/charm/venv/websocket/_http.py", line 351, in read_headers
    line = recv_line(sock)
  File "/var/lib/juju/agents/unit-postgresql-k8s-1/charm/venv/websocket/_socket.py", line 140, in recv_line
    c = recv(sock, 1)
  File "/var/lib/juju/agents/unit-postgresql-k8s-1/charm/venv/websocket/_socket.py", line 120, in recv
    raise WebSocketTimeoutException("Connection timed out")
websocket._exceptions.WebSocketTimeoutException: Connection timed out

The above exception was the direct cause of the following exception:

Traceback (most recent call last):
  File "/var/lib/juju/agents/unit-postgresql-k8s-1/charm/./src/charm.py", line 2202, in <module>
    main(PostgresqlOperatorCharm, use_juju_for_storage=True)
  File "/var/lib/juju/agents/unit-postgresql-k8s-1/charm/venv/ops/main.py", line 553, in main
    manager.run()
  File "/var/lib/juju/agents/unit-postgresql-k8s-1/charm/venv/ops/main.py", line 529, in run
    self._emit()
  File "/var/lib/juju/agents/unit-postgresql-k8s-1/charm/venv/ops/main.py", line 515, in _emit
    self.framework.reemit()
  File "/var/lib/juju/agents/unit-postgresql-k8s-1/charm/venv/ops/framework.py", line 863, in reemit
    self._reemit()
  File "/var/lib/juju/agents/unit-postgresql-k8s-1/charm/venv/ops/framework.py", line 943, in _reemit
    custom_handler(event)
  File "/var/lib/juju/agents/unit-postgresql-k8s-1/charm/lib/charms/tempo_k8s/v1/charm_tracing.py", line 735, in wrapped_function
    return callable(*args, **kwargs)  # type: ignore
  File "/var/lib/juju/agents/unit-postgresql-k8s-1/charm/./src/charm.py", line 914, in _on_postgresql_pebble_ready
    self._create_pgdata(container)
  File "/var/lib/juju/agents/unit-postgresql-k8s-1/charm/lib/charms/tempo_k8s/v1/charm_tracing.py", line 735, in wrapped_function
    return callable(*args, **kwargs)  # type: ignore
  File "/var/lib/juju/agents/unit-postgresql-k8s-1/charm/./src/charm.py", line 890, in _create_pgdata
    container.exec([
  File "/var/lib/juju/agents/unit-postgresql-k8s-1/charm/venv/ops/model.py", line 2890, in exec
    return self._pebble.exec(
  File "/var/lib/juju/agents/unit-postgresql-k8s-1/charm/venv/ops/pebble.py", line 2899, in exec
    raise ChangeError(change.err, change) from e
ops.pebble.ChangeError: cannot perform the following tasks:
- exec command "chown" (exec 27: timeout waiting for websocket connections: context deadline exceeded)
----- Logs from task 0 -----
2024-10-27T01:34:41Z ERROR exec 27: timeout waiting for websocket connections: context deadline exceeded
-----
unit-postgresql-k8s-1: 01:34:41 ERROR juju.worker.uniter.operation hook "update-status" (via hook dispatching script: dispatch) failed: exit status 1
unit-postgresql-k8s-2: 01:37:49 ERROR unit.postgresql-k8s/2.juju-log Cluster upgrade failed, ensure pre-upgrade checks are ran first.

[32mINFO    [0m pytest_operator.plugin:plugin.py:991 Forgetting model main...