{"uid":"9d982a3fa7575bd0","name":"test_scaling_to_zero","fullName":"tests.integration.ha_tests.test_self_healing#test_scaling_to_zero","historyId":"f39d2aee537ab5e4c5676e1cf3266b0e","time":{"start":1724809144750,"stop":1724809770694,"duration":625944},"description":"Scale the database to zero units and scale up again.","descriptionHtml":"<p>Scale the database to zero units and scale up again.</p>\n","status":"broken","statusMessage":"juju.errors.JujuAPIError: application \"postgresql-test-app\" has no \"first-database\" relation","statusTrace":"Traceback (most recent call last):\n  File \"/home/runner/work/test-runners-2-github-x64-postgresql-k8s-operator/test-runners-2-github-x64-postgresql-k8s-operator/.tox/integration/lib/python3.10/site-packages/_pytest/runner.py\", line 341, in from_call\n    result: Optional[TResult] = func()\n  File \"/home/runner/work/test-runners-2-github-x64-postgresql-k8s-operator/test-runners-2-github-x64-postgresql-k8s-operator/.tox/integration/lib/python3.10/site-packages/_pytest/runner.py\", line 241, in <lambda>\n    lambda: runtest_hook(item=item, **kwds), when=when, reraise=reraise\n  File \"/home/runner/work/test-runners-2-github-x64-postgresql-k8s-operator/test-runners-2-github-x64-postgresql-k8s-operator/.tox/integration/lib/python3.10/site-packages/pluggy/_hooks.py\", line 513, in __call__\n    return self._hookexec(self.name, self._hookimpls.copy(), kwargs, firstresult)\n  File \"/home/runner/work/test-runners-2-github-x64-postgresql-k8s-operator/test-runners-2-github-x64-postgresql-k8s-operator/.tox/integration/lib/python3.10/site-packages/pluggy/_manager.py\", line 120, in _hookexec\n    return self._inner_hookexec(hook_name, methods, kwargs, firstresult)\n  File \"/home/runner/work/test-runners-2-github-x64-postgresql-k8s-operator/test-runners-2-github-x64-postgresql-k8s-operator/.tox/integration/lib/python3.10/site-packages/pluggy/_callers.py\", line 182, in _multicall\n    return outcome.get_result()\n  File \"/home/runner/work/test-runners-2-github-x64-postgresql-k8s-operator/test-runners-2-github-x64-postgresql-k8s-operator/.tox/integration/lib/python3.10/site-packages/pluggy/_result.py\", line 100, in get_result\n    raise exc.with_traceback(exc.__traceback__)\n  File \"/home/runner/work/test-runners-2-github-x64-postgresql-k8s-operator/test-runners-2-github-x64-postgresql-k8s-operator/.tox/integration/lib/python3.10/site-packages/pluggy/_callers.py\", line 167, in _multicall\n    teardown.throw(outcome._exception)\n  File \"/home/runner/work/test-runners-2-github-x64-postgresql-k8s-operator/test-runners-2-github-x64-postgresql-k8s-operator/.tox/integration/lib/python3.10/site-packages/_pytest/threadexception.py\", line 87, in pytest_runtest_call\n    yield from thread_exception_runtest_hook()\n  File \"/home/runner/work/test-runners-2-github-x64-postgresql-k8s-operator/test-runners-2-github-x64-postgresql-k8s-operator/.tox/integration/lib/python3.10/site-packages/_pytest/threadexception.py\", line 63, in thread_exception_runtest_hook\n    yield\n  File \"/home/runner/work/test-runners-2-github-x64-postgresql-k8s-operator/test-runners-2-github-x64-postgresql-k8s-operator/.tox/integration/lib/python3.10/site-packages/pluggy/_callers.py\", line 167, in _multicall\n    teardown.throw(outcome._exception)\n  File \"/home/runner/work/test-runners-2-github-x64-postgresql-k8s-operator/test-runners-2-github-x64-postgresql-k8s-operator/.tox/integration/lib/python3.10/site-packages/_pytest/unraisableexception.py\", line 90, in pytest_runtest_call\n    yield from unraisable_exception_runtest_hook()\n  File \"/home/runner/work/test-runners-2-github-x64-postgresql-k8s-operator/test-runners-2-github-x64-postgresql-k8s-operator/.tox/integration/lib/python3.10/site-packages/_pytest/unraisableexception.py\", line 65, in unraisable_exception_runtest_hook\n    yield\n  File \"/home/runner/work/test-runners-2-github-x64-postgresql-k8s-operator/test-runners-2-github-x64-postgresql-k8s-operator/.tox/integration/lib/python3.10/site-packages/pluggy/_callers.py\", line 167, in _multicall\n    teardown.throw(outcome._exception)\n  File \"/home/runner/work/test-runners-2-github-x64-postgresql-k8s-operator/test-runners-2-github-x64-postgresql-k8s-operator/.tox/integration/lib/python3.10/site-packages/_pytest/logging.py\", line 850, in pytest_runtest_call\n    yield from self._runtest_for(item, \"call\")\n  File \"/home/runner/work/test-runners-2-github-x64-postgresql-k8s-operator/test-runners-2-github-x64-postgresql-k8s-operator/.tox/integration/lib/python3.10/site-packages/_pytest/logging.py\", line 833, in _runtest_for\n    yield\n  File \"/home/runner/work/test-runners-2-github-x64-postgresql-k8s-operator/test-runners-2-github-x64-postgresql-k8s-operator/.tox/integration/lib/python3.10/site-packages/pluggy/_callers.py\", line 167, in _multicall\n    teardown.throw(outcome._exception)\n  File \"/home/runner/work/test-runners-2-github-x64-postgresql-k8s-operator/test-runners-2-github-x64-postgresql-k8s-operator/.tox/integration/lib/python3.10/site-packages/_pytest/capture.py\", line 878, in pytest_runtest_call\n    return (yield)\n  File \"/home/runner/work/test-runners-2-github-x64-postgresql-k8s-operator/test-runners-2-github-x64-postgresql-k8s-operator/.tox/integration/lib/python3.10/site-packages/pluggy/_callers.py\", line 167, in _multicall\n    teardown.throw(outcome._exception)\n  File \"/home/runner/work/test-runners-2-github-x64-postgresql-k8s-operator/test-runners-2-github-x64-postgresql-k8s-operator/.tox/integration/lib/python3.10/site-packages/_pytest/skipping.py\", line 257, in pytest_runtest_call\n    return (yield)\n  File \"/home/runner/work/test-runners-2-github-x64-postgresql-k8s-operator/test-runners-2-github-x64-postgresql-k8s-operator/.tox/integration/lib/python3.10/site-packages/pluggy/_callers.py\", line 103, in _multicall\n    res = hook_impl.function(*args)\n  File \"/home/runner/work/test-runners-2-github-x64-postgresql-k8s-operator/test-runners-2-github-x64-postgresql-k8s-operator/.tox/integration/lib/python3.10/site-packages/_pytest/runner.py\", line 183, in pytest_runtest_call\n    raise e\n  File \"/home/runner/work/test-runners-2-github-x64-postgresql-k8s-operator/test-runners-2-github-x64-postgresql-k8s-operator/.tox/integration/lib/python3.10/site-packages/_pytest/runner.py\", line 173, in pytest_runtest_call\n    item.runtest()\n  File \"/home/runner/work/test-runners-2-github-x64-postgresql-k8s-operator/test-runners-2-github-x64-postgresql-k8s-operator/.tox/integration/lib/python3.10/site-packages/_pytest/python.py\", line 1632, in runtest\n    self.ihook.pytest_pyfunc_call(pyfuncitem=self)\n  File \"/home/runner/work/test-runners-2-github-x64-postgresql-k8s-operator/test-runners-2-github-x64-postgresql-k8s-operator/.tox/integration/lib/python3.10/site-packages/pluggy/_hooks.py\", line 513, in __call__\n    return self._hookexec(self.name, self._hookimpls.copy(), kwargs, firstresult)\n  File \"/home/runner/work/test-runners-2-github-x64-postgresql-k8s-operator/test-runners-2-github-x64-postgresql-k8s-operator/.tox/integration/lib/python3.10/site-packages/pluggy/_manager.py\", line 120, in _hookexec\n    return self._inner_hookexec(hook_name, methods, kwargs, firstresult)\n  File \"/home/runner/work/test-runners-2-github-x64-postgresql-k8s-operator/test-runners-2-github-x64-postgresql-k8s-operator/.tox/integration/lib/python3.10/site-packages/pluggy/_callers.py\", line 182, in _multicall\n    return outcome.get_result()\n  File \"/home/runner/work/test-runners-2-github-x64-postgresql-k8s-operator/test-runners-2-github-x64-postgresql-k8s-operator/.tox/integration/lib/python3.10/site-packages/pluggy/_result.py\", line 100, in get_result\n    raise exc.with_traceback(exc.__traceback__)\n  File \"/home/runner/work/test-runners-2-github-x64-postgresql-k8s-operator/test-runners-2-github-x64-postgresql-k8s-operator/.tox/integration/lib/python3.10/site-packages/pluggy/_callers.py\", line 103, in _multicall\n    res = hook_impl.function(*args)\n  File \"/home/runner/work/test-runners-2-github-x64-postgresql-k8s-operator/test-runners-2-github-x64-postgresql-k8s-operator/.tox/integration/lib/python3.10/site-packages/_pytest/python.py\", line 162, in pytest_pyfunc_call\n    result = testfunction(**testargs)\n  File \"/home/runner/work/test-runners-2-github-x64-postgresql-k8s-operator/test-runners-2-github-x64-postgresql-k8s-operator/.tox/integration/lib/python3.10/site-packages/pytest_asyncio/plugin.py\", line 529, in inner\n    _loop.run_until_complete(task)\n  File \"/usr/lib/python3.10/asyncio/base_events.py\", line 649, in run_until_complete\n    return future.result()\n  File \"/home/runner/work/test-runners-2-github-x64-postgresql-k8s-operator/test-runners-2-github-x64-postgresql-k8s-operator/tests/integration/ha_tests/test_self_healing.py\", line 391, in test_scaling_to_zero\n    await start_continuous_writes(ops_test, app)\n  File \"/home/runner/work/test-runners-2-github-x64-postgresql-k8s-operator/test-runners-2-github-x64-postgresql-k8s-operator/tests/integration/ha_tests/helpers.py\", line 810, in start_continuous_writes\n    await model.relate(app, f\"{APPLICATION_NAME}:first-database\")\n  File \"/home/runner/work/test-runners-2-github-x64-postgresql-k8s-operator/test-runners-2-github-x64-postgresql-k8s-operator/.tox/integration/lib/python3.10/site-packages/juju/model.py\", line 1565, in relate\n    return await self.integrate(relation1, relation2)\n  File \"/home/runner/work/test-runners-2-github-x64-postgresql-k8s-operator/test-runners-2-github-x64-postgresql-k8s-operator/.tox/integration/lib/python3.10/site-packages/juju/model.py\", line 1543, in integrate\n    result = await app_facade.AddRelation(endpoints=endpoints, via_cidrs=None)\n  File \"/home/runner/work/test-runners-2-github-x64-postgresql-k8s-operator/test-runners-2-github-x64-postgresql-k8s-operator/.tox/integration/lib/python3.10/site-packages/juju/client/facade.py\", line 486, in wrapper\n    reply = await f(*args, **kwargs)\n  File \"/home/runner/work/test-runners-2-github-x64-postgresql-k8s-operator/test-runners-2-github-x64-postgresql-k8s-operator/.tox/integration/lib/python3.10/site-packages/juju/client/_client19.py\", line 995, in AddRelation\n    reply = await self.rpc(msg)\n  File \"/home/runner/work/test-runners-2-github-x64-postgresql-k8s-operator/test-runners-2-github-x64-postgresql-k8s-operator/.tox/integration/lib/python3.10/site-packages/juju/client/facade.py\", line 659, in rpc\n    result = await self.connection.rpc(msg, encoder=TypeEncoder)\n  File \"/home/runner/work/test-runners-2-github-x64-postgresql-k8s-operator/test-runners-2-github-x64-postgresql-k8s-operator/.tox/integration/lib/python3.10/site-packages/juju/client/connection.py\", line 672, in rpc\n    raise errors.JujuAPIError(result)\njuju.errors.JujuAPIError: application \"postgresql-test-app\" has no \"first-database\" relation","flaky":false,"newFailed":false,"newBroken":false,"newPassed":false,"retriesCount":1,"retriesStatusChange":true,"beforeStages":[{"name":"tmp_path_factory","time":{"start":1724809144495,"stop":1724809144495,"duration":0},"status":"passed","steps":[],"attachments":[],"parameters":[],"stepsCount":0,"shouldDisplayMessage":false,"attachmentsCount":0,"hasContent":false,"attachmentStep":false},{"name":"event_loop","time":{"start":1724809144495,"stop":1724809144495,"duration":0},"status":"passed","steps":[],"attachments":[],"parameters":[],"stepsCount":0,"shouldDisplayMessage":false,"attachmentsCount":0,"hasContent":false,"attachmentStep":false},{"name":"ops_test","time":{"start":1724809144495,"stop":1724809144749,"duration":254},"status":"passed","steps":[],"attachments":[],"parameters":[],"stepsCount":0,"shouldDisplayMessage":false,"attachmentsCount":0,"hasContent":false,"attachmentStep":false},{"name":"abort_on_fail","time":{"start":1724809144749,"stop":1724809144749,"duration":0},"status":"passed","steps":[],"attachments":[],"parameters":[],"stepsCount":0,"shouldDisplayMessage":false,"attachmentsCount":0,"hasContent":false,"attachmentStep":false},{"name":"continuous_writes","time":{"start":1724809144749,"stop":1724809144749,"duration":0},"status":"passed","steps":[],"attachments":[],"parameters":[],"stepsCount":0,"shouldDisplayMessage":false,"attachmentsCount":0,"hasContent":false,"attachmentStep":false}],"testStage":{"description":"Scale the database to zero units and scale up again.","status":"broken","statusMessage":"juju.errors.JujuAPIError: application \"postgresql-test-app\" has no \"first-database\" relation","statusTrace":"Traceback (most recent call last):\n  File \"/home/runner/work/test-runners-2-github-x64-postgresql-k8s-operator/test-runners-2-github-x64-postgresql-k8s-operator/.tox/integration/lib/python3.10/site-packages/_pytest/runner.py\", line 341, in from_call\n    result: Optional[TResult] = func()\n  File \"/home/runner/work/test-runners-2-github-x64-postgresql-k8s-operator/test-runners-2-github-x64-postgresql-k8s-operator/.tox/integration/lib/python3.10/site-packages/_pytest/runner.py\", line 241, in <lambda>\n    lambda: runtest_hook(item=item, **kwds), when=when, reraise=reraise\n  File \"/home/runner/work/test-runners-2-github-x64-postgresql-k8s-operator/test-runners-2-github-x64-postgresql-k8s-operator/.tox/integration/lib/python3.10/site-packages/pluggy/_hooks.py\", line 513, in __call__\n    return self._hookexec(self.name, self._hookimpls.copy(), kwargs, firstresult)\n  File \"/home/runner/work/test-runners-2-github-x64-postgresql-k8s-operator/test-runners-2-github-x64-postgresql-k8s-operator/.tox/integration/lib/python3.10/site-packages/pluggy/_manager.py\", line 120, in _hookexec\n    return self._inner_hookexec(hook_name, methods, kwargs, firstresult)\n  File \"/home/runner/work/test-runners-2-github-x64-postgresql-k8s-operator/test-runners-2-github-x64-postgresql-k8s-operator/.tox/integration/lib/python3.10/site-packages/pluggy/_callers.py\", line 182, in _multicall\n    return outcome.get_result()\n  File \"/home/runner/work/test-runners-2-github-x64-postgresql-k8s-operator/test-runners-2-github-x64-postgresql-k8s-operator/.tox/integration/lib/python3.10/site-packages/pluggy/_result.py\", line 100, in get_result\n    raise exc.with_traceback(exc.__traceback__)\n  File \"/home/runner/work/test-runners-2-github-x64-postgresql-k8s-operator/test-runners-2-github-x64-postgresql-k8s-operator/.tox/integration/lib/python3.10/site-packages/pluggy/_callers.py\", line 167, in _multicall\n    teardown.throw(outcome._exception)\n  File \"/home/runner/work/test-runners-2-github-x64-postgresql-k8s-operator/test-runners-2-github-x64-postgresql-k8s-operator/.tox/integration/lib/python3.10/site-packages/_pytest/threadexception.py\", line 87, in pytest_runtest_call\n    yield from thread_exception_runtest_hook()\n  File \"/home/runner/work/test-runners-2-github-x64-postgresql-k8s-operator/test-runners-2-github-x64-postgresql-k8s-operator/.tox/integration/lib/python3.10/site-packages/_pytest/threadexception.py\", line 63, in thread_exception_runtest_hook\n    yield\n  File \"/home/runner/work/test-runners-2-github-x64-postgresql-k8s-operator/test-runners-2-github-x64-postgresql-k8s-operator/.tox/integration/lib/python3.10/site-packages/pluggy/_callers.py\", line 167, in _multicall\n    teardown.throw(outcome._exception)\n  File \"/home/runner/work/test-runners-2-github-x64-postgresql-k8s-operator/test-runners-2-github-x64-postgresql-k8s-operator/.tox/integration/lib/python3.10/site-packages/_pytest/unraisableexception.py\", line 90, in pytest_runtest_call\n    yield from unraisable_exception_runtest_hook()\n  File \"/home/runner/work/test-runners-2-github-x64-postgresql-k8s-operator/test-runners-2-github-x64-postgresql-k8s-operator/.tox/integration/lib/python3.10/site-packages/_pytest/unraisableexception.py\", line 65, in unraisable_exception_runtest_hook\n    yield\n  File \"/home/runner/work/test-runners-2-github-x64-postgresql-k8s-operator/test-runners-2-github-x64-postgresql-k8s-operator/.tox/integration/lib/python3.10/site-packages/pluggy/_callers.py\", line 167, in _multicall\n    teardown.throw(outcome._exception)\n  File \"/home/runner/work/test-runners-2-github-x64-postgresql-k8s-operator/test-runners-2-github-x64-postgresql-k8s-operator/.tox/integration/lib/python3.10/site-packages/_pytest/logging.py\", line 850, in pytest_runtest_call\n    yield from self._runtest_for(item, \"call\")\n  File \"/home/runner/work/test-runners-2-github-x64-postgresql-k8s-operator/test-runners-2-github-x64-postgresql-k8s-operator/.tox/integration/lib/python3.10/site-packages/_pytest/logging.py\", line 833, in _runtest_for\n    yield\n  File \"/home/runner/work/test-runners-2-github-x64-postgresql-k8s-operator/test-runners-2-github-x64-postgresql-k8s-operator/.tox/integration/lib/python3.10/site-packages/pluggy/_callers.py\", line 167, in _multicall\n    teardown.throw(outcome._exception)\n  File \"/home/runner/work/test-runners-2-github-x64-postgresql-k8s-operator/test-runners-2-github-x64-postgresql-k8s-operator/.tox/integration/lib/python3.10/site-packages/_pytest/capture.py\", line 878, in pytest_runtest_call\n    return (yield)\n  File \"/home/runner/work/test-runners-2-github-x64-postgresql-k8s-operator/test-runners-2-github-x64-postgresql-k8s-operator/.tox/integration/lib/python3.10/site-packages/pluggy/_callers.py\", line 167, in _multicall\n    teardown.throw(outcome._exception)\n  File \"/home/runner/work/test-runners-2-github-x64-postgresql-k8s-operator/test-runners-2-github-x64-postgresql-k8s-operator/.tox/integration/lib/python3.10/site-packages/_pytest/skipping.py\", line 257, in pytest_runtest_call\n    return (yield)\n  File \"/home/runner/work/test-runners-2-github-x64-postgresql-k8s-operator/test-runners-2-github-x64-postgresql-k8s-operator/.tox/integration/lib/python3.10/site-packages/pluggy/_callers.py\", line 103, in _multicall\n    res = hook_impl.function(*args)\n  File \"/home/runner/work/test-runners-2-github-x64-postgresql-k8s-operator/test-runners-2-github-x64-postgresql-k8s-operator/.tox/integration/lib/python3.10/site-packages/_pytest/runner.py\", line 183, in pytest_runtest_call\n    raise e\n  File \"/home/runner/work/test-runners-2-github-x64-postgresql-k8s-operator/test-runners-2-github-x64-postgresql-k8s-operator/.tox/integration/lib/python3.10/site-packages/_pytest/runner.py\", line 173, in pytest_runtest_call\n    item.runtest()\n  File \"/home/runner/work/test-runners-2-github-x64-postgresql-k8s-operator/test-runners-2-github-x64-postgresql-k8s-operator/.tox/integration/lib/python3.10/site-packages/_pytest/python.py\", line 1632, in runtest\n    self.ihook.pytest_pyfunc_call(pyfuncitem=self)\n  File \"/home/runner/work/test-runners-2-github-x64-postgresql-k8s-operator/test-runners-2-github-x64-postgresql-k8s-operator/.tox/integration/lib/python3.10/site-packages/pluggy/_hooks.py\", line 513, in __call__\n    return self._hookexec(self.name, self._hookimpls.copy(), kwargs, firstresult)\n  File \"/home/runner/work/test-runners-2-github-x64-postgresql-k8s-operator/test-runners-2-github-x64-postgresql-k8s-operator/.tox/integration/lib/python3.10/site-packages/pluggy/_manager.py\", line 120, in _hookexec\n    return self._inner_hookexec(hook_name, methods, kwargs, firstresult)\n  File \"/home/runner/work/test-runners-2-github-x64-postgresql-k8s-operator/test-runners-2-github-x64-postgresql-k8s-operator/.tox/integration/lib/python3.10/site-packages/pluggy/_callers.py\", line 182, in _multicall\n    return outcome.get_result()\n  File \"/home/runner/work/test-runners-2-github-x64-postgresql-k8s-operator/test-runners-2-github-x64-postgresql-k8s-operator/.tox/integration/lib/python3.10/site-packages/pluggy/_result.py\", line 100, in get_result\n    raise exc.with_traceback(exc.__traceback__)\n  File \"/home/runner/work/test-runners-2-github-x64-postgresql-k8s-operator/test-runners-2-github-x64-postgresql-k8s-operator/.tox/integration/lib/python3.10/site-packages/pluggy/_callers.py\", line 103, in _multicall\n    res = hook_impl.function(*args)\n  File \"/home/runner/work/test-runners-2-github-x64-postgresql-k8s-operator/test-runners-2-github-x64-postgresql-k8s-operator/.tox/integration/lib/python3.10/site-packages/_pytest/python.py\", line 162, in pytest_pyfunc_call\n    result = testfunction(**testargs)\n  File \"/home/runner/work/test-runners-2-github-x64-postgresql-k8s-operator/test-runners-2-github-x64-postgresql-k8s-operator/.tox/integration/lib/python3.10/site-packages/pytest_asyncio/plugin.py\", line 529, in inner\n    _loop.run_until_complete(task)\n  File \"/usr/lib/python3.10/asyncio/base_events.py\", line 649, in run_until_complete\n    return future.result()\n  File \"/home/runner/work/test-runners-2-github-x64-postgresql-k8s-operator/test-runners-2-github-x64-postgresql-k8s-operator/tests/integration/ha_tests/test_self_healing.py\", line 391, in test_scaling_to_zero\n    await start_continuous_writes(ops_test, app)\n  File \"/home/runner/work/test-runners-2-github-x64-postgresql-k8s-operator/test-runners-2-github-x64-postgresql-k8s-operator/tests/integration/ha_tests/helpers.py\", line 810, in start_continuous_writes\n    await model.relate(app, f\"{APPLICATION_NAME}:first-database\")\n  File \"/home/runner/work/test-runners-2-github-x64-postgresql-k8s-operator/test-runners-2-github-x64-postgresql-k8s-operator/.tox/integration/lib/python3.10/site-packages/juju/model.py\", line 1565, in relate\n    return await self.integrate(relation1, relation2)\n  File \"/home/runner/work/test-runners-2-github-x64-postgresql-k8s-operator/test-runners-2-github-x64-postgresql-k8s-operator/.tox/integration/lib/python3.10/site-packages/juju/model.py\", line 1543, in integrate\n    result = await app_facade.AddRelation(endpoints=endpoints, via_cidrs=None)\n  File \"/home/runner/work/test-runners-2-github-x64-postgresql-k8s-operator/test-runners-2-github-x64-postgresql-k8s-operator/.tox/integration/lib/python3.10/site-packages/juju/client/facade.py\", line 486, in wrapper\n    reply = await f(*args, **kwargs)\n  File \"/home/runner/work/test-runners-2-github-x64-postgresql-k8s-operator/test-runners-2-github-x64-postgresql-k8s-operator/.tox/integration/lib/python3.10/site-packages/juju/client/_client19.py\", line 995, in AddRelation\n    reply = await self.rpc(msg)\n  File \"/home/runner/work/test-runners-2-github-x64-postgresql-k8s-operator/test-runners-2-github-x64-postgresql-k8s-operator/.tox/integration/lib/python3.10/site-packages/juju/client/facade.py\", line 659, in rpc\n    result = await self.connection.rpc(msg, encoder=TypeEncoder)\n  File \"/home/runner/work/test-runners-2-github-x64-postgresql-k8s-operator/test-runners-2-github-x64-postgresql-k8s-operator/.tox/integration/lib/python3.10/site-packages/juju/client/connection.py\", line 672, in rpc\n    raise errors.JujuAPIError(result)\njuju.errors.JujuAPIError: application \"postgresql-test-app\" has no \"first-database\" relation","steps":[],"attachments":[{"uid":"921c9bfbe7656732","name":"log","source":"921c9bfbe7656732.txt","type":"text/plain","size":129779}],"parameters":[],"stepsCount":0,"shouldDisplayMessage":true,"attachmentsCount":1,"hasContent":true,"attachmentStep":false},"afterStages":[{"name":"continuous_writes::finalizer","time":{"start":1724809770700,"stop":1724810073534,"duration":302834},"status":"broken","statusMessage":"KeyError: 'result'\n","statusTrace":"  File \"/home/runner/work/test-runners-2-github-x64-postgresql-k8s-operator/test-runners-2-github-x64-postgresql-k8s-operator/.tox/integration/lib/python3.10/site-packages/allure_commons/_allure.py\", line 221, in __call__\n    return self._fixture_function(*args, **kwargs)\n  File \"/home/runner/work/test-runners-2-github-x64-postgresql-k8s-operator/test-runners-2-github-x64-postgresql-k8s-operator/.tox/integration/lib/python3.10/site-packages/pytest_asyncio/plugin.py\", line 300, in finalizer\n    event_loop.run_until_complete(async_finalizer())\n  File \"/usr/lib/python3.10/asyncio/base_events.py\", line 649, in run_until_complete\n    return future.result()\n  File \"/home/runner/work/test-runners-2-github-x64-postgresql-k8s-operator/test-runners-2-github-x64-postgresql-k8s-operator/.tox/integration/lib/python3.10/site-packages/pytest_asyncio/plugin.py\", line 292, in async_finalizer\n    await gen_obj.__anext__()\n  File \"/home/runner/work/test-runners-2-github-x64-postgresql-k8s-operator/test-runners-2-github-x64-postgresql-k8s-operator/tests/integration/ha_tests/conftest.py\", line 39, in continuous_writes\n    for attempt in Retrying(stop=stop_after_delay(60 * 5), wait=wait_fixed(3), reraise=True):\n  File \"/home/runner/work/test-runners-2-github-x64-postgresql-k8s-operator/test-runners-2-github-x64-postgresql-k8s-operator/.tox/integration/lib/python3.10/site-packages/tenacity/__init__.py\", line 443, in __iter__\n    do = self.iter(retry_state=retry_state)\n  File \"/home/runner/work/test-runners-2-github-x64-postgresql-k8s-operator/test-runners-2-github-x64-postgresql-k8s-operator/.tox/integration/lib/python3.10/site-packages/tenacity/__init__.py\", line 376, in iter\n    result = action(retry_state)\n  File \"/home/runner/work/test-runners-2-github-x64-postgresql-k8s-operator/test-runners-2-github-x64-postgresql-k8s-operator/.tox/integration/lib/python3.10/site-packages/tenacity/__init__.py\", line 418, in exc_check\n    raise retry_exc.reraise()\n  File \"/home/runner/work/test-runners-2-github-x64-postgresql-k8s-operator/test-runners-2-github-x64-postgresql-k8s-operator/.tox/integration/lib/python3.10/site-packages/tenacity/__init__.py\", line 185, in reraise\n    raise self.last_attempt.result()\n  File \"/usr/lib/python3.10/concurrent/futures/_base.py\", line 451, in result\n    return self.__get_result()\n  File \"/usr/lib/python3.10/concurrent/futures/_base.py\", line 403, in __get_result\n    raise self._exception\n  File \"/home/runner/work/test-runners-2-github-x64-postgresql-k8s-operator/test-runners-2-github-x64-postgresql-k8s-operator/tests/integration/ha_tests/conftest.py\", line 47, in continuous_writes\n    assert action.results[\"result\"] == \"True\", \"Unable to clear up continuous_writes table\"\n","steps":[],"attachments":[],"parameters":[],"stepsCount":0,"shouldDisplayMessage":true,"attachmentsCount":0,"hasContent":true,"attachmentStep":false},{"name":"abort_on_fail::0","time":{"start":1724810073534,"stop":1724810073534,"duration":0},"status":"passed","steps":[],"attachments":[],"parameters":[],"stepsCount":0,"shouldDisplayMessage":false,"attachmentsCount":0,"hasContent":false,"attachmentStep":false},{"name":"ops_test::finalizer","time":{"start":1724810073535,"stop":1724810073917,"duration":382},"status":"passed","steps":[],"attachments":[],"parameters":[],"stepsCount":0,"shouldDisplayMessage":false,"attachmentsCount":0,"hasContent":false,"attachmentStep":false},{"name":"event_loop::2","time":{"start":1724810073917,"stop":1724810073918,"duration":1},"status":"passed","steps":[],"attachments":[],"parameters":[],"stepsCount":0,"shouldDisplayMessage":false,"attachmentsCount":0,"hasContent":false,"attachmentStep":false},{"name":"event_loop::_close_event_loop","time":{"start":1724810073918,"stop":1724810073918,"duration":0},"status":"passed","steps":[],"attachments":[],"parameters":[],"stepsCount":0,"shouldDisplayMessage":false,"attachmentsCount":0,"hasContent":false,"attachmentStep":false},{"name":"event_loop::_provide_clean_event_loop","time":{"start":1724810073918,"stop":1724810073918,"duration":0},"status":"passed","steps":[],"attachments":[],"parameters":[],"stepsCount":0,"shouldDisplayMessage":false,"attachmentsCount":0,"hasContent":false,"attachmentStep":false}],"labels":[{"name":"tag","value":"group(2)"},{"name":"tag","value":"asyncio"},{"name":"parentSuite","value":"tests.integration.ha_tests"},{"name":"suite","value":"test_self_healing"},{"name":"host","value":"fv-az692-553"},{"name":"thread","value":"12859-MainThread"},{"name":"framework","value":"pytest"},{"name":"language","value":"cpython3"},{"name":"package","value":"tests.integration.ha_tests.test_self_healing"},{"name":"resultFormat","value":"allure2"}],"parameters":[],"links":[],"hidden":false,"retry":false,"extra":{"severity":"normal","retries":[{"uid":"df93352bbec49041","status":"unknown","time":{}}],"categories":[{"name":"Test defects","matchedStatuses":[],"flaky":false}],"history":{"statistic":{"failed":6,"broken":27,"skipped":1,"passed":47,"unknown":0,"total":81},"items":[{"uid":"59a0024940dd78b1","reportUrl":"../156//#testresult/59a0024940dd78b1","status":"broken","statusDetails":"juju.errors.JujuAPIError: application \"postgresql-test-app\" has no \"first-database\" relation","time":{"start":1724722672972,"stop":1724723509725,"duration":836753}},{"uid":"c893ccc66d3a8152","reportUrl":"../155//#testresult/c893ccc66d3a8152","status":"broken","statusDetails":"juju.errors.JujuAPIError: application \"postgresql-test-app\" has no \"first-database\" relation","time":{"start":1724636300888,"stop":1724636936464,"duration":635576}},{"uid":"3e5b66cce66a517","reportUrl":"../154//#testresult/3e5b66cce66a517","status":"broken","statusDetails":"juju.errors.JujuAPIError: application \"postgresql-test-app\" has no \"first-database\" relation","time":{"start":1724549888574,"stop":1724550510954,"duration":622380}},{"uid":"a5c9706bf22406c1","reportUrl":"../153//#testresult/a5c9706bf22406c1","status":"broken","statusDetails":"juju.errors.JujuAPIError: application \"postgresql-test-app\" has no \"first-database\" relation","time":{"start":1724463525114,"stop":1724464188118,"duration":663004}},{"uid":"e64614defdc5bbda","reportUrl":"../152//#testresult/e64614defdc5bbda","status":"broken","statusDetails":"juju.errors.JujuAPIError: application \"postgresql-test-app\" has no \"first-database\" relation","time":{"start":1724377070853,"stop":1724377719930,"duration":649077}},{"uid":"515288c0e3150e8e","reportUrl":"../151//#testresult/515288c0e3150e8e","status":"broken","statusDetails":"juju.errors.JujuAPIError: application \"postgresql-test-app\" has no \"first-database\" relation","time":{"start":1724290674554,"stop":1724291472137,"duration":797583}},{"uid":"28d21ccd4eb3c32f","reportUrl":"../150//#testresult/28d21ccd4eb3c32f","status":"broken","statusDetails":"juju.errors.JujuAPIError: application \"postgresql-test-app\" has no \"first-database\" relation","time":{"start":1724204284436,"stop":1724205097793,"duration":813357}},{"uid":"730a8440875e1e71","reportUrl":"../149//#testresult/730a8440875e1e71","status":"broken","statusDetails":"juju.errors.JujuAPIError: application \"postgresql-test-app\" has no \"first-database\" relation","time":{"start":1724117890880,"stop":1724118518976,"duration":628096}},{"uid":"2aede8e509f8f4ca","reportUrl":"../148//#testresult/2aede8e509f8f4ca","status":"broken","statusDetails":"juju.errors.JujuAPIError: application \"postgresql-test-app\" has no \"first-database\" relation","time":{"start":1724031517745,"stop":1724032132338,"duration":614593}},{"uid":"2869553dc91e5555","reportUrl":"../147//#testresult/2869553dc91e5555","status":"broken","statusDetails":"juju.errors.JujuAPIError: application \"postgresql-test-app\" has no \"first-database\" relation","time":{"start":1723945101829,"stop":1723945728891,"duration":627062}},{"uid":"d00712c9dc476131","reportUrl":"../146//#testresult/d00712c9dc476131","status":"broken","statusDetails":"juju.errors.JujuAPIError: application \"postgresql-test-app\" has no \"first-database\" relation","time":{"start":1723858681384,"stop":1723859328379,"duration":646995}},{"uid":"a9cbce4aa072d689","reportUrl":"../145//#testresult/a9cbce4aa072d689","status":"broken","statusDetails":"juju.errors.JujuAPIError: application \"postgresql-test-app\" has no \"first-database\" relation","time":{"start":1723772312878,"stop":1723772962148,"duration":649270}},{"uid":"4eaba0f58218a67","reportUrl":"../144//#testresult/4eaba0f58218a67","status":"broken","statusDetails":"juju.errors.JujuAPIError: application \"postgresql-test-app\" has no \"first-database\" relation","time":{"start":1723685849778,"stop":1723686478544,"duration":628766}},{"uid":"f1993d63df4f52ab","reportUrl":"../143//#testresult/f1993d63df4f52ab","status":"broken","statusDetails":"juju.errors.JujuAPIError: application \"postgresql-test-app\" has no \"first-database\" relation","time":{"start":1723599533702,"stop":1723600350662,"duration":816960}},{"uid":"4fca86cdf17b8f73","reportUrl":"../142//#testresult/4fca86cdf17b8f73","status":"broken","statusDetails":"juju.errors.JujuAPIError: application \"postgresql-test-app\" has no \"first-database\" relation","time":{"start":1723513109425,"stop":1723513955454,"duration":846029}},{"uid":"f4e0b6aa97d47c0e","reportUrl":"../141//#testresult/f4e0b6aa97d47c0e","status":"broken","statusDetails":"juju.errors.JujuAPIError: application \"postgresql-test-app\" has no \"first-database\" relation","time":{"start":1723426894155,"stop":1723427718777,"duration":824622}},{"uid":"21ef00f038c03347","reportUrl":"../140//#testresult/21ef00f038c03347","status":"broken","statusDetails":"juju.errors.JujuAPIError: application \"postgresql-test-app\" has no \"first-database\" relation","time":{"start":1723340543264,"stop":1723341173348,"duration":630084}},{"uid":"a795c81aa668cff7","reportUrl":"../139//#testresult/a795c81aa668cff7","status":"broken","statusDetails":"juju.errors.JujuAPIError: application \"postgresql-test-app\" has no \"first-database\" relation","time":{"start":1723253865282,"stop":1723254673297,"duration":808015}},{"uid":"96cbf233d7b59800","reportUrl":"../138//#testresult/96cbf233d7b59800","status":"broken","statusDetails":"juju.errors.JujuAPIError: application \"postgresql-test-app\" has no \"first-database\" relation","time":{"start":1723167704385,"stop":1723168332407,"duration":628022}},{"uid":"4f560ab815e1df01","reportUrl":"../137//#testresult/4f560ab815e1df01","status":"broken","statusDetails":"juju.errors.JujuAPIError: application \"postgresql-test-app\" has no \"first-database\" relation","time":{"start":1723081148561,"stop":1723081807900,"duration":659339}}]},"tags":["asyncio","group(2)"]},"source":"9d982a3fa7575bd0.json","parameterValues":[]}