[32mINFO    [0m integration.test_backups:test_backups.py:80 deleting the previously created backups
[32mINFO    [0m pytest_operator.plugin:plugin.py:862 Model status:

Model  Controller          Cloud/Region        Version  SLA          Timestamp
test   microk8s-localhost  microk8s/localhost  3.1.8    unsupported  01:55:34Z

App                       Version  Status   Scale  Charm                     Channel        Rev  Address         Exposed  Message
postgresql-k8s-gcp        14.11    waiting      2  postgresql-k8s                             1  10.152.183.174  no       installing agent
s3-integrator                      waiting      1  s3-integrator             latest/stable   17  10.152.183.253  no       installing agent
self-signed-certificates           active       1  self-signed-certificates  latest/stable   72  10.152.183.119  no       

Unit                         Workload     Agent  Address       Ports  Message
postgresql-k8s-gcp/0         waiting      idle   10.1.254.145         Awaiting restart operation
postgresql-k8s-gcp/1*        maintenance  idle   10.1.254.146         Executing restart operation
s3-integrator/0*             blocked      idle   10.1.254.136         Missing parameters: ['access-key', 'secret-key']
self-signed-certificates/0*  active       idle   10.1.254.137         

[32mINFO    [0m pytest_operator.plugin:plugin.py:868 Juju error logs:

unit-postgresql-k8s-gcp-0: 01:55:33 ERROR unit.postgresql-k8s-gcp/0.juju-log Uncaught exception while in charm code:
Traceback (most recent call last):
  File "/var/lib/juju/agents/unit-postgresql-k8s-gcp-0/charm/venv/urllib3/connectionpool.py", line 467, in _make_request
    self._validate_conn(conn)
  File "/var/lib/juju/agents/unit-postgresql-k8s-gcp-0/charm/venv/urllib3/connectionpool.py", line 1099, in _validate_conn
    conn.connect()
  File "/var/lib/juju/agents/unit-postgresql-k8s-gcp-0/charm/venv/urllib3/connection.py", line 653, in connect
    sock_and_verified = _ssl_wrap_socket_and_match_hostname(
  File "/var/lib/juju/agents/unit-postgresql-k8s-gcp-0/charm/venv/urllib3/connection.py", line 806, in _ssl_wrap_socket_and_match_hostname
    ssl_sock = ssl_wrap_socket(
  File "/var/lib/juju/agents/unit-postgresql-k8s-gcp-0/charm/venv/urllib3/util/ssl_.py", line 465, in ssl_wrap_socket
    ssl_sock = _ssl_wrap_socket_impl(sock, context, tls_in_tls, server_hostname)
  File "/var/lib/juju/agents/unit-postgresql-k8s-gcp-0/charm/venv/urllib3/util/ssl_.py", line 509, in _ssl_wrap_socket_impl
    return ssl_context.wrap_socket(sock, server_hostname=server_hostname)
  File "/usr/lib/python3.10/ssl.py", line 513, in wrap_socket
    return self.sslsocket_class._create(
  File "/usr/lib/python3.10/ssl.py", line 1100, in _create
    self.do_handshake()
  File "/usr/lib/python3.10/ssl.py", line 1371, in do_handshake
    self._sslobj.do_handshake()
ssl.SSLError: [SSL: WRONG_VERSION_NUMBER] wrong version number (_ssl.c:1007)

During handling of the above exception, another exception occurred:

Traceback (most recent call last):
  File "/var/lib/juju/agents/unit-postgresql-k8s-gcp-0/charm/venv/urllib3/connectionpool.py", line 793, in urlopen
    response = self._make_request(
  File "/var/lib/juju/agents/unit-postgresql-k8s-gcp-0/charm/venv/urllib3/connectionpool.py", line 491, in _make_request
    raise new_e
urllib3.exceptions.SSLError: [SSL: WRONG_VERSION_NUMBER] wrong version number (_ssl.c:1007)

The above exception was the direct cause of the following exception:

Traceback (most recent call last):
  File "/var/lib/juju/agents/unit-postgresql-k8s-gcp-0/charm/venv/requests/adapters.py", line 667, in send
    resp = conn.urlopen(
  File "/var/lib/juju/agents/unit-postgresql-k8s-gcp-0/charm/venv/urllib3/connectionpool.py", line 847, in urlopen
    retries = retries.increment(
  File "/var/lib/juju/agents/unit-postgresql-k8s-gcp-0/charm/venv/urllib3/util/retry.py", line 515, in increment
    raise MaxRetryError(_pool, url, reason) from reason  # type: ignore[arg-type]
urllib3.exceptions.MaxRetryError: HTTPSConnectionPool(host='postgresql-k8s-gcp-0.postgresql-k8s-gcp-endpoints', port=8008): Max retries exceeded with url: /cluster (Caused by SSLError(SSLError(1, '[SSL: WRONG_VERSION_NUMBER] wrong version number (_ssl.c:1007)')))

During handling of the above exception, another exception occurred:

Traceback (most recent call last):
  File "/var/lib/juju/agents/unit-postgresql-k8s-gcp-0/charm/src/patroni.py", line 142, in get_primary
    r = requests.get(f"{url}/cluster", verify=self._verify)
  File "/var/lib/juju/agents/unit-postgresql-k8s-gcp-0/charm/venv/requests/api.py", line 73, in get
    return request("get", url, params=params, **kwargs)
  File "/var/lib/juju/agents/unit-postgresql-k8s-gcp-0/charm/venv/requests/api.py", line 59, in request
    return session.request(method=method, url=url, **kwargs)
  File "/var/lib/juju/agents/unit-postgresql-k8s-gcp-0/charm/venv/requests/sessions.py", line 589, in request
    resp = self.send(prep, **send_kwargs)
  File "/var/lib/juju/agents/unit-postgresql-k8s-gcp-0/charm/venv/requests/sessions.py", line 703, in send
    r = adapter.send(request, **kwargs)
  File "/var/lib/juju/agents/unit-postgresql-k8s-gcp-0/charm/venv/requests/adapters.py", line 698, in send
    raise SSLError(e, request=request)
requests.exceptions.SSLError: HTTPSConnectionPool(host='postgresql-k8s-gcp-0.postgresql-k8s-gcp-endpoints', port=8008): Max retries exceeded with url: /cluster (Caused by SSLError(SSLError(1, '[SSL: WRONG_VERSION_NUMBER] wrong version number (_ssl.c:1007)')))

The above exception was the direct cause of the following exception:

Traceback (most recent call last):
  File "/var/lib/juju/agents/unit-postgresql-k8s-gcp-0/charm/./src/charm.py", line 1691, in <module>
    main(PostgresqlOperatorCharm, use_juju_for_storage=True)
  File "/var/lib/juju/agents/unit-postgresql-k8s-gcp-0/charm/venv/ops/main.py", line 544, in main
    manager.run()
  File "/var/lib/juju/agents/unit-postgresql-k8s-gcp-0/charm/venv/ops/main.py", line 520, in run
    self._emit()
  File "/var/lib/juju/agents/unit-postgresql-k8s-gcp-0/charm/venv/ops/main.py", line 506, in _emit
    self.framework.reemit()
  File "/var/lib/juju/agents/unit-postgresql-k8s-gcp-0/charm/venv/ops/framework.py", line 861, in reemit
    self._reemit()
  File "/var/lib/juju/agents/unit-postgresql-k8s-gcp-0/charm/venv/ops/framework.py", line 941, in _reemit
    custom_handler(event)
  File "/var/lib/juju/agents/unit-postgresql-k8s-gcp-0/charm/./src/charm.py", line 772, in _on_postgresql_pebble_ready
    self.enable_disable_extensions()
  File "/var/lib/juju/agents/unit-postgresql-k8s-gcp-0/charm/./src/charm.py", line 518, in enable_disable_extensions
    if self._patroni.get_primary() is None:
  File "/var/lib/juju/agents/unit-postgresql-k8s-gcp-0/charm/src/patroni.py", line 139, in get_primary
    for attempt in Retrying(stop=stop_after_attempt(len(self._endpoints) + 1)):
  File "/var/lib/juju/agents/unit-postgresql-k8s-gcp-0/charm/venv/tenacity/__init__.py", line 435, in __iter__
    do = self.iter(retry_state=retry_state)
  File "/var/lib/juju/agents/unit-postgresql-k8s-gcp-0/charm/venv/tenacity/__init__.py", line 368, in iter
    result = action(retry_state)
  File "/var/lib/juju/agents/unit-postgresql-k8s-gcp-0/charm/venv/tenacity/__init__.py", line 411, in exc_check
    raise retry_exc from fut.exception()
tenacity.RetryError: RetryError[<Future at 0x7f31e5eb9b10 state=finished raised SSLError>]
unit-postgresql-k8s-gcp-0: 01:55:33 ERROR juju.worker.uniter.operation hook "secret-changed" (via hook dispatching script: dispatch) failed: exit status 1

[32mINFO    [0m pytest_operator.plugin:plugin.py:947 Forgetting model main...