{"uid":"291577790664b7f2","name":"test_upgrade","fullName":"tests.integration.ha_tests.test_upgrade_to_primary_label#test_upgrade","historyId":"12a7970a2e1ce98f9924c1319f954e0a","time":{"start":1730856958825,"stop":1730856958825,"duration":0},"status":"skipped","statusMessage":"XFAIL reason: aborted\n\n_pytest.outcomes.XFailed: aborted","statusTrace":"Traceback (most recent call last):\n  File \"/home/runner/work/test-runners-2-github-x64-postgresql-k8s-operator/test-runners-2-github-x64-postgresql-k8s-operator/.tox/integration/lib/python3.10/site-packages/_pytest/runner.py\", line 341, in from_call\n    result: TResult | None = func()\n  File \"/home/runner/work/test-runners-2-github-x64-postgresql-k8s-operator/test-runners-2-github-x64-postgresql-k8s-operator/.tox/integration/lib/python3.10/site-packages/_pytest/runner.py\", line 242, in <lambda>\n    lambda: runtest_hook(item=item, **kwds), when=when, reraise=reraise\n  File \"/home/runner/work/test-runners-2-github-x64-postgresql-k8s-operator/test-runners-2-github-x64-postgresql-k8s-operator/.tox/integration/lib/python3.10/site-packages/pluggy/_hooks.py\", line 513, in __call__\n    return self._hookexec(self.name, self._hookimpls.copy(), kwargs, firstresult)\n  File \"/home/runner/work/test-runners-2-github-x64-postgresql-k8s-operator/test-runners-2-github-x64-postgresql-k8s-operator/.tox/integration/lib/python3.10/site-packages/pluggy/_manager.py\", line 120, in _hookexec\n    return self._inner_hookexec(hook_name, methods, kwargs, firstresult)\n  File \"/home/runner/work/test-runners-2-github-x64-postgresql-k8s-operator/test-runners-2-github-x64-postgresql-k8s-operator/.tox/integration/lib/python3.10/site-packages/pluggy/_callers.py\", line 182, in _multicall\n    return outcome.get_result()\n  File \"/home/runner/work/test-runners-2-github-x64-postgresql-k8s-operator/test-runners-2-github-x64-postgresql-k8s-operator/.tox/integration/lib/python3.10/site-packages/pluggy/_result.py\", line 100, in get_result\n    raise exc.with_traceback(exc.__traceback__)\n  File \"/home/runner/work/test-runners-2-github-x64-postgresql-k8s-operator/test-runners-2-github-x64-postgresql-k8s-operator/.tox/integration/lib/python3.10/site-packages/pluggy/_callers.py\", line 167, in _multicall\n    teardown.throw(outcome._exception)\n  File \"/home/runner/work/test-runners-2-github-x64-postgresql-k8s-operator/test-runners-2-github-x64-postgresql-k8s-operator/.tox/integration/lib/python3.10/site-packages/_pytest/unraisableexception.py\", line 90, in pytest_runtest_setup\n    yield from unraisable_exception_runtest_hook()\n  File \"/home/runner/work/test-runners-2-github-x64-postgresql-k8s-operator/test-runners-2-github-x64-postgresql-k8s-operator/.tox/integration/lib/python3.10/site-packages/_pytest/unraisableexception.py\", line 70, in unraisable_exception_runtest_hook\n    yield\n  File \"/home/runner/work/test-runners-2-github-x64-postgresql-k8s-operator/test-runners-2-github-x64-postgresql-k8s-operator/.tox/integration/lib/python3.10/site-packages/pluggy/_callers.py\", line 167, in _multicall\n    teardown.throw(outcome._exception)\n  File \"/home/runner/work/test-runners-2-github-x64-postgresql-k8s-operator/test-runners-2-github-x64-postgresql-k8s-operator/.tox/integration/lib/python3.10/site-packages/_pytest/logging.py\", line 840, in pytest_runtest_setup\n    yield from self._runtest_for(item, \"setup\")\n  File \"/home/runner/work/test-runners-2-github-x64-postgresql-k8s-operator/test-runners-2-github-x64-postgresql-k8s-operator/.tox/integration/lib/python3.10/site-packages/_pytest/logging.py\", line 829, in _runtest_for\n    yield\n  File \"/home/runner/work/test-runners-2-github-x64-postgresql-k8s-operator/test-runners-2-github-x64-postgresql-k8s-operator/.tox/integration/lib/python3.10/site-packages/pluggy/_callers.py\", line 167, in _multicall\n    teardown.throw(outcome._exception)\n  File \"/home/runner/work/test-runners-2-github-x64-postgresql-k8s-operator/test-runners-2-github-x64-postgresql-k8s-operator/.tox/integration/lib/python3.10/site-packages/_pytest/capture.py\", line 875, in pytest_runtest_setup\n    return (yield)\n  File \"/home/runner/work/test-runners-2-github-x64-postgresql-k8s-operator/test-runners-2-github-x64-postgresql-k8s-operator/.tox/integration/lib/python3.10/site-packages/pluggy/_callers.py\", line 167, in _multicall\n    teardown.throw(outcome._exception)\n  File \"/home/runner/work/test-runners-2-github-x64-postgresql-k8s-operator/test-runners-2-github-x64-postgresql-k8s-operator/.tox/integration/lib/python3.10/site-packages/_pytest/threadexception.py\", line 87, in pytest_runtest_setup\n    yield from thread_exception_runtest_hook()\n  File \"/home/runner/work/test-runners-2-github-x64-postgresql-k8s-operator/test-runners-2-github-x64-postgresql-k8s-operator/.tox/integration/lib/python3.10/site-packages/_pytest/threadexception.py\", line 68, in thread_exception_runtest_hook\n    yield\n  File \"/home/runner/work/test-runners-2-github-x64-postgresql-k8s-operator/test-runners-2-github-x64-postgresql-k8s-operator/.tox/integration/lib/python3.10/site-packages/pluggy/_callers.py\", line 103, in _multicall\n    res = hook_impl.function(*args)\n  File \"/home/runner/work/test-runners-2-github-x64-postgresql-k8s-operator/test-runners-2-github-x64-postgresql-k8s-operator/.tox/integration/lib/python3.10/site-packages/_pytest/runner.py\", line 160, in pytest_runtest_setup\n    item.session._setupstate.setup(item)\n  File \"/home/runner/work/test-runners-2-github-x64-postgresql-k8s-operator/test-runners-2-github-x64-postgresql-k8s-operator/.tox/integration/lib/python3.10/site-packages/_pytest/runner.py\", line 514, in setup\n    col.setup()\n  File \"/home/runner/work/test-runners-2-github-x64-postgresql-k8s-operator/test-runners-2-github-x64-postgresql-k8s-operator/.tox/integration/lib/python3.10/site-packages/_pytest/python.py\", line 1630, in setup\n    self._request._fillfixtures()\n  File \"/home/runner/work/test-runners-2-github-x64-postgresql-k8s-operator/test-runners-2-github-x64-postgresql-k8s-operator/.tox/integration/lib/python3.10/site-packages/_pytest/fixtures.py\", line 697, in _fillfixtures\n    item.funcargs[argname] = self.getfixturevalue(argname)\n  File \"/home/runner/work/test-runners-2-github-x64-postgresql-k8s-operator/test-runners-2-github-x64-postgresql-k8s-operator/.tox/integration/lib/python3.10/site-packages/_pytest/fixtures.py\", line 532, in getfixturevalue\n    fixturedef = self._get_active_fixturedef(argname)\n  File \"/home/runner/work/test-runners-2-github-x64-postgresql-k8s-operator/test-runners-2-github-x64-postgresql-k8s-operator/.tox/integration/lib/python3.10/site-packages/_pytest/fixtures.py\", line 617, in _get_active_fixturedef\n    fixturedef.execute(request=subrequest)\n  File \"/home/runner/work/test-runners-2-github-x64-postgresql-k8s-operator/test-runners-2-github-x64-postgresql-k8s-operator/.tox/integration/lib/python3.10/site-packages/_pytest/fixtures.py\", line 1091, in execute\n    result = ihook.pytest_fixture_setup(fixturedef=self, request=request)\n  File \"/home/runner/work/test-runners-2-github-x64-postgresql-k8s-operator/test-runners-2-github-x64-postgresql-k8s-operator/.tox/integration/lib/python3.10/site-packages/pluggy/_hooks.py\", line 513, in __call__\n    return self._hookexec(self.name, self._hookimpls.copy(), kwargs, firstresult)\n  File \"/home/runner/work/test-runners-2-github-x64-postgresql-k8s-operator/test-runners-2-github-x64-postgresql-k8s-operator/.tox/integration/lib/python3.10/site-packages/pluggy/_manager.py\", line 120, in _hookexec\n    return self._inner_hookexec(hook_name, methods, kwargs, firstresult)\n  File \"/home/runner/work/test-runners-2-github-x64-postgresql-k8s-operator/test-runners-2-github-x64-postgresql-k8s-operator/.tox/integration/lib/python3.10/site-packages/pluggy/_callers.py\", line 182, in _multicall\n    return outcome.get_result()\n  File \"/home/runner/work/test-runners-2-github-x64-postgresql-k8s-operator/test-runners-2-github-x64-postgresql-k8s-operator/.tox/integration/lib/python3.10/site-packages/pluggy/_result.py\", line 100, in get_result\n    raise exc.with_traceback(exc.__traceback__)\n  File \"/home/runner/work/test-runners-2-github-x64-postgresql-k8s-operator/test-runners-2-github-x64-postgresql-k8s-operator/.tox/integration/lib/python3.10/site-packages/pluggy/_callers.py\", line 167, in _multicall\n    teardown.throw(outcome._exception)\n  File \"/home/runner/work/test-runners-2-github-x64-postgresql-k8s-operator/test-runners-2-github-x64-postgresql-k8s-operator/.tox/integration/lib/python3.10/site-packages/_pytest/setuponly.py\", line 36, in pytest_fixture_setup\n    return (yield)\n  File \"/home/runner/work/test-runners-2-github-x64-postgresql-k8s-operator/test-runners-2-github-x64-postgresql-k8s-operator/.tox/integration/lib/python3.10/site-packages/pluggy/_callers.py\", line 103, in _multicall\n    res = hook_impl.function(*args)\n  File \"/home/runner/work/test-runners-2-github-x64-postgresql-k8s-operator/test-runners-2-github-x64-postgresql-k8s-operator/.tox/integration/lib/python3.10/site-packages/_pytest/fixtures.py\", line 1140, in pytest_fixture_setup\n    result = call_fixture_func(fixturefunc, request, kwargs)\n  File \"/home/runner/work/test-runners-2-github-x64-postgresql-k8s-operator/test-runners-2-github-x64-postgresql-k8s-operator/.tox/integration/lib/python3.10/site-packages/_pytest/fixtures.py\", line 891, in call_fixture_func\n    fixture_result = next(generator)\n  File \"/home/runner/work/test-runners-2-github-x64-postgresql-k8s-operator/test-runners-2-github-x64-postgresql-k8s-operator/.tox/integration/lib/python3.10/site-packages/pytest_operator/plugin.py\", line 234, in abort_on_fail\n    pytest.xfail(\"aborted\")\n  File \"/home/runner/work/test-runners-2-github-x64-postgresql-k8s-operator/test-runners-2-github-x64-postgresql-k8s-operator/.tox/integration/lib/python3.10/site-packages/_pytest/outcomes.py\", line 206, in xfail\n    raise XFailed(reason)\n_pytest.outcomes.XFailed: aborted","flaky":false,"newFailed":false,"newBroken":false,"newPassed":false,"retriesCount":1,"retriesStatusChange":true,"beforeStages":[{"name":"event_loop","time":{"start":1730856664588,"stop":1730856664589,"duration":1},"status":"passed","steps":[],"attachments":[],"parameters":[],"stepsCount":0,"shouldDisplayMessage":false,"attachmentsCount":0,"hasContent":false,"attachmentStep":false},{"name":"tmp_path_factory","time":{"start":1730856664589,"stop":1730856664589,"duration":0},"status":"passed","steps":[],"attachments":[],"parameters":[],"stepsCount":0,"shouldDisplayMessage":false,"attachmentsCount":0,"hasContent":false,"attachmentStep":false},{"name":"ops_test","time":{"start":1730856664589,"stop":1730856664822,"duration":233},"status":"passed","steps":[],"attachments":[],"parameters":[],"stepsCount":0,"shouldDisplayMessage":false,"attachmentsCount":0,"hasContent":false,"attachmentStep":false},{"name":"abort_on_fail","time":{"start":1730856958825,"stop":1730856958825,"duration":0},"status":"failed","statusMessage":"_pytest.outcomes.XFailed: aborted\n","statusTrace":"  File \"/home/runner/work/test-runners-2-github-x64-postgresql-k8s-operator/test-runners-2-github-x64-postgresql-k8s-operator/.tox/integration/lib/python3.10/site-packages/pluggy/_callers.py\", line 167, in _multicall\n    teardown.throw(outcome._exception)\n  File \"/home/runner/work/test-runners-2-github-x64-postgresql-k8s-operator/test-runners-2-github-x64-postgresql-k8s-operator/.tox/integration/lib/python3.10/site-packages/_pytest/setuponly.py\", line 36, in pytest_fixture_setup\n    return (yield)\n  File \"/home/runner/work/test-runners-2-github-x64-postgresql-k8s-operator/test-runners-2-github-x64-postgresql-k8s-operator/.tox/integration/lib/python3.10/site-packages/pluggy/_callers.py\", line 103, in _multicall\n    res = hook_impl.function(*args)\n  File \"/home/runner/work/test-runners-2-github-x64-postgresql-k8s-operator/test-runners-2-github-x64-postgresql-k8s-operator/.tox/integration/lib/python3.10/site-packages/_pytest/fixtures.py\", line 1140, in pytest_fixture_setup\n    result = call_fixture_func(fixturefunc, request, kwargs)\n  File \"/home/runner/work/test-runners-2-github-x64-postgresql-k8s-operator/test-runners-2-github-x64-postgresql-k8s-operator/.tox/integration/lib/python3.10/site-packages/_pytest/fixtures.py\", line 891, in call_fixture_func\n    fixture_result = next(generator)\n  File \"/home/runner/work/test-runners-2-github-x64-postgresql-k8s-operator/test-runners-2-github-x64-postgresql-k8s-operator/.tox/integration/lib/python3.10/site-packages/pytest_operator/plugin.py\", line 234, in abort_on_fail\n    pytest.xfail(\"aborted\")\n  File \"/home/runner/work/test-runners-2-github-x64-postgresql-k8s-operator/test-runners-2-github-x64-postgresql-k8s-operator/.tox/integration/lib/python3.10/site-packages/_pytest/outcomes.py\", line 206, in xfail\n    raise XFailed(reason)\n","steps":[],"attachments":[],"parameters":[],"stepsCount":0,"shouldDisplayMessage":true,"attachmentsCount":0,"hasContent":true,"attachmentStep":false}],"testStage":{"status":"skipped","statusMessage":"XFAIL reason: aborted\n\n_pytest.outcomes.XFailed: aborted","statusTrace":"Traceback (most recent call last):\n  File \"/home/runner/work/test-runners-2-github-x64-postgresql-k8s-operator/test-runners-2-github-x64-postgresql-k8s-operator/.tox/integration/lib/python3.10/site-packages/_pytest/runner.py\", line 341, in from_call\n    result: TResult | None = func()\n  File \"/home/runner/work/test-runners-2-github-x64-postgresql-k8s-operator/test-runners-2-github-x64-postgresql-k8s-operator/.tox/integration/lib/python3.10/site-packages/_pytest/runner.py\", line 242, in <lambda>\n    lambda: runtest_hook(item=item, **kwds), when=when, reraise=reraise\n  File \"/home/runner/work/test-runners-2-github-x64-postgresql-k8s-operator/test-runners-2-github-x64-postgresql-k8s-operator/.tox/integration/lib/python3.10/site-packages/pluggy/_hooks.py\", line 513, in __call__\n    return self._hookexec(self.name, self._hookimpls.copy(), kwargs, firstresult)\n  File \"/home/runner/work/test-runners-2-github-x64-postgresql-k8s-operator/test-runners-2-github-x64-postgresql-k8s-operator/.tox/integration/lib/python3.10/site-packages/pluggy/_manager.py\", line 120, in _hookexec\n    return self._inner_hookexec(hook_name, methods, kwargs, firstresult)\n  File \"/home/runner/work/test-runners-2-github-x64-postgresql-k8s-operator/test-runners-2-github-x64-postgresql-k8s-operator/.tox/integration/lib/python3.10/site-packages/pluggy/_callers.py\", line 182, in _multicall\n    return outcome.get_result()\n  File \"/home/runner/work/test-runners-2-github-x64-postgresql-k8s-operator/test-runners-2-github-x64-postgresql-k8s-operator/.tox/integration/lib/python3.10/site-packages/pluggy/_result.py\", line 100, in get_result\n    raise exc.with_traceback(exc.__traceback__)\n  File \"/home/runner/work/test-runners-2-github-x64-postgresql-k8s-operator/test-runners-2-github-x64-postgresql-k8s-operator/.tox/integration/lib/python3.10/site-packages/pluggy/_callers.py\", line 167, in _multicall\n    teardown.throw(outcome._exception)\n  File \"/home/runner/work/test-runners-2-github-x64-postgresql-k8s-operator/test-runners-2-github-x64-postgresql-k8s-operator/.tox/integration/lib/python3.10/site-packages/_pytest/unraisableexception.py\", line 90, in pytest_runtest_setup\n    yield from unraisable_exception_runtest_hook()\n  File \"/home/runner/work/test-runners-2-github-x64-postgresql-k8s-operator/test-runners-2-github-x64-postgresql-k8s-operator/.tox/integration/lib/python3.10/site-packages/_pytest/unraisableexception.py\", line 70, in unraisable_exception_runtest_hook\n    yield\n  File \"/home/runner/work/test-runners-2-github-x64-postgresql-k8s-operator/test-runners-2-github-x64-postgresql-k8s-operator/.tox/integration/lib/python3.10/site-packages/pluggy/_callers.py\", line 167, in _multicall\n    teardown.throw(outcome._exception)\n  File \"/home/runner/work/test-runners-2-github-x64-postgresql-k8s-operator/test-runners-2-github-x64-postgresql-k8s-operator/.tox/integration/lib/python3.10/site-packages/_pytest/logging.py\", line 840, in pytest_runtest_setup\n    yield from self._runtest_for(item, \"setup\")\n  File \"/home/runner/work/test-runners-2-github-x64-postgresql-k8s-operator/test-runners-2-github-x64-postgresql-k8s-operator/.tox/integration/lib/python3.10/site-packages/_pytest/logging.py\", line 829, in _runtest_for\n    yield\n  File \"/home/runner/work/test-runners-2-github-x64-postgresql-k8s-operator/test-runners-2-github-x64-postgresql-k8s-operator/.tox/integration/lib/python3.10/site-packages/pluggy/_callers.py\", line 167, in _multicall\n    teardown.throw(outcome._exception)\n  File \"/home/runner/work/test-runners-2-github-x64-postgresql-k8s-operator/test-runners-2-github-x64-postgresql-k8s-operator/.tox/integration/lib/python3.10/site-packages/_pytest/capture.py\", line 875, in pytest_runtest_setup\n    return (yield)\n  File \"/home/runner/work/test-runners-2-github-x64-postgresql-k8s-operator/test-runners-2-github-x64-postgresql-k8s-operator/.tox/integration/lib/python3.10/site-packages/pluggy/_callers.py\", line 167, in _multicall\n    teardown.throw(outcome._exception)\n  File \"/home/runner/work/test-runners-2-github-x64-postgresql-k8s-operator/test-runners-2-github-x64-postgresql-k8s-operator/.tox/integration/lib/python3.10/site-packages/_pytest/threadexception.py\", line 87, in pytest_runtest_setup\n    yield from thread_exception_runtest_hook()\n  File \"/home/runner/work/test-runners-2-github-x64-postgresql-k8s-operator/test-runners-2-github-x64-postgresql-k8s-operator/.tox/integration/lib/python3.10/site-packages/_pytest/threadexception.py\", line 68, in thread_exception_runtest_hook\n    yield\n  File \"/home/runner/work/test-runners-2-github-x64-postgresql-k8s-operator/test-runners-2-github-x64-postgresql-k8s-operator/.tox/integration/lib/python3.10/site-packages/pluggy/_callers.py\", line 103, in _multicall\n    res = hook_impl.function(*args)\n  File \"/home/runner/work/test-runners-2-github-x64-postgresql-k8s-operator/test-runners-2-github-x64-postgresql-k8s-operator/.tox/integration/lib/python3.10/site-packages/_pytest/runner.py\", line 160, in pytest_runtest_setup\n    item.session._setupstate.setup(item)\n  File \"/home/runner/work/test-runners-2-github-x64-postgresql-k8s-operator/test-runners-2-github-x64-postgresql-k8s-operator/.tox/integration/lib/python3.10/site-packages/_pytest/runner.py\", line 514, in setup\n    col.setup()\n  File \"/home/runner/work/test-runners-2-github-x64-postgresql-k8s-operator/test-runners-2-github-x64-postgresql-k8s-operator/.tox/integration/lib/python3.10/site-packages/_pytest/python.py\", line 1630, in setup\n    self._request._fillfixtures()\n  File \"/home/runner/work/test-runners-2-github-x64-postgresql-k8s-operator/test-runners-2-github-x64-postgresql-k8s-operator/.tox/integration/lib/python3.10/site-packages/_pytest/fixtures.py\", line 697, in _fillfixtures\n    item.funcargs[argname] = self.getfixturevalue(argname)\n  File \"/home/runner/work/test-runners-2-github-x64-postgresql-k8s-operator/test-runners-2-github-x64-postgresql-k8s-operator/.tox/integration/lib/python3.10/site-packages/_pytest/fixtures.py\", line 532, in getfixturevalue\n    fixturedef = self._get_active_fixturedef(argname)\n  File \"/home/runner/work/test-runners-2-github-x64-postgresql-k8s-operator/test-runners-2-github-x64-postgresql-k8s-operator/.tox/integration/lib/python3.10/site-packages/_pytest/fixtures.py\", line 617, in _get_active_fixturedef\n    fixturedef.execute(request=subrequest)\n  File \"/home/runner/work/test-runners-2-github-x64-postgresql-k8s-operator/test-runners-2-github-x64-postgresql-k8s-operator/.tox/integration/lib/python3.10/site-packages/_pytest/fixtures.py\", line 1091, in execute\n    result = ihook.pytest_fixture_setup(fixturedef=self, request=request)\n  File \"/home/runner/work/test-runners-2-github-x64-postgresql-k8s-operator/test-runners-2-github-x64-postgresql-k8s-operator/.tox/integration/lib/python3.10/site-packages/pluggy/_hooks.py\", line 513, in __call__\n    return self._hookexec(self.name, self._hookimpls.copy(), kwargs, firstresult)\n  File \"/home/runner/work/test-runners-2-github-x64-postgresql-k8s-operator/test-runners-2-github-x64-postgresql-k8s-operator/.tox/integration/lib/python3.10/site-packages/pluggy/_manager.py\", line 120, in _hookexec\n    return self._inner_hookexec(hook_name, methods, kwargs, firstresult)\n  File \"/home/runner/work/test-runners-2-github-x64-postgresql-k8s-operator/test-runners-2-github-x64-postgresql-k8s-operator/.tox/integration/lib/python3.10/site-packages/pluggy/_callers.py\", line 182, in _multicall\n    return outcome.get_result()\n  File \"/home/runner/work/test-runners-2-github-x64-postgresql-k8s-operator/test-runners-2-github-x64-postgresql-k8s-operator/.tox/integration/lib/python3.10/site-packages/pluggy/_result.py\", line 100, in get_result\n    raise exc.with_traceback(exc.__traceback__)\n  File \"/home/runner/work/test-runners-2-github-x64-postgresql-k8s-operator/test-runners-2-github-x64-postgresql-k8s-operator/.tox/integration/lib/python3.10/site-packages/pluggy/_callers.py\", line 167, in _multicall\n    teardown.throw(outcome._exception)\n  File \"/home/runner/work/test-runners-2-github-x64-postgresql-k8s-operator/test-runners-2-github-x64-postgresql-k8s-operator/.tox/integration/lib/python3.10/site-packages/_pytest/setuponly.py\", line 36, in pytest_fixture_setup\n    return (yield)\n  File \"/home/runner/work/test-runners-2-github-x64-postgresql-k8s-operator/test-runners-2-github-x64-postgresql-k8s-operator/.tox/integration/lib/python3.10/site-packages/pluggy/_callers.py\", line 103, in _multicall\n    res = hook_impl.function(*args)\n  File \"/home/runner/work/test-runners-2-github-x64-postgresql-k8s-operator/test-runners-2-github-x64-postgresql-k8s-operator/.tox/integration/lib/python3.10/site-packages/_pytest/fixtures.py\", line 1140, in pytest_fixture_setup\n    result = call_fixture_func(fixturefunc, request, kwargs)\n  File \"/home/runner/work/test-runners-2-github-x64-postgresql-k8s-operator/test-runners-2-github-x64-postgresql-k8s-operator/.tox/integration/lib/python3.10/site-packages/_pytest/fixtures.py\", line 891, in call_fixture_func\n    fixture_result = next(generator)\n  File \"/home/runner/work/test-runners-2-github-x64-postgresql-k8s-operator/test-runners-2-github-x64-postgresql-k8s-operator/.tox/integration/lib/python3.10/site-packages/pytest_operator/plugin.py\", line 234, in abort_on_fail\n    pytest.xfail(\"aborted\")\n  File \"/home/runner/work/test-runners-2-github-x64-postgresql-k8s-operator/test-runners-2-github-x64-postgresql-k8s-operator/.tox/integration/lib/python3.10/site-packages/_pytest/outcomes.py\", line 206, in xfail\n    raise XFailed(reason)\n_pytest.outcomes.XFailed: aborted","steps":[],"attachments":[{"uid":"e9d650b690217616","name":"log","source":"e9d650b690217616.txt","type":"text/plain","size":1045}],"parameters":[],"stepsCount":0,"shouldDisplayMessage":true,"attachmentsCount":1,"hasContent":true,"attachmentStep":false},"afterStages":[{"name":"ops_test::finalizer","time":{"start":1730856958827,"stop":1730856959228,"duration":401},"status":"passed","steps":[],"attachments":[],"parameters":[],"stepsCount":0,"shouldDisplayMessage":false,"attachmentsCount":0,"hasContent":false,"attachmentStep":false},{"name":"event_loop::2","time":{"start":1730856959229,"stop":1730856959229,"duration":0},"status":"passed","steps":[],"attachments":[],"parameters":[],"stepsCount":0,"shouldDisplayMessage":false,"attachmentsCount":0,"hasContent":false,"attachmentStep":false},{"name":"event_loop::_close_event_loop","time":{"start":1730856959229,"stop":1730856959229,"duration":0},"status":"passed","steps":[],"attachments":[],"parameters":[],"stepsCount":0,"shouldDisplayMessage":false,"attachmentsCount":0,"hasContent":false,"attachmentStep":false},{"name":"event_loop::_provide_clean_event_loop","time":{"start":1730856959229,"stop":1730856959230,"duration":1},"status":"passed","steps":[],"attachments":[],"parameters":[],"stepsCount":0,"shouldDisplayMessage":false,"attachmentsCount":0,"hasContent":false,"attachmentStep":false}],"labels":[{"name":"tag","value":"@pytest.mark.skipif(False, reason='Requires amd64 architecture')"},{"name":"tag","value":"unstable"},{"name":"tag","value":"group(1)"},{"name":"tag","value":"asyncio"},{"name":"parentSuite","value":"tests.integration.ha_tests"},{"name":"suite","value":"test_upgrade_to_primary_label"},{"name":"host","value":"fv-az1116-198"},{"name":"thread","value":"13062-MainThread"},{"name":"framework","value":"pytest"},{"name":"language","value":"cpython3"},{"name":"package","value":"tests.integration.ha_tests.test_upgrade_to_primary_label"},{"name":"resultFormat","value":"allure2"}],"parameters":[],"links":[],"hidden":false,"retry":false,"extra":{"severity":"normal","retries":[{"uid":"91625de91d1e1515","status":"unknown","time":{}}],"categories":[],"history":{"statistic":{"failed":0,"broken":0,"skipped":41,"passed":0,"unknown":1,"total":42},"items":[{"uid":"b32f8bc5cd811d4a","reportUrl":"../228//#testresult/b32f8bc5cd811d4a","status":"skipped","statusDetails":"XFAIL reason: aborted\n\n_pytest.outcomes.XFailed: aborted","time":{"start":1730770757838,"stop":1730770757838,"duration":0}},{"uid":"9860e4e2dcf463a0","reportUrl":"../227//#testresult/9860e4e2dcf463a0","status":"skipped","statusDetails":"XFAIL reason: aborted\n\n_pytest.outcomes.XFailed: aborted","time":{"start":1730684131935,"stop":1730684131935,"duration":0}},{"uid":"b6a14daf08b149be","reportUrl":"../226//#testresult/b6a14daf08b149be","status":"skipped","statusDetails":"XFAIL reason: aborted\n\n_pytest.outcomes.XFailed: aborted","time":{"start":1730597822564,"stop":1730597822564,"duration":0}},{"uid":"4c99eb2a8332ab87","reportUrl":"../225//#testresult/4c99eb2a8332ab87","status":"skipped","statusDetails":"XFAIL reason: aborted\n\n_pytest.outcomes.XFailed: aborted","time":{"start":1730511341016,"stop":1730511341016,"duration":0}},{"uid":"b348bad5dd6f4928","reportUrl":"../224//#testresult/b348bad5dd6f4928","status":"skipped","statusDetails":"XFAIL reason: aborted\n\n_pytest.outcomes.XFailed: aborted","time":{"start":1730424976155,"stop":1730424976155,"duration":0}},{"uid":"4695b438b0eedc28","reportUrl":"../223//#testresult/4695b438b0eedc28","status":"skipped","statusDetails":"XFAIL reason: aborted\n\n_pytest.outcomes.XFailed: aborted","time":{"start":1730338578518,"stop":1730338578518,"duration":0}},{"uid":"29ac88260e196e00","reportUrl":"../222//#testresult/29ac88260e196e00","status":"skipped","statusDetails":"XFAIL reason: aborted\n\n_pytest.outcomes.XFailed: aborted","time":{"start":1730252163310,"stop":1730252163310,"duration":0}},{"uid":"4f73c651ef09e1d","reportUrl":"../221//#testresult/4f73c651ef09e1d","status":"skipped","statusDetails":"XFAIL reason: aborted\n\n_pytest.outcomes.XFailed: aborted","time":{"start":1730165761397,"stop":1730165761397,"duration":0}},{"uid":"a10b2a2d12e3463c","reportUrl":"../220//#testresult/a10b2a2d12e3463c","status":"skipped","statusDetails":"XFAIL reason: aborted\n\n_pytest.outcomes.XFailed: aborted","time":{"start":1730079421072,"stop":1730079421072,"duration":0}},{"uid":"68858c82d9bc3387","reportUrl":"../219//#testresult/68858c82d9bc3387","status":"skipped","statusDetails":"XFAIL reason: aborted\n\n_pytest.outcomes.XFailed: aborted","time":{"start":1729992989313,"stop":1729992989313,"duration":0}},{"uid":"46877803077b6f6d","reportUrl":"../218//#testresult/46877803077b6f6d","status":"skipped","statusDetails":"XFAIL reason: aborted\n\n_pytest.outcomes.XFailed: aborted","time":{"start":1729906555759,"stop":1729906555759,"duration":0}},{"uid":"bd48723c92ff3758","reportUrl":"../217//#testresult/bd48723c92ff3758","status":"skipped","statusDetails":"XFAIL reason: aborted\n\n_pytest.outcomes.XFailed: aborted","time":{"start":1729820188328,"stop":1729820188328,"duration":0}},{"uid":"118824b9e9231dc4","reportUrl":"../216//#testresult/118824b9e9231dc4","status":"skipped","statusDetails":"XFAIL reason: aborted\n\n_pytest.outcomes.XFailed: aborted","time":{"start":1729733791174,"stop":1729733791174,"duration":0}},{"uid":"816e6461afe03290","reportUrl":"../215//#testresult/816e6461afe03290","status":"skipped","statusDetails":"XFAIL reason: aborted\n\n_pytest.outcomes.XFailed: aborted","time":{"start":1729647461237,"stop":1729647461237,"duration":0}},{"uid":"385ea4ada3278c97","reportUrl":"../214//#testresult/385ea4ada3278c97","status":"skipped","statusDetails":"XFAIL reason: aborted\n\n_pytest.outcomes.XFailed: aborted","time":{"start":1729561122269,"stop":1729561122269,"duration":0}},{"uid":"41854489d7df2ac6","reportUrl":"../213//#testresult/41854489d7df2ac6","status":"skipped","statusDetails":"XFAIL reason: aborted\n\n_pytest.outcomes.XFailed: aborted","time":{"start":1729474646323,"stop":1729474646323,"duration":0}},{"uid":"204c286e2926ae28","reportUrl":"../212//#testresult/204c286e2926ae28","status":"skipped","statusDetails":"XFAIL reason: aborted\n\n_pytest.outcomes.XFailed: aborted","time":{"start":1729388187096,"stop":1729388187096,"duration":0}},{"uid":"a0d72c8ad0740d5d","reportUrl":"../211//#testresult/a0d72c8ad0740d5d","status":"skipped","statusDetails":"XFAIL reason: aborted\n\n_pytest.outcomes.XFailed: aborted","time":{"start":1729301782013,"stop":1729301782013,"duration":0}},{"uid":"2a196a744f72fcc3","reportUrl":"../210//#testresult/2a196a744f72fcc3","status":"skipped","statusDetails":"XFAIL reason: aborted\n\n_pytest.outcomes.XFailed: aborted","time":{"start":1729215489236,"stop":1729215489237,"duration":1}},{"uid":"dfffd3a7164971e4","reportUrl":"../209//#testresult/dfffd3a7164971e4","status":"skipped","statusDetails":"XFAIL reason: aborted\n\n_pytest.outcomes.XFailed: aborted","time":{"start":1729129124270,"stop":1729129124270,"duration":0}}]},"tags":["unstable","asyncio","@pytest.mark.skipif(False, reason='Requires amd64 architecture')","group(1)"]},"source":"291577790664b7f2.json","parameterValues":[]}