[32mINFO    [0m pytest_operator.plugin:plugin.py:766 Connecting to existing model microk8s-localhost:test on unspecified cloud
[32mINFO    [0m juju.model:model.py:2098 Deploying ch:amd64/jammy/s3-integrator-77
[32mINFO    [0m juju.model:model.py:2098 Deploying ch:amd64/jammy/self-signed-certificates-155
[32mINFO    [0m juju.model:model.py:2098 Deploying local:jammy/postgresql-k8s-0
[33mWARNING [0m juju.model:model.py:1564 relate is deprecated and will be removed. Use integrate instead.
[32mINFO    [0m juju.model:model.py:2972 Waiting for model:
  postgresql-k8s-gcp/0 [allocating] waiting: installing agent
  postgresql-k8s-gcp/1 [allocating] waiting: installing agent
[32mINFO    [0m juju.model:model.py:2972 Waiting for model:
  postgresql-k8s-gcp/0 [executing] maintenance: installing charm software
  postgresql-k8s-gcp/1 [executing] maintenance: installing charm software
[32mINFO    [0m juju.model:model.py:2972 Waiting for model:
  postgresql-k8s-gcp/0 [executing] waiting: awaiting for cluster to start
  postgresql-k8s-gcp/1 [executing] unknown: 
[32mINFO    [0m juju.model:model.py:2972 Waiting for model:
  postgresql-k8s-gcp/0 [idle] waiting: awaiting for primary endpoint to be ready
  postgresql-k8s-gcp/1 [executing] unknown: 
[32mINFO    [0m juju.model:model.py:2972 Waiting for model:
  postgresql-k8s-gcp/0 [idle] active: Primary
  postgresql-k8s-gcp/1 [idle] waiting: awaiting for cluster to start
[32mINFO    [0m juju.model:model.py:2972 Waiting for model:
  postgresql-k8s-gcp/0 [idle] maintenance: reconfiguring cluster
  postgresql-k8s-gcp/1 [idle] waiting: awaiting for cluster to start
[32mINFO    [0m juju.model:model.py:2972 Waiting for model:
  postgresql-k8s-gcp/0 [idle] active: 
  postgresql-k8s-gcp/1 [idle] active: 
[32mINFO    [0m juju.model:model.py:2972 Waiting for model:
  postgresql-k8s-gcp/0 [executing] active: Primary
  postgresql-k8s-gcp/1 [executing] active: 
[32mINFO    [0m juju.model:model.py:2972 Waiting for model:
  postgresql-k8s-gcp/0 [idle] active: Primary
  postgresql-k8s-gcp/1 [idle] active: 
[33mWARNING [0m juju.model:model.py:1564 relate is deprecated and will be removed. Use integrate instead.
[32mINFO    [0m integration.test_backups_pitr:test_backups_pitr.py:123 configuring S3 integrator for gcp
[32mINFO    [0m juju.model:model.py:2972 Waiting for model:
  postgresql-k8s-gcp/0 [executing] active: Primary
  postgresql-k8s-gcp/1 [executing] active: 
  s3-integrator/0 [executing] blocked: Missing parameters: ['access-key', 'secret-key']
[32mINFO    [0m juju.model:model.py:2972 Waiting for model:
  s3-integrator/0 [idle] blocked: Missing parameters: ['access-key', 'secret-key']
[32mINFO    [0m juju.model:model.py:2972 Waiting for model:
  s3-integrator/0 [idle] blocked: Missing parameters: ['access-key', 'secret-key']
[32mINFO    [0m juju.model:model.py:2972 Waiting for model:
  s3-integrator/0 [idle] blocked: Missing parameters: ['access-key', 'secret-key']
[32mINFO    [0m juju.model:model.py:2972 Waiting for model:
  s3-integrator/0 [idle] blocked: Missing parameters: ['access-key', 'secret-key']
[32mINFO    [0m juju.model:model.py:2972 Waiting for model:
  s3-integrator/0 [idle] blocked: Missing parameters: ['access-key', 'secret-key']
[32mINFO    [0m juju.model:model.py:2972 Waiting for model:
  s3-integrator/0 [idle] blocked: Missing parameters: ['access-key', 'secret-key']
[32mINFO    [0m juju.model:model.py:2972 Waiting for model:
  s3-integrator/0 [idle] blocked: Missing parameters: ['access-key', 'secret-key']
[32mINFO    [0m juju.model:model.py:2972 Waiting for model:
  s3-integrator/0 [idle] blocked: Missing parameters: ['access-key', 'secret-key']
[32mINFO    [0m juju.model:model.py:2972 Waiting for model:
  s3-integrator/0 [idle] blocked: Missing parameters: ['access-key', 'secret-key']
[32mINFO    [0m juju.model:model.py:2972 Waiting for model:
  s3-integrator/0 [idle] blocked: Missing parameters: ['access-key', 'secret-key']
[32mINFO    [0m juju.model:model.py:2972 Waiting for model:
  s3-integrator/0 [idle] blocked: Missing parameters: ['access-key', 'secret-key']
[32mINFO    [0m juju.model:model.py:2972 Waiting for model:
  s3-integrator/0 [idle] blocked: Missing parameters: ['access-key', 'secret-key']
[32mINFO    [0m juju.model:model.py:2972 Waiting for model:
  s3-integrator/0 [idle] blocked: Missing parameters: ['access-key', 'secret-key']
[32mINFO    [0m juju.model:model.py:2972 Waiting for model:
  s3-integrator/0 [idle] blocked: Missing parameters: ['access-key', 'secret-key']
[32mINFO    [0m juju.model:model.py:2972 Waiting for model:
  s3-integrator/0 [idle] blocked: Missing parameters: ['access-key', 'secret-key']
[32mINFO    [0m juju.model:model.py:2972 Waiting for model:
  s3-integrator/0 [idle] blocked: Missing parameters: ['access-key', 'secret-key']
[32mINFO    [0m juju.model:model.py:2972 Waiting for model:
  s3-integrator/0 [idle] blocked: Missing parameters: ['access-key', 'secret-key']
[32mINFO    [0m juju.model:model.py:2972 Waiting for model:
  s3-integrator/0 [idle] blocked: Missing parameters: ['access-key', 'secret-key']
[32mINFO    [0m juju.model:model.py:2972 Waiting for model:
  s3-integrator/0 [idle] blocked: Missing parameters: ['access-key', 'secret-key']
[32mINFO    [0m juju.model:model.py:2972 Waiting for model:
  s3-integrator/0 [idle] blocked: Missing parameters: ['access-key', 'secret-key']
[32mINFO    [0m juju.model:model.py:2972 Waiting for model:
  s3-integrator/0 [idle] blocked: Missing parameters: ['access-key', 'secret-key']
[32mINFO    [0m juju.model:model.py:2972 Waiting for model:
  s3-integrator/0 [idle] blocked: Missing parameters: ['access-key', 'secret-key']
[32mINFO    [0m juju.model:model.py:2972 Waiting for model:
  s3-integrator/0 [idle] blocked: Missing parameters: ['access-key', 'secret-key']
[32mINFO    [0m juju.model:model.py:2972 Waiting for model:
  s3-integrator/0 [idle] blocked: Missing parameters: ['access-key', 'secret-key']
[32mINFO    [0m juju.model:model.py:2972 Waiting for model:
  s3-integrator/0 [idle] blocked: Missing parameters: ['access-key', 'secret-key']
[32mINFO    [0m juju.model:model.py:2972 Waiting for model:
  s3-integrator/0 [idle] blocked: Missing parameters: ['access-key', 'secret-key']
[32mINFO    [0m juju.model:model.py:2972 Waiting for model:
  s3-integrator/0 [idle] blocked: Missing parameters: ['access-key', 'secret-key']
[32mINFO    [0m juju.model:model.py:2972 Waiting for model:
  s3-integrator/0 [idle] blocked: Missing parameters: ['access-key', 'secret-key']
[32mINFO    [0m juju.model:model.py:2972 Waiting for model:
  s3-integrator/0 [idle] blocked: Missing parameters: ['access-key', 'secret-key']
[32mINFO    [0m juju.model:model.py:2972 Waiting for model:
  s3-integrator/0 [idle] blocked: Missing parameters: ['access-key', 'secret-key']
[32mINFO    [0m juju.model:model.py:2972 Waiting for model:
  s3-integrator/0 [idle] blocked: Missing parameters: ['access-key', 'secret-key']
[32mINFO    [0m juju.model:model.py:2972 Waiting for model:
  s3-integrator/0 [idle] blocked: Missing parameters: ['access-key', 'secret-key']
[32mINFO    [0m juju.model:model.py:2972 Waiting for model:
  s3-integrator/0 [idle] blocked: Missing parameters: ['access-key', 'secret-key']
[32mINFO    [0m integration.test_backups_pitr:test_backups_pitr.py:79 deleting the previously created backups
[32mINFO    [0m pytest_operator.plugin:plugin.py:903 Model status:

Model  Controller          Cloud/Region        Version  SLA          Timestamp
test   microk8s-localhost  microk8s/localhost  3.4.5    unsupported  01:57:00Z

App                       Version  Status   Scale  Charm                     Channel        Rev  Address         Exposed  Message
postgresql-k8s-gcp        14.13    active       2  postgresql-k8s                             0  10.152.183.229  no       
s3-integrator                      waiting      1  s3-integrator             latest/stable   77  10.152.183.86   no       installing agent
self-signed-certificates           active       1  self-signed-certificates  latest/stable  155  10.152.183.48   no       

Unit                         Workload  Agent  Address      Ports  Message
postgresql-k8s-gcp/0*        active    idle   10.1.115.76         Primary
postgresql-k8s-gcp/1         active    idle   10.1.115.77         
s3-integrator/0*             blocked   idle   10.1.115.72         Missing parameters: ['access-key', 'secret-key']
self-signed-certificates/0*  active    idle   10.1.115.73         

[32mINFO    [0m pytest_operator.plugin:plugin.py:909 Juju error logs:

unit-postgresql-k8s-gcp-1: 01:38:44 ERROR unit.postgresql-k8s-gcp/1.juju-log failed to change plugins: 
Traceback (most recent call last):
  File "/var/lib/juju/agents/unit-postgresql-k8s-gcp-1/charm/lib/charms/postgresql_k8s/v0/postgresql.py", line 326, in enable_disable_extensions
    with self._connect_to_database() as connection, connection.cursor() as cursor:
  File "/var/lib/juju/agents/unit-postgresql-k8s-gcp-1/charm/lib/charms/tempo_k8s/v1/charm_tracing.py", line 735, in wrapped_function
    return callable(*args, **kwargs)  # type: ignore
  File "/var/lib/juju/agents/unit-postgresql-k8s-gcp-1/charm/lib/charms/postgresql_k8s/v0/postgresql.py", line 150, in _connect_to_database
    connection = psycopg2.connect(
  File "/var/lib/juju/agents/unit-postgresql-k8s-gcp-1/charm/venv/psycopg2/__init__.py", line 122, in connect
    conn = _connect(dsn, connection_factory=connection_factory, **kwasync)
psycopg2.OperationalError: connection to server at "postgresql-k8s-gcp-primary.test.svc.cluster.local" (10.152.183.20), port 5432 failed: Connection refused
	Is the server running on that host and accepting TCP/IP connections?


During handling of the above exception, another exception occurred:

Traceback (most recent call last):
  File "/var/lib/juju/agents/unit-postgresql-k8s-gcp-1/charm/./src/charm.py", line 707, in _handle_enable_disable_extensions
    self.postgresql.enable_disable_extensions(extensions, database)
  File "/var/lib/juju/agents/unit-postgresql-k8s-gcp-1/charm/lib/charms/tempo_k8s/v1/charm_tracing.py", line 735, in wrapped_function
    return callable(*args, **kwargs)  # type: ignore
  File "/var/lib/juju/agents/unit-postgresql-k8s-gcp-1/charm/lib/charms/postgresql_k8s/v0/postgresql.py", line 353, in enable_disable_extensions
    raise PostgreSQLEnableDisableExtensionError()
charms.postgresql_k8s.v0.postgresql.PostgreSQLEnableDisableExtensionError

[32mINFO    [0m pytest_operator.plugin:plugin.py:991 Forgetting model main...