[32mINFO    [0m juju.model:model.py:2097 Deploying ch:amd64/focal/indico-213
[32mINFO    [0m juju.model:model.py:2097 Deploying ch:amd64/focal/redis-k8s-7
[32mINFO    [0m juju.model:model.py:2097 Deploying ch:amd64/focal/redis-k8s-7
[33mWARNING [0m juju.model:model.py:1563 relate is deprecated and will be removed. Use integrate instead.
[33mWARNING [0m juju.model:model.py:1563 relate is deprecated and will be removed. Use integrate instead.
[32mINFO    [0m juju.model:model.py:2971 Waiting for model:
  indico/0 [allocating] waiting: installing agent
[32mINFO    [0m juju.model:model.py:2971 Waiting for model:
  indico/0 [executing] waiting: Waiting for redis-broker availability
[32mINFO    [0m juju.model:model.py:2971 Waiting for model:
  indico/0 [idle] waiting: Waiting for database availability
[32mINFO    [0m integration.new_relations.test_new_relations:test_new_relations.py:692 Verifying that the charm doesn't block when the extensions are enabled
[32mINFO    [0m juju.model:model.py:2971 Waiting for model:
  database/0 [executing] active: Primary
  database/1 [executing] blocked: Failed to initialize database relation
  database/2 [executing] active: 
[32mINFO    [0m juju.model:model.py:2971 Waiting for model:
  database/0 [idle] active: Primary
  database/1 [idle] blocked: Failed to initialize database relation
  database/2 [idle] active: 
[32mINFO    [0m juju.model:model.py:2971 Waiting for model:
  database/0 [idle] active: Primary
  database/1 [idle] blocked: Failed to initialize database relation
  database/2 [idle] active: 
[32mINFO    [0m juju.model:model.py:2971 Waiting for model:
  database/0 [idle] active: Primary
  database/1 [idle] blocked: Failed to initialize database relation
  database/2 [idle] active: 
[32mINFO    [0m juju.model:model.py:2971 Waiting for model:
  database/0 [idle] active: Primary
  database/1 [idle] blocked: Failed to initialize database relation
  database/2 [idle] active: 
[32mINFO    [0m juju.model:model.py:2971 Waiting for model:
  database/0 [idle] active: Primary
  database/1 [idle] blocked: Failed to initialize database relation
  database/2 [idle] active: 
[32mINFO    [0m juju.model:model.py:2971 Waiting for model:
  database/0 [idle] active: Primary
  database/1 [idle] blocked: Failed to initialize database relation
  database/2 [idle] active: 
[32mINFO    [0m juju.model:model.py:2971 Waiting for model:
  database/0 [idle] active: Primary
  database/1 [idle] blocked: Failed to initialize database relation
  database/2 [idle] active: 
[32mINFO    [0m juju.model:model.py:2971 Waiting for model:
  database/0 [idle] active: Primary
  database/1 [idle] blocked: Failed to initialize database relation
  database/2 [idle] active: 
[32mINFO    [0m juju.model:model.py:2971 Waiting for model:
  database/0 [idle] active: Primary
  database/1 [idle] blocked: Failed to initialize database relation
  database/2 [idle] active: 
[32mINFO    [0m juju.model:model.py:2971 Waiting for model:
  database/0 [idle] active: Primary
  database/1 [idle] blocked: Failed to initialize database relation
  database/2 [idle] active: 
[32mINFO    [0m juju.model:model.py:2971 Waiting for model:
  database/0 [idle] active: Primary
  database/1 [idle] blocked: Failed to initialize database relation
  database/2 [idle] active: 
[32mINFO    [0m juju.model:model.py:2971 Waiting for model:
  database/0 [idle] active: Primary
  database/1 [idle] blocked: Failed to initialize database relation
  database/2 [idle] active: 
[32mINFO    [0m juju.model:model.py:2971 Waiting for model:
  database/0 [idle] active: Primary
  database/1 [idle] blocked: Failed to initialize database relation
  database/2 [idle] active: 
[32mINFO    [0m juju.model:model.py:2971 Waiting for model:
  database/0 [idle] active: Primary
  database/1 [idle] blocked: Failed to initialize database relation
  database/2 [idle] active: 
[32mINFO    [0m juju.model:model.py:2971 Waiting for model:
  database/0 [idle] active: Primary
  database/1 [idle] blocked: Failed to initialize database relation
  database/2 [idle] active: 
[32mINFO    [0m juju.model:model.py:2971 Waiting for model:
  database/0 [idle] active: Primary
  database/1 [idle] blocked: Failed to initialize database relation
  database/2 [idle] active: 
[32mINFO    [0m juju.model:model.py:2971 Waiting for model:
  database/0 [idle] active: Primary
  database/1 [idle] blocked: Failed to initialize database relation
  database/2 [idle] active: 
[32mINFO    [0m juju.model:model.py:2971 Waiting for model:
  database/0 [idle] active: Primary
  database/1 [idle] blocked: Failed to initialize database relation
  database/2 [idle] active: 
[32mINFO    [0m juju.model:model.py:2971 Waiting for model:
  database/0 [idle] active: Primary
  database/1 [idle] blocked: Failed to initialize database relation
  database/2 [idle] active:
[32mINFO    [0m pytest_operator.plugin:plugin.py:862 Model status:

Model  Controller          Cloud/Region        Version  SLA          Timestamp
test   microk8s-localhost  microk8s/localhost  3.1.8    unsupported  02:11:42Z

App                      Version               Status   Scale  Charm                Channel        Rev  Address         Exposed  Message
another-application                            active       1  postgresql-test-app  edge           166  10.152.183.54   no       received database credentials of the first database
another-data-integrator                        waiting      1  data-integrator      latest/stable   27  10.152.183.102  no       installing agent
another-database         14.11                 active       3  postgresql-k8s                        1  10.152.183.233  no       
data-integrator                                waiting      1  data-integrator      latest/stable   27  10.152.183.142  no       installing agent
database                 14.11                 waiting      3  postgresql-k8s                        0  10.152.183.249  no       installing agent
discourse-k8s                                  waiting      1  discourse-k8s        latest/stable  124  10.152.183.107  no       installing agent
indico                                         waiting      1  indico               stable         213  10.152.183.245  no       installing agent
postgresql-test-app                            active       2  postgresql-test-app  edge           166  10.152.183.112  no       received database credentials of the first database
redis-broker             ubuntu/redis@691f315  active       1  redis-k8s            stable           7                  no       
redis-cache              ubuntu/redis@691f315  active       1  redis-k8s            stable           7                  no       
redis-k8s                7.2.5                 active       1  redis-k8s            latest/edge     32  10.152.183.221  no       

Unit                        Workload  Agent  Address       Ports     Message
another-application/0*      active    idle   10.1.109.86             received database credentials of the first database
another-data-integrator/0*  blocked   idle   10.1.109.90             Please relate the data-integrator with the desired product
another-database/0*         active    idle   10.1.109.83             Primary
another-database/1          active    idle   10.1.109.85             
another-database/2          active    idle   10.1.109.84             
data-integrator/0*          blocked   idle   10.1.109.89             Please relate the data-integrator with the desired product
database/0                  active    idle   10.1.109.79             Primary
database/1*                 blocked   idle   10.1.109.88             Failed to initialize database relation
database/2                  active    idle   10.1.109.87             
discourse-k8s/0*            waiting   idle   10.1.109.91             Waiting for database relation
indico/0*                   waiting   idle   10.1.109.95             Waiting for database availability
postgresql-test-app/0       active    idle   10.1.109.72             received database credentials of the first database
postgresql-test-app/1*      active    idle   10.1.109.73             received database credentials of the first database
redis-broker/0*             active    idle   10.1.109.98   6379/TCP  
redis-cache/0*              active    idle   10.1.109.100  6379/TCP  
redis-k8s/0*                active    idle   10.1.109.93             

[32mINFO    [0m pytest_operator.plugin:plugin.py:868 Juju error logs:

unit-database-0: 01:48:15 ERROR unit.database/0.juju-log database:20: Invalid extra user roles: test
unit-database-0: 01:48:15 ERROR unit.database/0.juju-log database:20: invalid role(s) for extra user roles
Traceback (most recent call last):
  File "/var/lib/juju/agents/unit-database-0/charm/src/relations/postgresql_provider.py", line 92, in _on_database_requested
    self.charm.postgresql.create_user(user, password, extra_user_roles=extra_user_roles)
  File "/var/lib/juju/agents/unit-database-0/charm/lib/charms/tempo_k8s/v1/charm_tracing.py", line 544, in wrapped_function
    return callable(*args, **kwargs)  # type: ignore
  File "/var/lib/juju/agents/unit-database-0/charm/lib/charms/postgresql_k8s/v0/postgresql.py", line 221, in create_user
    raise PostgreSQLCreateUserError(INVALID_EXTRA_USER_ROLE_BLOCKING_MESSAGE)
charms.postgresql_k8s.v0.postgresql.PostgreSQLCreateUserError: invalid role(s) for extra user roles
unit-database-0: 01:48:20 ERROR unit.database/0.juju-log database:21: Invalid extra user roles: test
unit-database-0: 01:48:20 ERROR unit.database/0.juju-log database:21: invalid role(s) for extra user roles
Traceback (most recent call last):
  File "/var/lib/juju/agents/unit-database-0/charm/src/relations/postgresql_provider.py", line 92, in _on_database_requested
    self.charm.postgresql.create_user(user, password, extra_user_roles=extra_user_roles)
  File "/var/lib/juju/agents/unit-database-0/charm/lib/charms/tempo_k8s/v1/charm_tracing.py", line 544, in wrapped_function
    return callable(*args, **kwargs)  # type: ignore
  File "/var/lib/juju/agents/unit-database-0/charm/lib/charms/postgresql_k8s/v0/postgresql.py", line 221, in create_user
    raise PostgreSQLCreateUserError(INVALID_EXTRA_USER_ROLE_BLOCKING_MESSAGE)
charms.postgresql_k8s.v0.postgresql.PostgreSQLCreateUserError: invalid role(s) for extra user roles
unit-database-1: 01:50:32 ERROR unit.database/1.juju-log database:25: Failed to create user: connection to server at "database-primary.test.svc.cluster.local" (10.152.183.79), port 5432 failed: Connection refused
	Is the server running on that host and accepting TCP/IP connections?

unit-database-1: 01:50:32 ERROR unit.database/1.juju-log database:25: None
Traceback (most recent call last):
  File "/var/lib/juju/agents/unit-database-1/charm/lib/charms/postgresql_k8s/v0/postgresql.py", line 223, in create_user
    with self._connect_to_database() as connection, connection.cursor() as cursor:
  File "/var/lib/juju/agents/unit-database-1/charm/lib/charms/tempo_k8s/v1/charm_tracing.py", line 544, in wrapped_function
    return callable(*args, **kwargs)  # type: ignore
  File "/var/lib/juju/agents/unit-database-1/charm/lib/charms/postgresql_k8s/v0/postgresql.py", line 127, in _connect_to_database
    connection = psycopg2.connect(
  File "/var/lib/juju/agents/unit-database-1/charm/venv/psycopg2/__init__.py", line 122, in connect
    conn = _connect(dsn, connection_factory=connection_factory, **kwasync)
psycopg2.OperationalError: connection to server at "database-primary.test.svc.cluster.local" (10.152.183.79), port 5432 failed: Connection refused
	Is the server running on that host and accepting TCP/IP connections?


During handling of the above exception, another exception occurred:

Traceback (most recent call last):
  File "/var/lib/juju/agents/unit-database-1/charm/src/relations/postgresql_provider.py", line 92, in _on_database_requested
    self.charm.postgresql.create_user(user, password, extra_user_roles=extra_user_roles)
  File "/var/lib/juju/agents/unit-database-1/charm/lib/charms/tempo_k8s/v1/charm_tracing.py", line 544, in wrapped_function
    return callable(*args, **kwargs)  # type: ignore
  File "/var/lib/juju/agents/unit-database-1/charm/lib/charms/postgresql_k8s/v0/postgresql.py", line 248, in create_user
    raise PostgreSQLCreateUserError()
charms.postgresql_k8s.v0.postgresql.PostgreSQLCreateUserError: None
application-redis-cache: 02:01:15 ERROR unit.redis-cache/0.juju-log redis:28: Uncaught exception while in charm code:
Traceback (most recent call last):
  File "./src/charm.py", line 159, in <module>
    main(RedisCharm)
  File "/var/lib/juju/agents/unit-redis-cache-0/charm/venv/ops/main.py", line 402, in main
    _emit_charm_event(charm, dispatcher.event_name)
  File "/var/lib/juju/agents/unit-redis-cache-0/charm/venv/ops/main.py", line 140, in _emit_charm_event
    event_to_emit.emit(*args, **kwargs)
  File "/var/lib/juju/agents/unit-redis-cache-0/charm/venv/ops/framework.py", line 278, in emit
    framework._emit(event)
  File "/var/lib/juju/agents/unit-redis-cache-0/charm/venv/ops/framework.py", line 722, in _emit
    self._reemit(event_path)
  File "/var/lib/juju/agents/unit-redis-cache-0/charm/venv/ops/framework.py", line 767, in _reemit
    custom_handler(event)
  File "/var/lib/juju/agents/unit-redis-cache-0/charm/lib/charms/redis_k8s/v0/redis.py", line 91, in _on_relation_changed
    event.relation.data[self.model.unit]['hostname'] = str(self._bind_address(event))
  File "/var/lib/juju/agents/unit-redis-cache-0/charm/lib/charms/redis_k8s/v0/redis.py", line 103, in _bind_address
    return self.app.name
AttributeError: 'RedisProvides' object has no attribute 'app'
application-redis-cache: 02:01:15 ERROR juju.worker.caasoperator.uniter.redis-cache/0.operation hook "redis-relation-changed" (via hook dispatching script: dispatch) failed: exit status 1

[32mINFO    [0m pytest_operator.plugin:plugin.py:947 Forgetting model main...