{"uid":"606d48c658ad22c3","name":"test_fail_and_rollback","fullName":"tests.integration.ha_tests.test_rollback_to_master_label#test_fail_and_rollback","historyId":"f474748990346242c7ea0dc739477429","time":{"start":1731116230250,"stop":1731116816916,"duration":586666},"status":"failed","statusMessage":"AssertionError: assert 0 == 1\n +  where 0 = <built-in function countOf>(dict_values(['replica', 'replica', 'primary']), 'master')\n +    where <built-in function countOf> = operator.countOf\n +    and   dict_values(['replica', 'replica', 'primary']) = <built-in method values of dict object at 0x7f2b46578940>()\n +      where <built-in method values of dict object at 0x7f2b46578940> = {'postgresql-k8s/0': 'replica', 'postgresql-k8s/1': 'replica', 'postgresql-k8s/2': 'primary'}.values","statusTrace":"Traceback (most recent call last):\n  File \"/home/runner/work/test-runners-2-github-x64-postgresql-k8s-operator/test-runners-2-github-x64-postgresql-k8s-operator/.tox/integration/lib/python3.10/site-packages/_pytest/runner.py\", line 341, in from_call\n    result: TResult | None = func()\n  File \"/home/runner/work/test-runners-2-github-x64-postgresql-k8s-operator/test-runners-2-github-x64-postgresql-k8s-operator/.tox/integration/lib/python3.10/site-packages/_pytest/runner.py\", line 242, in <lambda>\n    lambda: runtest_hook(item=item, **kwds), when=when, reraise=reraise\n  File \"/home/runner/work/test-runners-2-github-x64-postgresql-k8s-operator/test-runners-2-github-x64-postgresql-k8s-operator/.tox/integration/lib/python3.10/site-packages/pluggy/_hooks.py\", line 513, in __call__\n    return self._hookexec(self.name, self._hookimpls.copy(), kwargs, firstresult)\n  File \"/home/runner/work/test-runners-2-github-x64-postgresql-k8s-operator/test-runners-2-github-x64-postgresql-k8s-operator/.tox/integration/lib/python3.10/site-packages/pluggy/_manager.py\", line 120, in _hookexec\n    return self._inner_hookexec(hook_name, methods, kwargs, firstresult)\n  File \"/home/runner/work/test-runners-2-github-x64-postgresql-k8s-operator/test-runners-2-github-x64-postgresql-k8s-operator/.tox/integration/lib/python3.10/site-packages/pluggy/_callers.py\", line 182, in _multicall\n    return outcome.get_result()\n  File \"/home/runner/work/test-runners-2-github-x64-postgresql-k8s-operator/test-runners-2-github-x64-postgresql-k8s-operator/.tox/integration/lib/python3.10/site-packages/pluggy/_result.py\", line 100, in get_result\n    raise exc.with_traceback(exc.__traceback__)\n  File \"/home/runner/work/test-runners-2-github-x64-postgresql-k8s-operator/test-runners-2-github-x64-postgresql-k8s-operator/.tox/integration/lib/python3.10/site-packages/pluggy/_callers.py\", line 167, in _multicall\n    teardown.throw(outcome._exception)\n  File \"/home/runner/work/test-runners-2-github-x64-postgresql-k8s-operator/test-runners-2-github-x64-postgresql-k8s-operator/.tox/integration/lib/python3.10/site-packages/_pytest/threadexception.py\", line 92, in pytest_runtest_call\n    yield from thread_exception_runtest_hook()\n  File \"/home/runner/work/test-runners-2-github-x64-postgresql-k8s-operator/test-runners-2-github-x64-postgresql-k8s-operator/.tox/integration/lib/python3.10/site-packages/_pytest/threadexception.py\", line 68, in thread_exception_runtest_hook\n    yield\n  File \"/home/runner/work/test-runners-2-github-x64-postgresql-k8s-operator/test-runners-2-github-x64-postgresql-k8s-operator/.tox/integration/lib/python3.10/site-packages/pluggy/_callers.py\", line 167, in _multicall\n    teardown.throw(outcome._exception)\n  File \"/home/runner/work/test-runners-2-github-x64-postgresql-k8s-operator/test-runners-2-github-x64-postgresql-k8s-operator/.tox/integration/lib/python3.10/site-packages/_pytest/unraisableexception.py\", line 95, in pytest_runtest_call\n    yield from unraisable_exception_runtest_hook()\n  File \"/home/runner/work/test-runners-2-github-x64-postgresql-k8s-operator/test-runners-2-github-x64-postgresql-k8s-operator/.tox/integration/lib/python3.10/site-packages/_pytest/unraisableexception.py\", line 70, in unraisable_exception_runtest_hook\n    yield\n  File \"/home/runner/work/test-runners-2-github-x64-postgresql-k8s-operator/test-runners-2-github-x64-postgresql-k8s-operator/.tox/integration/lib/python3.10/site-packages/pluggy/_callers.py\", line 167, in _multicall\n    teardown.throw(outcome._exception)\n  File \"/home/runner/work/test-runners-2-github-x64-postgresql-k8s-operator/test-runners-2-github-x64-postgresql-k8s-operator/.tox/integration/lib/python3.10/site-packages/_pytest/logging.py\", line 846, in pytest_runtest_call\n    yield from self._runtest_for(item, \"call\")\n  File \"/home/runner/work/test-runners-2-github-x64-postgresql-k8s-operator/test-runners-2-github-x64-postgresql-k8s-operator/.tox/integration/lib/python3.10/site-packages/_pytest/logging.py\", line 829, in _runtest_for\n    yield\n  File \"/home/runner/work/test-runners-2-github-x64-postgresql-k8s-operator/test-runners-2-github-x64-postgresql-k8s-operator/.tox/integration/lib/python3.10/site-packages/pluggy/_callers.py\", line 167, in _multicall\n    teardown.throw(outcome._exception)\n  File \"/home/runner/work/test-runners-2-github-x64-postgresql-k8s-operator/test-runners-2-github-x64-postgresql-k8s-operator/.tox/integration/lib/python3.10/site-packages/_pytest/capture.py\", line 880, in pytest_runtest_call\n    return (yield)\n  File \"/home/runner/work/test-runners-2-github-x64-postgresql-k8s-operator/test-runners-2-github-x64-postgresql-k8s-operator/.tox/integration/lib/python3.10/site-packages/pluggy/_callers.py\", line 167, in _multicall\n    teardown.throw(outcome._exception)\n  File \"/home/runner/work/test-runners-2-github-x64-postgresql-k8s-operator/test-runners-2-github-x64-postgresql-k8s-operator/.tox/integration/lib/python3.10/site-packages/_pytest/skipping.py\", line 257, in pytest_runtest_call\n    return (yield)\n  File \"/home/runner/work/test-runners-2-github-x64-postgresql-k8s-operator/test-runners-2-github-x64-postgresql-k8s-operator/.tox/integration/lib/python3.10/site-packages/pluggy/_callers.py\", line 103, in _multicall\n    res = hook_impl.function(*args)\n  File \"/home/runner/work/test-runners-2-github-x64-postgresql-k8s-operator/test-runners-2-github-x64-postgresql-k8s-operator/.tox/integration/lib/python3.10/site-packages/_pytest/runner.py\", line 174, in pytest_runtest_call\n    item.runtest()\n  File \"/home/runner/work/test-runners-2-github-x64-postgresql-k8s-operator/test-runners-2-github-x64-postgresql-k8s-operator/.tox/integration/lib/python3.10/site-packages/_pytest/python.py\", line 1627, in runtest\n    self.ihook.pytest_pyfunc_call(pyfuncitem=self)\n  File \"/home/runner/work/test-runners-2-github-x64-postgresql-k8s-operator/test-runners-2-github-x64-postgresql-k8s-operator/.tox/integration/lib/python3.10/site-packages/pluggy/_hooks.py\", line 513, in __call__\n    return self._hookexec(self.name, self._hookimpls.copy(), kwargs, firstresult)\n  File \"/home/runner/work/test-runners-2-github-x64-postgresql-k8s-operator/test-runners-2-github-x64-postgresql-k8s-operator/.tox/integration/lib/python3.10/site-packages/pluggy/_manager.py\", line 120, in _hookexec\n    return self._inner_hookexec(hook_name, methods, kwargs, firstresult)\n  File \"/home/runner/work/test-runners-2-github-x64-postgresql-k8s-operator/test-runners-2-github-x64-postgresql-k8s-operator/.tox/integration/lib/python3.10/site-packages/pluggy/_callers.py\", line 182, in _multicall\n    return outcome.get_result()\n  File \"/home/runner/work/test-runners-2-github-x64-postgresql-k8s-operator/test-runners-2-github-x64-postgresql-k8s-operator/.tox/integration/lib/python3.10/site-packages/pluggy/_result.py\", line 100, in get_result\n    raise exc.with_traceback(exc.__traceback__)\n  File \"/home/runner/work/test-runners-2-github-x64-postgresql-k8s-operator/test-runners-2-github-x64-postgresql-k8s-operator/.tox/integration/lib/python3.10/site-packages/pluggy/_callers.py\", line 103, in _multicall\n    res = hook_impl.function(*args)\n  File \"/home/runner/work/test-runners-2-github-x64-postgresql-k8s-operator/test-runners-2-github-x64-postgresql-k8s-operator/.tox/integration/lib/python3.10/site-packages/_pytest/python.py\", line 159, in pytest_pyfunc_call\n    result = testfunction(**testargs)\n  File \"/home/runner/work/test-runners-2-github-x64-postgresql-k8s-operator/test-runners-2-github-x64-postgresql-k8s-operator/.tox/integration/lib/python3.10/site-packages/pytest_asyncio/plugin.py\", line 529, in inner\n    _loop.run_until_complete(task)\n  File \"/usr/lib/python3.10/asyncio/base_events.py\", line 649, in run_until_complete\n    return future.result()\n  File \"/home/runner/work/test-runners-2-github-x64-postgresql-k8s-operator/test-runners-2-github-x64-postgresql-k8s-operator/tests/integration/ha_tests/test_rollback_to_master_label.py\", line 167, in test_fail_and_rollback\n    assert operator.countOf(instances_roles.values(), \"master\") == 1\nAssertionError: assert 0 == 1\n +  where 0 = <built-in function countOf>(dict_values(['replica', 'replica', 'primary']), 'master')\n +    where <built-in function countOf> = operator.countOf\n +    and   dict_values(['replica', 'replica', 'primary']) = <built-in method values of dict object at 0x7f2b46578940>()\n +      where <built-in method values of dict object at 0x7f2b46578940> = {'postgresql-k8s/0': 'replica', 'postgresql-k8s/1': 'replica', 'postgresql-k8s/2': 'primary'}.values","flaky":false,"newFailed":false,"newBroken":false,"newPassed":false,"retriesCount":1,"retriesStatusChange":true,"beforeStages":[{"name":"event_loop","time":{"start":1731115869382,"stop":1731115869383,"duration":1},"status":"passed","steps":[],"attachments":[],"parameters":[],"stepsCount":0,"shouldDisplayMessage":false,"attachmentsCount":0,"hasContent":false,"attachmentStep":false},{"name":"tmp_path_factory","time":{"start":1731115869383,"stop":1731115869383,"duration":0},"status":"passed","steps":[],"attachments":[],"parameters":[],"stepsCount":0,"shouldDisplayMessage":false,"attachmentsCount":0,"hasContent":false,"attachmentStep":false},{"name":"ops_test","time":{"start":1731115869383,"stop":1731115869670,"duration":287},"status":"passed","steps":[],"attachments":[],"parameters":[],"stepsCount":0,"shouldDisplayMessage":false,"attachmentsCount":0,"hasContent":false,"attachmentStep":false},{"name":"abort_on_fail","time":{"start":1731116230249,"stop":1731116230249,"duration":0},"status":"passed","steps":[],"attachments":[],"parameters":[],"stepsCount":0,"shouldDisplayMessage":false,"attachmentsCount":0,"hasContent":false,"attachmentStep":false},{"name":"continuous_writes","time":{"start":1731116230249,"stop":1731116230250,"duration":1},"status":"passed","steps":[],"attachments":[],"parameters":[],"stepsCount":0,"shouldDisplayMessage":false,"attachmentsCount":0,"hasContent":false,"attachmentStep":false}],"testStage":{"status":"failed","statusMessage":"AssertionError: assert 0 == 1\n +  where 0 = <built-in function countOf>(dict_values(['replica', 'replica', 'primary']), 'master')\n +    where <built-in function countOf> = operator.countOf\n +    and   dict_values(['replica', 'replica', 'primary']) = <built-in method values of dict object at 0x7f2b46578940>()\n +      where <built-in method values of dict object at 0x7f2b46578940> = {'postgresql-k8s/0': 'replica', 'postgresql-k8s/1': 'replica', 'postgresql-k8s/2': 'primary'}.values","statusTrace":"Traceback (most recent call last):\n  File \"/home/runner/work/test-runners-2-github-x64-postgresql-k8s-operator/test-runners-2-github-x64-postgresql-k8s-operator/.tox/integration/lib/python3.10/site-packages/_pytest/runner.py\", line 341, in from_call\n    result: TResult | None = func()\n  File \"/home/runner/work/test-runners-2-github-x64-postgresql-k8s-operator/test-runners-2-github-x64-postgresql-k8s-operator/.tox/integration/lib/python3.10/site-packages/_pytest/runner.py\", line 242, in <lambda>\n    lambda: runtest_hook(item=item, **kwds), when=when, reraise=reraise\n  File \"/home/runner/work/test-runners-2-github-x64-postgresql-k8s-operator/test-runners-2-github-x64-postgresql-k8s-operator/.tox/integration/lib/python3.10/site-packages/pluggy/_hooks.py\", line 513, in __call__\n    return self._hookexec(self.name, self._hookimpls.copy(), kwargs, firstresult)\n  File \"/home/runner/work/test-runners-2-github-x64-postgresql-k8s-operator/test-runners-2-github-x64-postgresql-k8s-operator/.tox/integration/lib/python3.10/site-packages/pluggy/_manager.py\", line 120, in _hookexec\n    return self._inner_hookexec(hook_name, methods, kwargs, firstresult)\n  File \"/home/runner/work/test-runners-2-github-x64-postgresql-k8s-operator/test-runners-2-github-x64-postgresql-k8s-operator/.tox/integration/lib/python3.10/site-packages/pluggy/_callers.py\", line 182, in _multicall\n    return outcome.get_result()\n  File \"/home/runner/work/test-runners-2-github-x64-postgresql-k8s-operator/test-runners-2-github-x64-postgresql-k8s-operator/.tox/integration/lib/python3.10/site-packages/pluggy/_result.py\", line 100, in get_result\n    raise exc.with_traceback(exc.__traceback__)\n  File \"/home/runner/work/test-runners-2-github-x64-postgresql-k8s-operator/test-runners-2-github-x64-postgresql-k8s-operator/.tox/integration/lib/python3.10/site-packages/pluggy/_callers.py\", line 167, in _multicall\n    teardown.throw(outcome._exception)\n  File \"/home/runner/work/test-runners-2-github-x64-postgresql-k8s-operator/test-runners-2-github-x64-postgresql-k8s-operator/.tox/integration/lib/python3.10/site-packages/_pytest/threadexception.py\", line 92, in pytest_runtest_call\n    yield from thread_exception_runtest_hook()\n  File \"/home/runner/work/test-runners-2-github-x64-postgresql-k8s-operator/test-runners-2-github-x64-postgresql-k8s-operator/.tox/integration/lib/python3.10/site-packages/_pytest/threadexception.py\", line 68, in thread_exception_runtest_hook\n    yield\n  File \"/home/runner/work/test-runners-2-github-x64-postgresql-k8s-operator/test-runners-2-github-x64-postgresql-k8s-operator/.tox/integration/lib/python3.10/site-packages/pluggy/_callers.py\", line 167, in _multicall\n    teardown.throw(outcome._exception)\n  File \"/home/runner/work/test-runners-2-github-x64-postgresql-k8s-operator/test-runners-2-github-x64-postgresql-k8s-operator/.tox/integration/lib/python3.10/site-packages/_pytest/unraisableexception.py\", line 95, in pytest_runtest_call\n    yield from unraisable_exception_runtest_hook()\n  File \"/home/runner/work/test-runners-2-github-x64-postgresql-k8s-operator/test-runners-2-github-x64-postgresql-k8s-operator/.tox/integration/lib/python3.10/site-packages/_pytest/unraisableexception.py\", line 70, in unraisable_exception_runtest_hook\n    yield\n  File \"/home/runner/work/test-runners-2-github-x64-postgresql-k8s-operator/test-runners-2-github-x64-postgresql-k8s-operator/.tox/integration/lib/python3.10/site-packages/pluggy/_callers.py\", line 167, in _multicall\n    teardown.throw(outcome._exception)\n  File \"/home/runner/work/test-runners-2-github-x64-postgresql-k8s-operator/test-runners-2-github-x64-postgresql-k8s-operator/.tox/integration/lib/python3.10/site-packages/_pytest/logging.py\", line 846, in pytest_runtest_call\n    yield from self._runtest_for(item, \"call\")\n  File \"/home/runner/work/test-runners-2-github-x64-postgresql-k8s-operator/test-runners-2-github-x64-postgresql-k8s-operator/.tox/integration/lib/python3.10/site-packages/_pytest/logging.py\", line 829, in _runtest_for\n    yield\n  File \"/home/runner/work/test-runners-2-github-x64-postgresql-k8s-operator/test-runners-2-github-x64-postgresql-k8s-operator/.tox/integration/lib/python3.10/site-packages/pluggy/_callers.py\", line 167, in _multicall\n    teardown.throw(outcome._exception)\n  File \"/home/runner/work/test-runners-2-github-x64-postgresql-k8s-operator/test-runners-2-github-x64-postgresql-k8s-operator/.tox/integration/lib/python3.10/site-packages/_pytest/capture.py\", line 880, in pytest_runtest_call\n    return (yield)\n  File \"/home/runner/work/test-runners-2-github-x64-postgresql-k8s-operator/test-runners-2-github-x64-postgresql-k8s-operator/.tox/integration/lib/python3.10/site-packages/pluggy/_callers.py\", line 167, in _multicall\n    teardown.throw(outcome._exception)\n  File \"/home/runner/work/test-runners-2-github-x64-postgresql-k8s-operator/test-runners-2-github-x64-postgresql-k8s-operator/.tox/integration/lib/python3.10/site-packages/_pytest/skipping.py\", line 257, in pytest_runtest_call\n    return (yield)\n  File \"/home/runner/work/test-runners-2-github-x64-postgresql-k8s-operator/test-runners-2-github-x64-postgresql-k8s-operator/.tox/integration/lib/python3.10/site-packages/pluggy/_callers.py\", line 103, in _multicall\n    res = hook_impl.function(*args)\n  File \"/home/runner/work/test-runners-2-github-x64-postgresql-k8s-operator/test-runners-2-github-x64-postgresql-k8s-operator/.tox/integration/lib/python3.10/site-packages/_pytest/runner.py\", line 174, in pytest_runtest_call\n    item.runtest()\n  File \"/home/runner/work/test-runners-2-github-x64-postgresql-k8s-operator/test-runners-2-github-x64-postgresql-k8s-operator/.tox/integration/lib/python3.10/site-packages/_pytest/python.py\", line 1627, in runtest\n    self.ihook.pytest_pyfunc_call(pyfuncitem=self)\n  File \"/home/runner/work/test-runners-2-github-x64-postgresql-k8s-operator/test-runners-2-github-x64-postgresql-k8s-operator/.tox/integration/lib/python3.10/site-packages/pluggy/_hooks.py\", line 513, in __call__\n    return self._hookexec(self.name, self._hookimpls.copy(), kwargs, firstresult)\n  File \"/home/runner/work/test-runners-2-github-x64-postgresql-k8s-operator/test-runners-2-github-x64-postgresql-k8s-operator/.tox/integration/lib/python3.10/site-packages/pluggy/_manager.py\", line 120, in _hookexec\n    return self._inner_hookexec(hook_name, methods, kwargs, firstresult)\n  File \"/home/runner/work/test-runners-2-github-x64-postgresql-k8s-operator/test-runners-2-github-x64-postgresql-k8s-operator/.tox/integration/lib/python3.10/site-packages/pluggy/_callers.py\", line 182, in _multicall\n    return outcome.get_result()\n  File \"/home/runner/work/test-runners-2-github-x64-postgresql-k8s-operator/test-runners-2-github-x64-postgresql-k8s-operator/.tox/integration/lib/python3.10/site-packages/pluggy/_result.py\", line 100, in get_result\n    raise exc.with_traceback(exc.__traceback__)\n  File \"/home/runner/work/test-runners-2-github-x64-postgresql-k8s-operator/test-runners-2-github-x64-postgresql-k8s-operator/.tox/integration/lib/python3.10/site-packages/pluggy/_callers.py\", line 103, in _multicall\n    res = hook_impl.function(*args)\n  File \"/home/runner/work/test-runners-2-github-x64-postgresql-k8s-operator/test-runners-2-github-x64-postgresql-k8s-operator/.tox/integration/lib/python3.10/site-packages/_pytest/python.py\", line 159, in pytest_pyfunc_call\n    result = testfunction(**testargs)\n  File \"/home/runner/work/test-runners-2-github-x64-postgresql-k8s-operator/test-runners-2-github-x64-postgresql-k8s-operator/.tox/integration/lib/python3.10/site-packages/pytest_asyncio/plugin.py\", line 529, in inner\n    _loop.run_until_complete(task)\n  File \"/usr/lib/python3.10/asyncio/base_events.py\", line 649, in run_until_complete\n    return future.result()\n  File \"/home/runner/work/test-runners-2-github-x64-postgresql-k8s-operator/test-runners-2-github-x64-postgresql-k8s-operator/tests/integration/ha_tests/test_rollback_to_master_label.py\", line 167, in test_fail_and_rollback\n    assert operator.countOf(instances_roles.values(), \"master\") == 1\nAssertionError: assert 0 == 1\n +  where 0 = <built-in function countOf>(dict_values(['replica', 'replica', 'primary']), 'master')\n +    where <built-in function countOf> = operator.countOf\n +    and   dict_values(['replica', 'replica', 'primary']) = <built-in method values of dict object at 0x7f2b46578940>()\n +      where <built-in method values of dict object at 0x7f2b46578940> = {'postgresql-k8s/0': 'replica', 'postgresql-k8s/1': 'replica', 'postgresql-k8s/2': 'primary'}.values","steps":[],"attachments":[{"uid":"6f490a0df4e7fc70","name":"log","source":"6f490a0df4e7fc70.txt","type":"text/plain","size":11687}],"parameters":[],"stepsCount":0,"shouldDisplayMessage":true,"attachmentsCount":1,"hasContent":true,"attachmentStep":false},"afterStages":[{"name":"continuous_writes::finalizer","time":{"start":1731116816928,"stop":1731116817951,"duration":1023},"status":"passed","steps":[],"attachments":[],"parameters":[],"stepsCount":0,"shouldDisplayMessage":false,"attachmentsCount":0,"hasContent":false,"attachmentStep":false},{"name":"abort_on_fail::0","time":{"start":1731116817951,"stop":1731116817951,"duration":0},"status":"passed","steps":[],"attachments":[],"parameters":[],"stepsCount":0,"shouldDisplayMessage":false,"attachmentsCount":0,"hasContent":false,"attachmentStep":false},{"name":"ops_test::finalizer","time":{"start":1731116817952,"stop":1731116818309,"duration":357},"status":"passed","steps":[],"attachments":[],"parameters":[],"stepsCount":0,"shouldDisplayMessage":false,"attachmentsCount":0,"hasContent":false,"attachmentStep":false},{"name":"event_loop::2","time":{"start":1731116818310,"stop":1731116818310,"duration":0},"status":"passed","steps":[],"attachments":[],"parameters":[],"stepsCount":0,"shouldDisplayMessage":false,"attachmentsCount":0,"hasContent":false,"attachmentStep":false},{"name":"event_loop::_close_event_loop","time":{"start":1731116818310,"stop":1731116818310,"duration":0},"status":"passed","steps":[],"attachments":[],"parameters":[],"stepsCount":0,"shouldDisplayMessage":false,"attachmentsCount":0,"hasContent":false,"attachmentStep":false},{"name":"event_loop::_provide_clean_event_loop","time":{"start":1731116818310,"stop":1731116818310,"duration":0},"status":"passed","steps":[],"attachments":[],"parameters":[],"stepsCount":0,"shouldDisplayMessage":false,"attachmentsCount":0,"hasContent":false,"attachmentStep":false}],"labels":[{"name":"tag","value":"@pytest.mark.skipif(False, reason='Requires amd64 architecture')"},{"name":"tag","value":"unstable"},{"name":"tag","value":"group(1)"},{"name":"tag","value":"asyncio"},{"name":"parentSuite","value":"tests.integration.ha_tests"},{"name":"suite","value":"test_rollback_to_master_label"},{"name":"host","value":"fv-az888-856"},{"name":"thread","value":"13266-MainThread"},{"name":"framework","value":"pytest"},{"name":"language","value":"cpython3"},{"name":"package","value":"tests.integration.ha_tests.test_rollback_to_master_label"},{"name":"resultFormat","value":"allure2"}],"parameters":[],"links":[],"hidden":false,"retry":false,"extra":{"severity":"normal","retries":[{"uid":"ca7e619d3a170212","status":"unknown","time":{}}],"categories":[{"name":"Product defects","matchedStatuses":[],"flaky":false}],"history":{"statistic":{"failed":41,"broken":0,"skipped":0,"passed":0,"unknown":4,"total":45},"items":[{"uid":"dc0be9c8a88ffdfd","reportUrl":"../231//#testresult/dc0be9c8a88ffdfd","status":"unknown","time":{}},{"uid":"5de42d7848947923","reportUrl":"../230//#testresult/5de42d7848947923","status":"failed","statusDetails":"AssertionError: assert 0 == 1\n +  where 0 = <built-in function countOf>(dict_values(['replica', 'replica', 'primary']), 'master')\n +    where <built-in function countOf> = operator.countOf\n +    and   dict_values(['replica', 'replica', 'primary']) = <built-in method values of dict object at 0x7fbe7c310080>()\n +      where <built-in method values of dict object at 0x7fbe7c310080> = {'postgresql-k8s/0': 'replica', 'postgresql-k8s/1': 'replica', 'postgresql-k8s/2': 'primary'}.values","time":{"start":1730943424222,"stop":1730944081556,"duration":657334}},{"uid":"d2ce934b059e74a5","reportUrl":"../229//#testresult/d2ce934b059e74a5","status":"failed","statusDetails":"AssertionError: assert 0 == 1\n +  where 0 = <built-in function countOf>(dict_values(['replica', 'replica', 'primary']), 'master')\n +    where <built-in function countOf> = operator.countOf\n +    and   dict_values(['replica', 'replica', 'primary']) = <built-in method values of dict object at 0x7fab623e97c0>()\n +      where <built-in method values of dict object at 0x7fab623e97c0> = {'postgresql-k8s/0': 'replica', 'postgresql-k8s/1': 'replica', 'postgresql-k8s/2': 'primary'}.values","time":{"start":1730857192261,"stop":1730857730217,"duration":537956}},{"uid":"d953050403c633b8","reportUrl":"../228//#testresult/d953050403c633b8","status":"unknown","time":{}},{"uid":"79fed1a5a0601537","reportUrl":"../227//#testresult/79fed1a5a0601537","status":"failed","statusDetails":"AssertionError: assert 0 == 1\n +  where 0 = <built-in function countOf>(dict_values(['replica', 'replica', 'primary']), 'master')\n +    where <built-in function countOf> = operator.countOf\n +    and   dict_values(['replica', 'replica', 'primary']) = <built-in method values of dict object at 0x7fd5709f3cc0>()\n +      where <built-in method values of dict object at 0x7fd5709f3cc0> = {'postgresql-k8s/0': 'replica', 'postgresql-k8s/1': 'replica', 'postgresql-k8s/2': 'primary'}.values","time":{"start":1730684237744,"stop":1730684757392,"duration":519648}},{"uid":"e77a801784c10356","reportUrl":"../226//#testresult/e77a801784c10356","status":"failed","statusDetails":"AssertionError: assert 0 == 1\n +  where 0 = <built-in function countOf>(dict_values(['replica', 'replica', 'primary']), 'master')\n +    where <built-in function countOf> = operator.countOf\n +    and   dict_values(['replica', 'replica', 'primary']) = <built-in method values of dict object at 0x7fa9c17470c0>()\n +      where <built-in method values of dict object at 0x7fa9c17470c0> = {'postgresql-k8s/0': 'replica', 'postgresql-k8s/1': 'replica', 'postgresql-k8s/2': 'primary'}.values","time":{"start":1730597787287,"stop":1730598273384,"duration":486097}},{"uid":"b2d51e21413910d7","reportUrl":"../225//#testresult/b2d51e21413910d7","status":"failed","statusDetails":"AssertionError: assert 0 == 1\n +  where 0 = <built-in function countOf>(dict_values(['replica', 'replica', 'primary']), 'master')\n +    where <built-in function countOf> = operator.countOf\n +    and   dict_values(['replica', 'replica', 'primary']) = <built-in method values of dict object at 0x7f98bc13c1c0>()\n +      where <built-in method values of dict object at 0x7f98bc13c1c0> = {'postgresql-k8s/0': 'replica', 'postgresql-k8s/1': 'replica', 'postgresql-k8s/2': 'primary'}.values","time":{"start":1730511333439,"stop":1730511837409,"duration":503970}},{"uid":"f7c78b3fdca572c1","reportUrl":"../224//#testresult/f7c78b3fdca572c1","status":"failed","statusDetails":"AssertionError: assert 0 == 1\n +  where 0 = <built-in function countOf>(dict_values(['replica', 'replica', 'primary']), 'master')\n +    where <built-in function countOf> = operator.countOf\n +    and   dict_values(['replica', 'replica', 'primary']) = <built-in method values of dict object at 0x7ff967bb0a80>()\n +      where <built-in method values of dict object at 0x7ff967bb0a80> = {'postgresql-k8s/0': 'replica', 'postgresql-k8s/1': 'replica', 'postgresql-k8s/2': 'primary'}.values","time":{"start":1730424987802,"stop":1730425526833,"duration":539031}},{"uid":"e0f463a067a8056d","reportUrl":"../223//#testresult/e0f463a067a8056d","status":"failed","statusDetails":"AssertionError: assert 0 == 1\n +  where 0 = <built-in function countOf>(dict_values(['replica', 'replica', 'primary']), 'master')\n +    where <built-in function countOf> = operator.countOf\n +    and   dict_values(['replica', 'replica', 'primary']) = <built-in method values of dict object at 0x7f8e19357400>()\n +      where <built-in method values of dict object at 0x7f8e19357400> = {'postgresql-k8s/0': 'replica', 'postgresql-k8s/1': 'replica', 'postgresql-k8s/2': 'primary'}.values","time":{"start":1730338648892,"stop":1730339163243,"duration":514351}},{"uid":"1cfe56720ed8b1e1","reportUrl":"../222//#testresult/1cfe56720ed8b1e1","status":"failed","statusDetails":"AssertionError: assert 0 == 1\n +  where 0 = <built-in function countOf>(dict_values(['replica', 'replica', 'primary']), 'master')\n +    where <built-in function countOf> = operator.countOf\n +    and   dict_values(['replica', 'replica', 'primary']) = <built-in method values of dict object at 0x7faf6bbaa280>()\n +      where <built-in method values of dict object at 0x7faf6bbaa280> = {'postgresql-k8s/0': 'replica', 'postgresql-k8s/1': 'replica', 'postgresql-k8s/2': 'primary'}.values","time":{"start":1730252175852,"stop":1730252704762,"duration":528910}},{"uid":"ca29e9d3e49607ae","reportUrl":"../221//#testresult/ca29e9d3e49607ae","status":"unknown","time":{}},{"uid":"ef72395fba368d8c","reportUrl":"../220//#testresult/ef72395fba368d8c","status":"failed","statusDetails":"AssertionError: assert 0 == 1\n +  where 0 = <built-in function countOf>(dict_values(['replica', 'replica', 'primary']), 'master')\n +    where <built-in function countOf> = operator.countOf\n +    and   dict_values(['replica', 'replica', 'primary']) = <built-in method values of dict object at 0x7fb2d2bad7c0>()\n +      where <built-in method values of dict object at 0x7fb2d2bad7c0> = {'postgresql-k8s/0': 'replica', 'postgresql-k8s/1': 'replica', 'postgresql-k8s/2': 'primary'}.values","time":{"start":1730079382748,"stop":1730079964483,"duration":581735}},{"uid":"5c84621448c73709","reportUrl":"../219//#testresult/5c84621448c73709","status":"failed","statusDetails":"AssertionError: assert 0 == 1\n +  where 0 = <built-in function countOf>(dict_values(['replica', 'replica', 'primary']), 'master')\n +    where <built-in function countOf> = operator.countOf\n +    and   dict_values(['replica', 'replica', 'primary']) = <built-in method values of dict object at 0x7f2d549caac0>()\n +      where <built-in method values of dict object at 0x7f2d549caac0> = {'postgresql-k8s/0': 'replica', 'postgresql-k8s/1': 'replica', 'postgresql-k8s/2': 'primary'}.values","time":{"start":1729992964863,"stop":1729993506432,"duration":541569}},{"uid":"bbb8a9dfdce73b3","reportUrl":"../218//#testresult/bbb8a9dfdce73b3","status":"failed","statusDetails":"AssertionError: assert 0 == 1\n +  where 0 = <built-in function countOf>(dict_values(['replica', 'replica', 'primary']), 'master')\n +    where <built-in function countOf> = operator.countOf\n +    and   dict_values(['replica', 'replica', 'primary']) = <built-in method values of dict object at 0x7fa7ff53bd80>()\n +      where <built-in method values of dict object at 0x7fa7ff53bd80> = {'postgresql-k8s/0': 'replica', 'postgresql-k8s/1': 'replica', 'postgresql-k8s/2': 'primary'}.values","time":{"start":1729906619115,"stop":1729907129962,"duration":510847}},{"uid":"6421d836f8b7f8e2","reportUrl":"../217//#testresult/6421d836f8b7f8e2","status":"failed","statusDetails":"AssertionError: assert 0 == 1\n +  where 0 = <built-in function countOf>(dict_values(['replica', 'replica', 'primary']), 'master')\n +    where <built-in function countOf> = operator.countOf\n +    and   dict_values(['replica', 'replica', 'primary']) = <built-in method values of dict object at 0x7fbe2b72f640>()\n +      where <built-in method values of dict object at 0x7fbe2b72f640> = {'postgresql-k8s/0': 'replica', 'postgresql-k8s/1': 'replica', 'postgresql-k8s/2': 'primary'}.values","time":{"start":1729820267398,"stop":1729820799145,"duration":531747}},{"uid":"7e096acd04b7315","reportUrl":"../216//#testresult/7e096acd04b7315","status":"failed","statusDetails":"AssertionError: assert 0 == 1\n +  where 0 = <built-in function countOf>(dict_values(['replica', 'replica', 'primary']), 'master')\n +    where <built-in function countOf> = operator.countOf\n +    and   dict_values(['replica', 'replica', 'primary']) = <built-in method values of dict object at 0x7ff501ea6d40>()\n +      where <built-in method values of dict object at 0x7ff501ea6d40> = {'postgresql-k8s/0': 'replica', 'postgresql-k8s/1': 'replica', 'postgresql-k8s/2': 'primary'}.values","time":{"start":1729733829913,"stop":1729734364975,"duration":535062}},{"uid":"11585c51a8bee1f","reportUrl":"../215//#testresult/11585c51a8bee1f","status":"failed","statusDetails":"AssertionError: assert 0 == 1\n +  where 0 = <built-in function countOf>(dict_values(['replica', 'replica', 'primary']), 'master')\n +    where <built-in function countOf> = operator.countOf\n +    and   dict_values(['replica', 'replica', 'primary']) = <built-in method values of dict object at 0x7f8d2e7fc500>()\n +      where <built-in method values of dict object at 0x7f8d2e7fc500> = {'postgresql-k8s/0': 'replica', 'postgresql-k8s/1': 'replica', 'postgresql-k8s/2': 'primary'}.values","time":{"start":1729647397263,"stop":1729647855129,"duration":457866}},{"uid":"33329b0a0fd76cac","reportUrl":"../214//#testresult/33329b0a0fd76cac","status":"failed","statusDetails":"AssertionError: assert 0 == 1\n +  where 0 = <built-in function countOf>(dict_values(['replica', 'replica', 'primary']), 'master')\n +    where <built-in function countOf> = operator.countOf\n +    and   dict_values(['replica', 'replica', 'primary']) = <built-in method values of dict object at 0x7f1c2ab1b300>()\n +      where <built-in method values of dict object at 0x7f1c2ab1b300> = {'postgresql-k8s/0': 'replica', 'postgresql-k8s/1': 'replica', 'postgresql-k8s/2': 'primary'}.values","time":{"start":1729561157182,"stop":1729561674193,"duration":517011}},{"uid":"971057f9fdaa313c","reportUrl":"../213//#testresult/971057f9fdaa313c","status":"unknown","time":{}},{"uid":"8c2c7cd77d9626b1","reportUrl":"../212//#testresult/8c2c7cd77d9626b1","status":"failed","statusDetails":"AssertionError: assert 0 == 1\n +  where 0 = <built-in function countOf>(dict_values(['replica', 'replica', 'primary']), 'master')\n +    where <built-in function countOf> = operator.countOf\n +    and   dict_values(['replica', 'replica', 'primary']) = <built-in method values of dict object at 0x7f8ab1b79500>()\n +      where <built-in method values of dict object at 0x7f8ab1b79500> = {'postgresql-k8s/0': 'replica', 'postgresql-k8s/1': 'replica', 'postgresql-k8s/2': 'primary'}.values","time":{"start":1729388261169,"stop":1729388778662,"duration":517493}}]},"tags":["unstable","asyncio","@pytest.mark.skipif(False, reason='Requires amd64 architecture')","group(1)"]},"source":"606d48c658ad22c3.json","parameterValues":[]}