{"uid":"2c40e3bea722da03","name":"test_legacy_and_modern_endpoints_simultaneously","fullName":"tests.integration.relations.test_relations#test_legacy_and_modern_endpoints_simultaneously","historyId":"234bbd0f3ced2bd528d95ae31c384d82","time":{"start":1723513781947,"stop":1723513840399,"duration":58452},"status":"broken","statusMessage":"juju.errors.JujuAPIError: application \"postgresql-test-app\" has no \"first-database\" relation","statusTrace":"Traceback (most recent call last):\n  File \"/home/runner/work/test-runners-2-github-x64-postgresql-k8s-operator/test-runners-2-github-x64-postgresql-k8s-operator/.tox/integration/lib/python3.10/site-packages/_pytest/runner.py\", line 341, in from_call\n    result: Optional[TResult] = func()\n  File \"/home/runner/work/test-runners-2-github-x64-postgresql-k8s-operator/test-runners-2-github-x64-postgresql-k8s-operator/.tox/integration/lib/python3.10/site-packages/_pytest/runner.py\", line 241, in <lambda>\n    lambda: runtest_hook(item=item, **kwds), when=when, reraise=reraise\n  File \"/home/runner/work/test-runners-2-github-x64-postgresql-k8s-operator/test-runners-2-github-x64-postgresql-k8s-operator/.tox/integration/lib/python3.10/site-packages/pluggy/_hooks.py\", line 513, in __call__\n    return self._hookexec(self.name, self._hookimpls.copy(), kwargs, firstresult)\n  File \"/home/runner/work/test-runners-2-github-x64-postgresql-k8s-operator/test-runners-2-github-x64-postgresql-k8s-operator/.tox/integration/lib/python3.10/site-packages/pluggy/_manager.py\", line 120, in _hookexec\n    return self._inner_hookexec(hook_name, methods, kwargs, firstresult)\n  File \"/home/runner/work/test-runners-2-github-x64-postgresql-k8s-operator/test-runners-2-github-x64-postgresql-k8s-operator/.tox/integration/lib/python3.10/site-packages/pluggy/_callers.py\", line 182, in _multicall\n    return outcome.get_result()\n  File \"/home/runner/work/test-runners-2-github-x64-postgresql-k8s-operator/test-runners-2-github-x64-postgresql-k8s-operator/.tox/integration/lib/python3.10/site-packages/pluggy/_result.py\", line 100, in get_result\n    raise exc.with_traceback(exc.__traceback__)\n  File \"/home/runner/work/test-runners-2-github-x64-postgresql-k8s-operator/test-runners-2-github-x64-postgresql-k8s-operator/.tox/integration/lib/python3.10/site-packages/pluggy/_callers.py\", line 167, in _multicall\n    teardown.throw(outcome._exception)\n  File \"/home/runner/work/test-runners-2-github-x64-postgresql-k8s-operator/test-runners-2-github-x64-postgresql-k8s-operator/.tox/integration/lib/python3.10/site-packages/_pytest/threadexception.py\", line 87, in pytest_runtest_call\n    yield from thread_exception_runtest_hook()\n  File \"/home/runner/work/test-runners-2-github-x64-postgresql-k8s-operator/test-runners-2-github-x64-postgresql-k8s-operator/.tox/integration/lib/python3.10/site-packages/_pytest/threadexception.py\", line 63, in thread_exception_runtest_hook\n    yield\n  File \"/home/runner/work/test-runners-2-github-x64-postgresql-k8s-operator/test-runners-2-github-x64-postgresql-k8s-operator/.tox/integration/lib/python3.10/site-packages/pluggy/_callers.py\", line 167, in _multicall\n    teardown.throw(outcome._exception)\n  File \"/home/runner/work/test-runners-2-github-x64-postgresql-k8s-operator/test-runners-2-github-x64-postgresql-k8s-operator/.tox/integration/lib/python3.10/site-packages/_pytest/unraisableexception.py\", line 90, in pytest_runtest_call\n    yield from unraisable_exception_runtest_hook()\n  File \"/home/runner/work/test-runners-2-github-x64-postgresql-k8s-operator/test-runners-2-github-x64-postgresql-k8s-operator/.tox/integration/lib/python3.10/site-packages/_pytest/unraisableexception.py\", line 65, in unraisable_exception_runtest_hook\n    yield\n  File \"/home/runner/work/test-runners-2-github-x64-postgresql-k8s-operator/test-runners-2-github-x64-postgresql-k8s-operator/.tox/integration/lib/python3.10/site-packages/pluggy/_callers.py\", line 167, in _multicall\n    teardown.throw(outcome._exception)\n  File \"/home/runner/work/test-runners-2-github-x64-postgresql-k8s-operator/test-runners-2-github-x64-postgresql-k8s-operator/.tox/integration/lib/python3.10/site-packages/_pytest/logging.py\", line 850, in pytest_runtest_call\n    yield from self._runtest_for(item, \"call\")\n  File \"/home/runner/work/test-runners-2-github-x64-postgresql-k8s-operator/test-runners-2-github-x64-postgresql-k8s-operator/.tox/integration/lib/python3.10/site-packages/_pytest/logging.py\", line 833, in _runtest_for\n    yield\n  File \"/home/runner/work/test-runners-2-github-x64-postgresql-k8s-operator/test-runners-2-github-x64-postgresql-k8s-operator/.tox/integration/lib/python3.10/site-packages/pluggy/_callers.py\", line 167, in _multicall\n    teardown.throw(outcome._exception)\n  File \"/home/runner/work/test-runners-2-github-x64-postgresql-k8s-operator/test-runners-2-github-x64-postgresql-k8s-operator/.tox/integration/lib/python3.10/site-packages/_pytest/capture.py\", line 878, in pytest_runtest_call\n    return (yield)\n  File \"/home/runner/work/test-runners-2-github-x64-postgresql-k8s-operator/test-runners-2-github-x64-postgresql-k8s-operator/.tox/integration/lib/python3.10/site-packages/pluggy/_callers.py\", line 167, in _multicall\n    teardown.throw(outcome._exception)\n  File \"/home/runner/work/test-runners-2-github-x64-postgresql-k8s-operator/test-runners-2-github-x64-postgresql-k8s-operator/.tox/integration/lib/python3.10/site-packages/_pytest/skipping.py\", line 257, in pytest_runtest_call\n    return (yield)\n  File \"/home/runner/work/test-runners-2-github-x64-postgresql-k8s-operator/test-runners-2-github-x64-postgresql-k8s-operator/.tox/integration/lib/python3.10/site-packages/pluggy/_callers.py\", line 103, in _multicall\n    res = hook_impl.function(*args)\n  File \"/home/runner/work/test-runners-2-github-x64-postgresql-k8s-operator/test-runners-2-github-x64-postgresql-k8s-operator/.tox/integration/lib/python3.10/site-packages/_pytest/runner.py\", line 183, in pytest_runtest_call\n    raise e\n  File \"/home/runner/work/test-runners-2-github-x64-postgresql-k8s-operator/test-runners-2-github-x64-postgresql-k8s-operator/.tox/integration/lib/python3.10/site-packages/_pytest/runner.py\", line 173, in pytest_runtest_call\n    item.runtest()\n  File \"/home/runner/work/test-runners-2-github-x64-postgresql-k8s-operator/test-runners-2-github-x64-postgresql-k8s-operator/.tox/integration/lib/python3.10/site-packages/_pytest/python.py\", line 1632, in runtest\n    self.ihook.pytest_pyfunc_call(pyfuncitem=self)\n  File \"/home/runner/work/test-runners-2-github-x64-postgresql-k8s-operator/test-runners-2-github-x64-postgresql-k8s-operator/.tox/integration/lib/python3.10/site-packages/pluggy/_hooks.py\", line 513, in __call__\n    return self._hookexec(self.name, self._hookimpls.copy(), kwargs, firstresult)\n  File \"/home/runner/work/test-runners-2-github-x64-postgresql-k8s-operator/test-runners-2-github-x64-postgresql-k8s-operator/.tox/integration/lib/python3.10/site-packages/pluggy/_manager.py\", line 120, in _hookexec\n    return self._inner_hookexec(hook_name, methods, kwargs, firstresult)\n  File \"/home/runner/work/test-runners-2-github-x64-postgresql-k8s-operator/test-runners-2-github-x64-postgresql-k8s-operator/.tox/integration/lib/python3.10/site-packages/pluggy/_callers.py\", line 182, in _multicall\n    return outcome.get_result()\n  File \"/home/runner/work/test-runners-2-github-x64-postgresql-k8s-operator/test-runners-2-github-x64-postgresql-k8s-operator/.tox/integration/lib/python3.10/site-packages/pluggy/_result.py\", line 100, in get_result\n    raise exc.with_traceback(exc.__traceback__)\n  File \"/home/runner/work/test-runners-2-github-x64-postgresql-k8s-operator/test-runners-2-github-x64-postgresql-k8s-operator/.tox/integration/lib/python3.10/site-packages/pluggy/_callers.py\", line 103, in _multicall\n    res = hook_impl.function(*args)\n  File \"/home/runner/work/test-runners-2-github-x64-postgresql-k8s-operator/test-runners-2-github-x64-postgresql-k8s-operator/.tox/integration/lib/python3.10/site-packages/_pytest/python.py\", line 162, in pytest_pyfunc_call\n    result = testfunction(**testargs)\n  File \"/home/runner/work/test-runners-2-github-x64-postgresql-k8s-operator/test-runners-2-github-x64-postgresql-k8s-operator/.tox/integration/lib/python3.10/site-packages/pytest_asyncio/plugin.py\", line 529, in inner\n    _loop.run_until_complete(task)\n  File \"/usr/lib/python3.10/asyncio/base_events.py\", line 649, in run_until_complete\n    return future.result()\n  File \"/home/runner/work/test-runners-2-github-x64-postgresql-k8s-operator/test-runners-2-github-x64-postgresql-k8s-operator/tests/integration/relations/test_relations.py\", line 75, in test_legacy_and_modern_endpoints_simultaneously\n    await ops_test.model.relate(APP_NAME, f\"{APPLICATION_APP_NAME}:{FIRST_DATABASE_RELATION}\")\n  File \"/home/runner/work/test-runners-2-github-x64-postgresql-k8s-operator/test-runners-2-github-x64-postgresql-k8s-operator/.tox/integration/lib/python3.10/site-packages/juju/model.py\", line 1565, in relate\n    return await self.integrate(relation1, relation2)\n  File \"/home/runner/work/test-runners-2-github-x64-postgresql-k8s-operator/test-runners-2-github-x64-postgresql-k8s-operator/.tox/integration/lib/python3.10/site-packages/juju/model.py\", line 1543, in integrate\n    result = await app_facade.AddRelation(endpoints=endpoints, via_cidrs=None)\n  File \"/home/runner/work/test-runners-2-github-x64-postgresql-k8s-operator/test-runners-2-github-x64-postgresql-k8s-operator/.tox/integration/lib/python3.10/site-packages/juju/client/facade.py\", line 486, in wrapper\n    reply = await f(*args, **kwargs)\n  File \"/home/runner/work/test-runners-2-github-x64-postgresql-k8s-operator/test-runners-2-github-x64-postgresql-k8s-operator/.tox/integration/lib/python3.10/site-packages/juju/client/_client19.py\", line 995, in AddRelation\n    reply = await self.rpc(msg)\n  File \"/home/runner/work/test-runners-2-github-x64-postgresql-k8s-operator/test-runners-2-github-x64-postgresql-k8s-operator/.tox/integration/lib/python3.10/site-packages/juju/client/facade.py\", line 659, in rpc\n    result = await self.connection.rpc(msg, encoder=TypeEncoder)\n  File \"/home/runner/work/test-runners-2-github-x64-postgresql-k8s-operator/test-runners-2-github-x64-postgresql-k8s-operator/.tox/integration/lib/python3.10/site-packages/juju/client/connection.py\", line 672, in rpc\n    raise errors.JujuAPIError(result)\njuju.errors.JujuAPIError: application \"postgresql-test-app\" has no \"first-database\" relation","flaky":false,"newFailed":false,"newBroken":false,"newPassed":false,"retriesCount":1,"retriesStatusChange":true,"beforeStages":[{"name":"event_loop","time":{"start":1723513120076,"stop":1723513120076,"duration":0},"status":"passed","steps":[],"attachments":[],"parameters":[],"stepsCount":0,"shouldDisplayMessage":false,"attachmentsCount":0,"hasContent":false,"attachmentStep":false},{"name":"tmp_path_factory","time":{"start":1723513120076,"stop":1723513120076,"duration":0},"status":"passed","steps":[],"attachments":[],"parameters":[],"stepsCount":0,"shouldDisplayMessage":false,"attachmentsCount":0,"hasContent":false,"attachmentStep":false},{"name":"ops_test","time":{"start":1723513120076,"stop":1723513120320,"duration":244},"status":"passed","steps":[],"attachments":[],"parameters":[],"stepsCount":0,"shouldDisplayMessage":false,"attachmentsCount":0,"hasContent":false,"attachmentStep":false},{"name":"abort_on_fail","time":{"start":1723513781947,"stop":1723513781947,"duration":0},"status":"passed","steps":[],"attachments":[],"parameters":[],"stepsCount":0,"shouldDisplayMessage":false,"attachmentsCount":0,"hasContent":false,"attachmentStep":false}],"testStage":{"status":"broken","statusMessage":"juju.errors.JujuAPIError: application \"postgresql-test-app\" has no \"first-database\" relation","statusTrace":"Traceback (most recent call last):\n  File \"/home/runner/work/test-runners-2-github-x64-postgresql-k8s-operator/test-runners-2-github-x64-postgresql-k8s-operator/.tox/integration/lib/python3.10/site-packages/_pytest/runner.py\", line 341, in from_call\n    result: Optional[TResult] = func()\n  File \"/home/runner/work/test-runners-2-github-x64-postgresql-k8s-operator/test-runners-2-github-x64-postgresql-k8s-operator/.tox/integration/lib/python3.10/site-packages/_pytest/runner.py\", line 241, in <lambda>\n    lambda: runtest_hook(item=item, **kwds), when=when, reraise=reraise\n  File \"/home/runner/work/test-runners-2-github-x64-postgresql-k8s-operator/test-runners-2-github-x64-postgresql-k8s-operator/.tox/integration/lib/python3.10/site-packages/pluggy/_hooks.py\", line 513, in __call__\n    return self._hookexec(self.name, self._hookimpls.copy(), kwargs, firstresult)\n  File \"/home/runner/work/test-runners-2-github-x64-postgresql-k8s-operator/test-runners-2-github-x64-postgresql-k8s-operator/.tox/integration/lib/python3.10/site-packages/pluggy/_manager.py\", line 120, in _hookexec\n    return self._inner_hookexec(hook_name, methods, kwargs, firstresult)\n  File \"/home/runner/work/test-runners-2-github-x64-postgresql-k8s-operator/test-runners-2-github-x64-postgresql-k8s-operator/.tox/integration/lib/python3.10/site-packages/pluggy/_callers.py\", line 182, in _multicall\n    return outcome.get_result()\n  File \"/home/runner/work/test-runners-2-github-x64-postgresql-k8s-operator/test-runners-2-github-x64-postgresql-k8s-operator/.tox/integration/lib/python3.10/site-packages/pluggy/_result.py\", line 100, in get_result\n    raise exc.with_traceback(exc.__traceback__)\n  File \"/home/runner/work/test-runners-2-github-x64-postgresql-k8s-operator/test-runners-2-github-x64-postgresql-k8s-operator/.tox/integration/lib/python3.10/site-packages/pluggy/_callers.py\", line 167, in _multicall\n    teardown.throw(outcome._exception)\n  File \"/home/runner/work/test-runners-2-github-x64-postgresql-k8s-operator/test-runners-2-github-x64-postgresql-k8s-operator/.tox/integration/lib/python3.10/site-packages/_pytest/threadexception.py\", line 87, in pytest_runtest_call\n    yield from thread_exception_runtest_hook()\n  File \"/home/runner/work/test-runners-2-github-x64-postgresql-k8s-operator/test-runners-2-github-x64-postgresql-k8s-operator/.tox/integration/lib/python3.10/site-packages/_pytest/threadexception.py\", line 63, in thread_exception_runtest_hook\n    yield\n  File \"/home/runner/work/test-runners-2-github-x64-postgresql-k8s-operator/test-runners-2-github-x64-postgresql-k8s-operator/.tox/integration/lib/python3.10/site-packages/pluggy/_callers.py\", line 167, in _multicall\n    teardown.throw(outcome._exception)\n  File \"/home/runner/work/test-runners-2-github-x64-postgresql-k8s-operator/test-runners-2-github-x64-postgresql-k8s-operator/.tox/integration/lib/python3.10/site-packages/_pytest/unraisableexception.py\", line 90, in pytest_runtest_call\n    yield from unraisable_exception_runtest_hook()\n  File \"/home/runner/work/test-runners-2-github-x64-postgresql-k8s-operator/test-runners-2-github-x64-postgresql-k8s-operator/.tox/integration/lib/python3.10/site-packages/_pytest/unraisableexception.py\", line 65, in unraisable_exception_runtest_hook\n    yield\n  File \"/home/runner/work/test-runners-2-github-x64-postgresql-k8s-operator/test-runners-2-github-x64-postgresql-k8s-operator/.tox/integration/lib/python3.10/site-packages/pluggy/_callers.py\", line 167, in _multicall\n    teardown.throw(outcome._exception)\n  File \"/home/runner/work/test-runners-2-github-x64-postgresql-k8s-operator/test-runners-2-github-x64-postgresql-k8s-operator/.tox/integration/lib/python3.10/site-packages/_pytest/logging.py\", line 850, in pytest_runtest_call\n    yield from self._runtest_for(item, \"call\")\n  File \"/home/runner/work/test-runners-2-github-x64-postgresql-k8s-operator/test-runners-2-github-x64-postgresql-k8s-operator/.tox/integration/lib/python3.10/site-packages/_pytest/logging.py\", line 833, in _runtest_for\n    yield\n  File \"/home/runner/work/test-runners-2-github-x64-postgresql-k8s-operator/test-runners-2-github-x64-postgresql-k8s-operator/.tox/integration/lib/python3.10/site-packages/pluggy/_callers.py\", line 167, in _multicall\n    teardown.throw(outcome._exception)\n  File \"/home/runner/work/test-runners-2-github-x64-postgresql-k8s-operator/test-runners-2-github-x64-postgresql-k8s-operator/.tox/integration/lib/python3.10/site-packages/_pytest/capture.py\", line 878, in pytest_runtest_call\n    return (yield)\n  File \"/home/runner/work/test-runners-2-github-x64-postgresql-k8s-operator/test-runners-2-github-x64-postgresql-k8s-operator/.tox/integration/lib/python3.10/site-packages/pluggy/_callers.py\", line 167, in _multicall\n    teardown.throw(outcome._exception)\n  File \"/home/runner/work/test-runners-2-github-x64-postgresql-k8s-operator/test-runners-2-github-x64-postgresql-k8s-operator/.tox/integration/lib/python3.10/site-packages/_pytest/skipping.py\", line 257, in pytest_runtest_call\n    return (yield)\n  File \"/home/runner/work/test-runners-2-github-x64-postgresql-k8s-operator/test-runners-2-github-x64-postgresql-k8s-operator/.tox/integration/lib/python3.10/site-packages/pluggy/_callers.py\", line 103, in _multicall\n    res = hook_impl.function(*args)\n  File \"/home/runner/work/test-runners-2-github-x64-postgresql-k8s-operator/test-runners-2-github-x64-postgresql-k8s-operator/.tox/integration/lib/python3.10/site-packages/_pytest/runner.py\", line 183, in pytest_runtest_call\n    raise e\n  File \"/home/runner/work/test-runners-2-github-x64-postgresql-k8s-operator/test-runners-2-github-x64-postgresql-k8s-operator/.tox/integration/lib/python3.10/site-packages/_pytest/runner.py\", line 173, in pytest_runtest_call\n    item.runtest()\n  File \"/home/runner/work/test-runners-2-github-x64-postgresql-k8s-operator/test-runners-2-github-x64-postgresql-k8s-operator/.tox/integration/lib/python3.10/site-packages/_pytest/python.py\", line 1632, in runtest\n    self.ihook.pytest_pyfunc_call(pyfuncitem=self)\n  File \"/home/runner/work/test-runners-2-github-x64-postgresql-k8s-operator/test-runners-2-github-x64-postgresql-k8s-operator/.tox/integration/lib/python3.10/site-packages/pluggy/_hooks.py\", line 513, in __call__\n    return self._hookexec(self.name, self._hookimpls.copy(), kwargs, firstresult)\n  File \"/home/runner/work/test-runners-2-github-x64-postgresql-k8s-operator/test-runners-2-github-x64-postgresql-k8s-operator/.tox/integration/lib/python3.10/site-packages/pluggy/_manager.py\", line 120, in _hookexec\n    return self._inner_hookexec(hook_name, methods, kwargs, firstresult)\n  File \"/home/runner/work/test-runners-2-github-x64-postgresql-k8s-operator/test-runners-2-github-x64-postgresql-k8s-operator/.tox/integration/lib/python3.10/site-packages/pluggy/_callers.py\", line 182, in _multicall\n    return outcome.get_result()\n  File \"/home/runner/work/test-runners-2-github-x64-postgresql-k8s-operator/test-runners-2-github-x64-postgresql-k8s-operator/.tox/integration/lib/python3.10/site-packages/pluggy/_result.py\", line 100, in get_result\n    raise exc.with_traceback(exc.__traceback__)\n  File \"/home/runner/work/test-runners-2-github-x64-postgresql-k8s-operator/test-runners-2-github-x64-postgresql-k8s-operator/.tox/integration/lib/python3.10/site-packages/pluggy/_callers.py\", line 103, in _multicall\n    res = hook_impl.function(*args)\n  File \"/home/runner/work/test-runners-2-github-x64-postgresql-k8s-operator/test-runners-2-github-x64-postgresql-k8s-operator/.tox/integration/lib/python3.10/site-packages/_pytest/python.py\", line 162, in pytest_pyfunc_call\n    result = testfunction(**testargs)\n  File \"/home/runner/work/test-runners-2-github-x64-postgresql-k8s-operator/test-runners-2-github-x64-postgresql-k8s-operator/.tox/integration/lib/python3.10/site-packages/pytest_asyncio/plugin.py\", line 529, in inner\n    _loop.run_until_complete(task)\n  File \"/usr/lib/python3.10/asyncio/base_events.py\", line 649, in run_until_complete\n    return future.result()\n  File \"/home/runner/work/test-runners-2-github-x64-postgresql-k8s-operator/test-runners-2-github-x64-postgresql-k8s-operator/tests/integration/relations/test_relations.py\", line 75, in test_legacy_and_modern_endpoints_simultaneously\n    await ops_test.model.relate(APP_NAME, f\"{APPLICATION_APP_NAME}:{FIRST_DATABASE_RELATION}\")\n  File \"/home/runner/work/test-runners-2-github-x64-postgresql-k8s-operator/test-runners-2-github-x64-postgresql-k8s-operator/.tox/integration/lib/python3.10/site-packages/juju/model.py\", line 1565, in relate\n    return await self.integrate(relation1, relation2)\n  File \"/home/runner/work/test-runners-2-github-x64-postgresql-k8s-operator/test-runners-2-github-x64-postgresql-k8s-operator/.tox/integration/lib/python3.10/site-packages/juju/model.py\", line 1543, in integrate\n    result = await app_facade.AddRelation(endpoints=endpoints, via_cidrs=None)\n  File \"/home/runner/work/test-runners-2-github-x64-postgresql-k8s-operator/test-runners-2-github-x64-postgresql-k8s-operator/.tox/integration/lib/python3.10/site-packages/juju/client/facade.py\", line 486, in wrapper\n    reply = await f(*args, **kwargs)\n  File \"/home/runner/work/test-runners-2-github-x64-postgresql-k8s-operator/test-runners-2-github-x64-postgresql-k8s-operator/.tox/integration/lib/python3.10/site-packages/juju/client/_client19.py\", line 995, in AddRelation\n    reply = await self.rpc(msg)\n  File \"/home/runner/work/test-runners-2-github-x64-postgresql-k8s-operator/test-runners-2-github-x64-postgresql-k8s-operator/.tox/integration/lib/python3.10/site-packages/juju/client/facade.py\", line 659, in rpc\n    result = await self.connection.rpc(msg, encoder=TypeEncoder)\n  File \"/home/runner/work/test-runners-2-github-x64-postgresql-k8s-operator/test-runners-2-github-x64-postgresql-k8s-operator/.tox/integration/lib/python3.10/site-packages/juju/client/connection.py\", line 672, in rpc\n    raise errors.JujuAPIError(result)\njuju.errors.JujuAPIError: application \"postgresql-test-app\" has no \"first-database\" relation","steps":[],"attachments":[{"uid":"55b61df6b18f50ce","name":"log","source":"55b61df6b18f50ce.txt","type":"text/plain","size":1540}],"parameters":[],"stepsCount":0,"shouldDisplayMessage":true,"attachmentsCount":1,"hasContent":true,"attachmentStep":false},"afterStages":[{"name":"abort_on_fail::0","time":{"start":1723513840434,"stop":1723513840434,"duration":0},"status":"passed","steps":[],"attachments":[],"parameters":[],"stepsCount":0,"shouldDisplayMessage":false,"attachmentsCount":0,"hasContent":false,"attachmentStep":false},{"name":"ops_test::finalizer","time":{"start":1723513840436,"stop":1723513840817,"duration":381},"status":"passed","steps":[],"attachments":[],"parameters":[],"stepsCount":0,"shouldDisplayMessage":false,"attachmentsCount":0,"hasContent":false,"attachmentStep":false},{"name":"event_loop::2","time":{"start":1723513840818,"stop":1723513840818,"duration":0},"status":"passed","steps":[],"attachments":[],"parameters":[],"stepsCount":0,"shouldDisplayMessage":false,"attachmentsCount":0,"hasContent":false,"attachmentStep":false},{"name":"event_loop::_close_event_loop","time":{"start":1723513840818,"stop":1723513840818,"duration":0},"status":"passed","steps":[],"attachments":[],"parameters":[],"stepsCount":0,"shouldDisplayMessage":false,"attachmentsCount":0,"hasContent":false,"attachmentStep":false},{"name":"event_loop::_provide_clean_event_loop","time":{"start":1723513840818,"stop":1723513840818,"duration":0},"status":"passed","steps":[],"attachments":[],"parameters":[],"stepsCount":0,"shouldDisplayMessage":false,"attachmentsCount":0,"hasContent":false,"attachmentStep":false}],"labels":[{"name":"tag","value":"group(1)"},{"name":"tag","value":"asyncio"},{"name":"parentSuite","value":"tests.integration.relations"},{"name":"suite","value":"test_relations"},{"name":"host","value":"fv-az1247-955"},{"name":"thread","value":"12906-MainThread"},{"name":"framework","value":"pytest"},{"name":"language","value":"cpython3"},{"name":"package","value":"tests.integration.relations.test_relations"},{"name":"resultFormat","value":"allure2"}],"parameters":[],"links":[],"hidden":false,"retry":false,"extra":{"severity":"normal","retries":[{"uid":"c2fec8bedf7ddab","status":"unknown","time":{}}],"categories":[{"name":"Test defects","matchedStatuses":[],"flaky":false}],"history":{"statistic":{"failed":0,"broken":10,"skipped":0,"passed":35,"unknown":3,"total":48},"items":[{"uid":"6699598bf65d7cf8","reportUrl":"../141//#testresult/6699598bf65d7cf8","status":"broken","statusDetails":"juju.errors.JujuAPIError: application \"postgresql-test-app\" has no \"first-database\" relation","time":{"start":1723427535333,"stop":1723427580016,"duration":44683}},{"uid":"f85e88b767d128f8","reportUrl":"../140//#testresult/f85e88b767d128f8","status":"broken","statusDetails":"juju.errors.JujuAPIError: application \"postgresql-test-app\" has no \"first-database\" relation","time":{"start":1723341195375,"stop":1723341254131,"duration":58756}},{"uid":"611533d8361c93d3","reportUrl":"../139//#testresult/611533d8361c93d3","status":"broken","statusDetails":"juju.errors.JujuAPIError: application \"postgresql-test-app\" has no \"first-database\" relation","time":{"start":1723254531026,"stop":1723254575385,"duration":44359}},{"uid":"47d15edecf9bc8ae","reportUrl":"../138//#testresult/47d15edecf9bc8ae","status":"unknown","time":{}},{"uid":"ad327590d891caf2","reportUrl":"../137//#testresult/ad327590d891caf2","status":"broken","statusDetails":"juju.errors.JujuAPIError: application \"postgresql-test-app\" has no \"first-database\" relation","time":{"start":1723081791724,"stop":1723081850978,"duration":59254}},{"uid":"89040b56440a8f7c","reportUrl":"../136//#testresult/89040b56440a8f7c","status":"broken","statusDetails":"juju.errors.JujuAPIError: application \"postgresql-test-app\" has no \"first-database\" relation","time":{"start":1722995344054,"stop":1722995403192,"duration":59138}},{"uid":"247446ed8a39350b","reportUrl":"../135//#testresult/247446ed8a39350b","status":"broken","statusDetails":"juju.errors.JujuAPIError: application \"postgresql-test-app\" has no \"first-database\" relation","time":{"start":1722908807955,"stop":1722908851548,"duration":43593}},{"uid":"686de9bafb916bcf","reportUrl":"../134//#testresult/686de9bafb916bcf","status":"broken","statusDetails":"juju.errors.JujuAPIError: application \"postgresql-test-app\" has no \"first-database\" relation","time":{"start":1722822608034,"stop":1722822641006,"duration":32972}},{"uid":"1825e05969f07319","reportUrl":"../133//#testresult/1825e05969f07319","status":"broken","statusDetails":"juju.errors.JujuAPIError: application \"postgresql-test-app\" has no \"first-database\" relation","time":{"start":1722735995644,"stop":1722736042064,"duration":46420}},{"uid":"f93279d4b453d5f","reportUrl":"../132//#testresult/f93279d4b453d5f","status":"broken","statusDetails":"juju.errors.JujuAPIError: application \"postgresql-test-app\" has no \"first-database\" relation","time":{"start":1722649602102,"stop":1722649645789,"duration":43687}},{"uid":"30b2963bec6c96c4","reportUrl":"../131//#testresult/30b2963bec6c96c4","status":"passed","time":{"start":1722563206879,"stop":1722563351520,"duration":144641}},{"uid":"42d10ea2ca69679f","reportUrl":"../130//#testresult/42d10ea2ca69679f","status":"passed","time":{"start":1722476509005,"stop":1722476639009,"duration":130004}},{"uid":"1fde0c50fc5dc5f3","reportUrl":"../129//#testresult/1fde0c50fc5dc5f3","status":"passed","time":{"start":1722389838807,"stop":1722389968903,"duration":130096}},{"uid":"d67473b06a42e553","reportUrl":"../128//#testresult/d67473b06a42e553","status":"passed","time":{"start":1722303724022,"stop":1722303868905,"duration":144883}},{"uid":"e2c2b9a4e6aa472d","reportUrl":"../127//#testresult/e2c2b9a4e6aa472d","status":"passed","time":{"start":1722217052956,"stop":1722217183781,"duration":130825}},{"uid":"e2bed5474b191a16","reportUrl":"../126//#testresult/e2bed5474b191a16","status":"passed","time":{"start":1722130917966,"stop":1722131060956,"duration":142990}},{"uid":"a50eb9ed1ab4c3b6","reportUrl":"../125//#testresult/a50eb9ed1ab4c3b6","status":"passed","time":{"start":1722044081444,"stop":1722044188014,"duration":106570}},{"uid":"70d54810b123f612","reportUrl":"../124//#testresult/70d54810b123f612","status":"passed","time":{"start":1721958041805,"stop":1721958173162,"duration":131357}},{"uid":"1f9db6c9e20d5812","reportUrl":"../123//#testresult/1f9db6c9e20d5812","status":"passed","time":{"start":1721871453328,"stop":1721871583093,"duration":129765}},{"uid":"7b5c8976b1b44fad","reportUrl":"../122//#testresult/7b5c8976b1b44fad","status":"passed","time":{"start":1721785295357,"stop":1721785436434,"duration":141077}}]},"tags":["asyncio","group(1)"]},"source":"2c40e3bea722da03.json","parameterValues":[]}