{"uid":"9538b7823fb38fba","name":"test_full_cluster_restart[SIGTERM-postgres]","fullName":"tests.integration.ha_tests.test_self_healing#test_full_cluster_restart","historyId":"1fae0f26d7819f653f6b98b8e1174bd5","time":{"start":1728006254056,"stop":1728006352293,"duration":98237},"description":"This tests checks that a cluster recovers from a full cluster restart.\n\n    The test can be called a full cluster crash when the signal sent to the OS process\n    is SIGKILL.\n    ","descriptionHtml":"<p>This tests checks that a cluster recovers from a full cluster restart.</p>\n<pre><code>The test can be called a full cluster crash when the signal sent to the OS process\nis SIGKILL.\n</code></pre>\n","status":"failed","statusMessage":"AssertionError: Not all units down at the same time.\nassert False","statusTrace":"Traceback (most recent call last):\n  File \"/home/runner/work/test-runners-2-github-x64-postgresql-k8s-operator/test-runners-2-github-x64-postgresql-k8s-operator/.tox/integration/lib/python3.10/site-packages/_pytest/runner.py\", line 341, in from_call\n    result: TResult | None = func()\n  File \"/home/runner/work/test-runners-2-github-x64-postgresql-k8s-operator/test-runners-2-github-x64-postgresql-k8s-operator/.tox/integration/lib/python3.10/site-packages/_pytest/runner.py\", line 242, in <lambda>\n    lambda: runtest_hook(item=item, **kwds), when=when, reraise=reraise\n  File \"/home/runner/work/test-runners-2-github-x64-postgresql-k8s-operator/test-runners-2-github-x64-postgresql-k8s-operator/.tox/integration/lib/python3.10/site-packages/pluggy/_hooks.py\", line 513, in __call__\n    return self._hookexec(self.name, self._hookimpls.copy(), kwargs, firstresult)\n  File \"/home/runner/work/test-runners-2-github-x64-postgresql-k8s-operator/test-runners-2-github-x64-postgresql-k8s-operator/.tox/integration/lib/python3.10/site-packages/pluggy/_manager.py\", line 120, in _hookexec\n    return self._inner_hookexec(hook_name, methods, kwargs, firstresult)\n  File \"/home/runner/work/test-runners-2-github-x64-postgresql-k8s-operator/test-runners-2-github-x64-postgresql-k8s-operator/.tox/integration/lib/python3.10/site-packages/pluggy/_callers.py\", line 182, in _multicall\n    return outcome.get_result()\n  File \"/home/runner/work/test-runners-2-github-x64-postgresql-k8s-operator/test-runners-2-github-x64-postgresql-k8s-operator/.tox/integration/lib/python3.10/site-packages/pluggy/_result.py\", line 100, in get_result\n    raise exc.with_traceback(exc.__traceback__)\n  File \"/home/runner/work/test-runners-2-github-x64-postgresql-k8s-operator/test-runners-2-github-x64-postgresql-k8s-operator/.tox/integration/lib/python3.10/site-packages/pluggy/_callers.py\", line 167, in _multicall\n    teardown.throw(outcome._exception)\n  File \"/home/runner/work/test-runners-2-github-x64-postgresql-k8s-operator/test-runners-2-github-x64-postgresql-k8s-operator/.tox/integration/lib/python3.10/site-packages/_pytest/threadexception.py\", line 92, in pytest_runtest_call\n    yield from thread_exception_runtest_hook()\n  File \"/home/runner/work/test-runners-2-github-x64-postgresql-k8s-operator/test-runners-2-github-x64-postgresql-k8s-operator/.tox/integration/lib/python3.10/site-packages/_pytest/threadexception.py\", line 68, in thread_exception_runtest_hook\n    yield\n  File \"/home/runner/work/test-runners-2-github-x64-postgresql-k8s-operator/test-runners-2-github-x64-postgresql-k8s-operator/.tox/integration/lib/python3.10/site-packages/pluggy/_callers.py\", line 167, in _multicall\n    teardown.throw(outcome._exception)\n  File \"/home/runner/work/test-runners-2-github-x64-postgresql-k8s-operator/test-runners-2-github-x64-postgresql-k8s-operator/.tox/integration/lib/python3.10/site-packages/_pytest/unraisableexception.py\", line 95, in pytest_runtest_call\n    yield from unraisable_exception_runtest_hook()\n  File \"/home/runner/work/test-runners-2-github-x64-postgresql-k8s-operator/test-runners-2-github-x64-postgresql-k8s-operator/.tox/integration/lib/python3.10/site-packages/_pytest/unraisableexception.py\", line 70, in unraisable_exception_runtest_hook\n    yield\n  File \"/home/runner/work/test-runners-2-github-x64-postgresql-k8s-operator/test-runners-2-github-x64-postgresql-k8s-operator/.tox/integration/lib/python3.10/site-packages/pluggy/_callers.py\", line 167, in _multicall\n    teardown.throw(outcome._exception)\n  File \"/home/runner/work/test-runners-2-github-x64-postgresql-k8s-operator/test-runners-2-github-x64-postgresql-k8s-operator/.tox/integration/lib/python3.10/site-packages/_pytest/logging.py\", line 846, in pytest_runtest_call\n    yield from self._runtest_for(item, \"call\")\n  File \"/home/runner/work/test-runners-2-github-x64-postgresql-k8s-operator/test-runners-2-github-x64-postgresql-k8s-operator/.tox/integration/lib/python3.10/site-packages/_pytest/logging.py\", line 829, in _runtest_for\n    yield\n  File \"/home/runner/work/test-runners-2-github-x64-postgresql-k8s-operator/test-runners-2-github-x64-postgresql-k8s-operator/.tox/integration/lib/python3.10/site-packages/pluggy/_callers.py\", line 167, in _multicall\n    teardown.throw(outcome._exception)\n  File \"/home/runner/work/test-runners-2-github-x64-postgresql-k8s-operator/test-runners-2-github-x64-postgresql-k8s-operator/.tox/integration/lib/python3.10/site-packages/_pytest/capture.py\", line 880, in pytest_runtest_call\n    return (yield)\n  File \"/home/runner/work/test-runners-2-github-x64-postgresql-k8s-operator/test-runners-2-github-x64-postgresql-k8s-operator/.tox/integration/lib/python3.10/site-packages/pluggy/_callers.py\", line 167, in _multicall\n    teardown.throw(outcome._exception)\n  File \"/home/runner/work/test-runners-2-github-x64-postgresql-k8s-operator/test-runners-2-github-x64-postgresql-k8s-operator/.tox/integration/lib/python3.10/site-packages/_pytest/skipping.py\", line 257, in pytest_runtest_call\n    return (yield)\n  File \"/home/runner/work/test-runners-2-github-x64-postgresql-k8s-operator/test-runners-2-github-x64-postgresql-k8s-operator/.tox/integration/lib/python3.10/site-packages/pluggy/_callers.py\", line 103, in _multicall\n    res = hook_impl.function(*args)\n  File \"/home/runner/work/test-runners-2-github-x64-postgresql-k8s-operator/test-runners-2-github-x64-postgresql-k8s-operator/.tox/integration/lib/python3.10/site-packages/_pytest/runner.py\", line 174, in pytest_runtest_call\n    item.runtest()\n  File \"/home/runner/work/test-runners-2-github-x64-postgresql-k8s-operator/test-runners-2-github-x64-postgresql-k8s-operator/.tox/integration/lib/python3.10/site-packages/_pytest/python.py\", line 1627, in runtest\n    self.ihook.pytest_pyfunc_call(pyfuncitem=self)\n  File \"/home/runner/work/test-runners-2-github-x64-postgresql-k8s-operator/test-runners-2-github-x64-postgresql-k8s-operator/.tox/integration/lib/python3.10/site-packages/pluggy/_hooks.py\", line 513, in __call__\n    return self._hookexec(self.name, self._hookimpls.copy(), kwargs, firstresult)\n  File \"/home/runner/work/test-runners-2-github-x64-postgresql-k8s-operator/test-runners-2-github-x64-postgresql-k8s-operator/.tox/integration/lib/python3.10/site-packages/pluggy/_manager.py\", line 120, in _hookexec\n    return self._inner_hookexec(hook_name, methods, kwargs, firstresult)\n  File \"/home/runner/work/test-runners-2-github-x64-postgresql-k8s-operator/test-runners-2-github-x64-postgresql-k8s-operator/.tox/integration/lib/python3.10/site-packages/pluggy/_callers.py\", line 182, in _multicall\n    return outcome.get_result()\n  File \"/home/runner/work/test-runners-2-github-x64-postgresql-k8s-operator/test-runners-2-github-x64-postgresql-k8s-operator/.tox/integration/lib/python3.10/site-packages/pluggy/_result.py\", line 100, in get_result\n    raise exc.with_traceback(exc.__traceback__)\n  File \"/home/runner/work/test-runners-2-github-x64-postgresql-k8s-operator/test-runners-2-github-x64-postgresql-k8s-operator/.tox/integration/lib/python3.10/site-packages/pluggy/_callers.py\", line 103, in _multicall\n    res = hook_impl.function(*args)\n  File \"/home/runner/work/test-runners-2-github-x64-postgresql-k8s-operator/test-runners-2-github-x64-postgresql-k8s-operator/.tox/integration/lib/python3.10/site-packages/_pytest/python.py\", line 159, in pytest_pyfunc_call\n    result = testfunction(**testargs)\n  File \"/home/runner/work/test-runners-2-github-x64-postgresql-k8s-operator/test-runners-2-github-x64-postgresql-k8s-operator/.tox/integration/lib/python3.10/site-packages/pytest_asyncio/plugin.py\", line 529, in inner\n    _loop.run_until_complete(task)\n  File \"/usr/lib/python3.10/asyncio/base_events.py\", line 649, in run_until_complete\n    return future.result()\n  File \"/home/runner/work/test-runners-2-github-x64-postgresql-k8s-operator/test-runners-2-github-x64-postgresql-k8s-operator/tests/integration/ha_tests/test_self_healing.py\", line 192, in test_full_cluster_restart\n    assert await are_all_db_processes_down(\nAssertionError: Not all units down at the same time.\nassert False","flaky":false,"newFailed":true,"newBroken":false,"newPassed":false,"retriesCount":1,"retriesStatusChange":true,"beforeStages":[{"name":"event_loop","time":{"start":1728005452468,"stop":1728005452469,"duration":1},"status":"passed","steps":[],"attachments":[],"parameters":[],"stepsCount":0,"shouldDisplayMessage":false,"attachmentsCount":0,"hasContent":false,"attachmentStep":false},{"name":"ops_test","time":{"start":1728005452469,"stop":1728005452729,"duration":260},"status":"passed","steps":[],"attachments":[],"parameters":[],"stepsCount":0,"shouldDisplayMessage":false,"attachmentsCount":0,"hasContent":false,"attachmentStep":false},{"name":"tmp_path_factory","time":{"start":1728005452469,"stop":1728005452469,"duration":0},"status":"passed","steps":[],"attachments":[],"parameters":[],"stepsCount":0,"shouldDisplayMessage":false,"attachmentsCount":0,"hasContent":false,"attachmentStep":false},{"name":"continuous_writes","time":{"start":1728006143446,"stop":1728006143447,"duration":1},"status":"passed","steps":[],"attachments":[],"parameters":[],"stepsCount":0,"shouldDisplayMessage":false,"attachmentsCount":0,"hasContent":false,"attachmentStep":false},{"name":"abort_on_fail","time":{"start":1728006143446,"stop":1728006143446,"duration":0},"status":"passed","steps":[],"attachments":[],"parameters":[],"stepsCount":0,"shouldDisplayMessage":false,"attachmentsCount":0,"hasContent":false,"attachmentStep":false},{"name":"restart_policy","time":{"start":1728006143447,"stop":1728006251966,"duration":108519},"status":"passed","steps":[],"attachments":[],"parameters":[],"stepsCount":0,"shouldDisplayMessage":false,"attachmentsCount":0,"hasContent":false,"attachmentStep":false},{"name":"loop_wait","time":{"start":1728006251967,"stop":1728006254056,"duration":2089},"status":"passed","steps":[],"attachments":[],"parameters":[],"stepsCount":0,"shouldDisplayMessage":false,"attachmentsCount":0,"hasContent":false,"attachmentStep":false}],"testStage":{"description":"This tests checks that a cluster recovers from a full cluster restart.\n\n    The test can be called a full cluster crash when the signal sent to the OS process\n    is SIGKILL.\n    ","status":"failed","statusMessage":"AssertionError: Not all units down at the same time.\nassert False","statusTrace":"Traceback (most recent call last):\n  File \"/home/runner/work/test-runners-2-github-x64-postgresql-k8s-operator/test-runners-2-github-x64-postgresql-k8s-operator/.tox/integration/lib/python3.10/site-packages/_pytest/runner.py\", line 341, in from_call\n    result: TResult | None = func()\n  File \"/home/runner/work/test-runners-2-github-x64-postgresql-k8s-operator/test-runners-2-github-x64-postgresql-k8s-operator/.tox/integration/lib/python3.10/site-packages/_pytest/runner.py\", line 242, in <lambda>\n    lambda: runtest_hook(item=item, **kwds), when=when, reraise=reraise\n  File \"/home/runner/work/test-runners-2-github-x64-postgresql-k8s-operator/test-runners-2-github-x64-postgresql-k8s-operator/.tox/integration/lib/python3.10/site-packages/pluggy/_hooks.py\", line 513, in __call__\n    return self._hookexec(self.name, self._hookimpls.copy(), kwargs, firstresult)\n  File \"/home/runner/work/test-runners-2-github-x64-postgresql-k8s-operator/test-runners-2-github-x64-postgresql-k8s-operator/.tox/integration/lib/python3.10/site-packages/pluggy/_manager.py\", line 120, in _hookexec\n    return self._inner_hookexec(hook_name, methods, kwargs, firstresult)\n  File \"/home/runner/work/test-runners-2-github-x64-postgresql-k8s-operator/test-runners-2-github-x64-postgresql-k8s-operator/.tox/integration/lib/python3.10/site-packages/pluggy/_callers.py\", line 182, in _multicall\n    return outcome.get_result()\n  File \"/home/runner/work/test-runners-2-github-x64-postgresql-k8s-operator/test-runners-2-github-x64-postgresql-k8s-operator/.tox/integration/lib/python3.10/site-packages/pluggy/_result.py\", line 100, in get_result\n    raise exc.with_traceback(exc.__traceback__)\n  File \"/home/runner/work/test-runners-2-github-x64-postgresql-k8s-operator/test-runners-2-github-x64-postgresql-k8s-operator/.tox/integration/lib/python3.10/site-packages/pluggy/_callers.py\", line 167, in _multicall\n    teardown.throw(outcome._exception)\n  File \"/home/runner/work/test-runners-2-github-x64-postgresql-k8s-operator/test-runners-2-github-x64-postgresql-k8s-operator/.tox/integration/lib/python3.10/site-packages/_pytest/threadexception.py\", line 92, in pytest_runtest_call\n    yield from thread_exception_runtest_hook()\n  File \"/home/runner/work/test-runners-2-github-x64-postgresql-k8s-operator/test-runners-2-github-x64-postgresql-k8s-operator/.tox/integration/lib/python3.10/site-packages/_pytest/threadexception.py\", line 68, in thread_exception_runtest_hook\n    yield\n  File \"/home/runner/work/test-runners-2-github-x64-postgresql-k8s-operator/test-runners-2-github-x64-postgresql-k8s-operator/.tox/integration/lib/python3.10/site-packages/pluggy/_callers.py\", line 167, in _multicall\n    teardown.throw(outcome._exception)\n  File \"/home/runner/work/test-runners-2-github-x64-postgresql-k8s-operator/test-runners-2-github-x64-postgresql-k8s-operator/.tox/integration/lib/python3.10/site-packages/_pytest/unraisableexception.py\", line 95, in pytest_runtest_call\n    yield from unraisable_exception_runtest_hook()\n  File \"/home/runner/work/test-runners-2-github-x64-postgresql-k8s-operator/test-runners-2-github-x64-postgresql-k8s-operator/.tox/integration/lib/python3.10/site-packages/_pytest/unraisableexception.py\", line 70, in unraisable_exception_runtest_hook\n    yield\n  File \"/home/runner/work/test-runners-2-github-x64-postgresql-k8s-operator/test-runners-2-github-x64-postgresql-k8s-operator/.tox/integration/lib/python3.10/site-packages/pluggy/_callers.py\", line 167, in _multicall\n    teardown.throw(outcome._exception)\n  File \"/home/runner/work/test-runners-2-github-x64-postgresql-k8s-operator/test-runners-2-github-x64-postgresql-k8s-operator/.tox/integration/lib/python3.10/site-packages/_pytest/logging.py\", line 846, in pytest_runtest_call\n    yield from self._runtest_for(item, \"call\")\n  File \"/home/runner/work/test-runners-2-github-x64-postgresql-k8s-operator/test-runners-2-github-x64-postgresql-k8s-operator/.tox/integration/lib/python3.10/site-packages/_pytest/logging.py\", line 829, in _runtest_for\n    yield\n  File \"/home/runner/work/test-runners-2-github-x64-postgresql-k8s-operator/test-runners-2-github-x64-postgresql-k8s-operator/.tox/integration/lib/python3.10/site-packages/pluggy/_callers.py\", line 167, in _multicall\n    teardown.throw(outcome._exception)\n  File \"/home/runner/work/test-runners-2-github-x64-postgresql-k8s-operator/test-runners-2-github-x64-postgresql-k8s-operator/.tox/integration/lib/python3.10/site-packages/_pytest/capture.py\", line 880, in pytest_runtest_call\n    return (yield)\n  File \"/home/runner/work/test-runners-2-github-x64-postgresql-k8s-operator/test-runners-2-github-x64-postgresql-k8s-operator/.tox/integration/lib/python3.10/site-packages/pluggy/_callers.py\", line 167, in _multicall\n    teardown.throw(outcome._exception)\n  File \"/home/runner/work/test-runners-2-github-x64-postgresql-k8s-operator/test-runners-2-github-x64-postgresql-k8s-operator/.tox/integration/lib/python3.10/site-packages/_pytest/skipping.py\", line 257, in pytest_runtest_call\n    return (yield)\n  File \"/home/runner/work/test-runners-2-github-x64-postgresql-k8s-operator/test-runners-2-github-x64-postgresql-k8s-operator/.tox/integration/lib/python3.10/site-packages/pluggy/_callers.py\", line 103, in _multicall\n    res = hook_impl.function(*args)\n  File \"/home/runner/work/test-runners-2-github-x64-postgresql-k8s-operator/test-runners-2-github-x64-postgresql-k8s-operator/.tox/integration/lib/python3.10/site-packages/_pytest/runner.py\", line 174, in pytest_runtest_call\n    item.runtest()\n  File \"/home/runner/work/test-runners-2-github-x64-postgresql-k8s-operator/test-runners-2-github-x64-postgresql-k8s-operator/.tox/integration/lib/python3.10/site-packages/_pytest/python.py\", line 1627, in runtest\n    self.ihook.pytest_pyfunc_call(pyfuncitem=self)\n  File \"/home/runner/work/test-runners-2-github-x64-postgresql-k8s-operator/test-runners-2-github-x64-postgresql-k8s-operator/.tox/integration/lib/python3.10/site-packages/pluggy/_hooks.py\", line 513, in __call__\n    return self._hookexec(self.name, self._hookimpls.copy(), kwargs, firstresult)\n  File \"/home/runner/work/test-runners-2-github-x64-postgresql-k8s-operator/test-runners-2-github-x64-postgresql-k8s-operator/.tox/integration/lib/python3.10/site-packages/pluggy/_manager.py\", line 120, in _hookexec\n    return self._inner_hookexec(hook_name, methods, kwargs, firstresult)\n  File \"/home/runner/work/test-runners-2-github-x64-postgresql-k8s-operator/test-runners-2-github-x64-postgresql-k8s-operator/.tox/integration/lib/python3.10/site-packages/pluggy/_callers.py\", line 182, in _multicall\n    return outcome.get_result()\n  File \"/home/runner/work/test-runners-2-github-x64-postgresql-k8s-operator/test-runners-2-github-x64-postgresql-k8s-operator/.tox/integration/lib/python3.10/site-packages/pluggy/_result.py\", line 100, in get_result\n    raise exc.with_traceback(exc.__traceback__)\n  File \"/home/runner/work/test-runners-2-github-x64-postgresql-k8s-operator/test-runners-2-github-x64-postgresql-k8s-operator/.tox/integration/lib/python3.10/site-packages/pluggy/_callers.py\", line 103, in _multicall\n    res = hook_impl.function(*args)\n  File \"/home/runner/work/test-runners-2-github-x64-postgresql-k8s-operator/test-runners-2-github-x64-postgresql-k8s-operator/.tox/integration/lib/python3.10/site-packages/_pytest/python.py\", line 159, in pytest_pyfunc_call\n    result = testfunction(**testargs)\n  File \"/home/runner/work/test-runners-2-github-x64-postgresql-k8s-operator/test-runners-2-github-x64-postgresql-k8s-operator/.tox/integration/lib/python3.10/site-packages/pytest_asyncio/plugin.py\", line 529, in inner\n    _loop.run_until_complete(task)\n  File \"/usr/lib/python3.10/asyncio/base_events.py\", line 649, in run_until_complete\n    return future.result()\n  File \"/home/runner/work/test-runners-2-github-x64-postgresql-k8s-operator/test-runners-2-github-x64-postgresql-k8s-operator/tests/integration/ha_tests/test_self_healing.py\", line 192, in test_full_cluster_restart\n    assert await are_all_db_processes_down(\nAssertionError: Not all units down at the same time.\nassert False","steps":[],"attachments":[{"uid":"8bd303aa8effc151","name":"log","source":"8bd303aa8effc151.txt","type":"text/plain","size":521}],"parameters":[],"stepsCount":0,"shouldDisplayMessage":true,"attachmentsCount":1,"hasContent":true,"attachmentStep":false},"afterStages":[{"name":"loop_wait::finalizer","time":{"start":1728006352309,"stop":1728006352310,"duration":1},"status":"broken","statusMessage":"TypeError: change_patroni_setting() missing 1 required positional argument: 'password'\n","statusTrace":"  File \"/home/runner/work/test-runners-2-github-x64-postgresql-k8s-operator/test-runners-2-github-x64-postgresql-k8s-operator/.tox/integration/lib/python3.10/site-packages/allure_commons/_allure.py\", line 221, in __call__\n    return self._fixture_function(*args, **kwargs)\n  File \"/home/runner/work/test-runners-2-github-x64-postgresql-k8s-operator/test-runners-2-github-x64-postgresql-k8s-operator/.tox/integration/lib/python3.10/site-packages/pytest_asyncio/plugin.py\", line 300, in finalizer\n    event_loop.run_until_complete(async_finalizer())\n  File \"/usr/lib/python3.10/asyncio/base_events.py\", line 649, in run_until_complete\n    return future.result()\n  File \"/home/runner/work/test-runners-2-github-x64-postgresql-k8s-operator/test-runners-2-github-x64-postgresql-k8s-operator/.tox/integration/lib/python3.10/site-packages/pytest_asyncio/plugin.py\", line 292, in async_finalizer\n    await gen_obj.__anext__()\n  File \"/home/runner/work/test-runners-2-github-x64-postgresql-k8s-operator/test-runners-2-github-x64-postgresql-k8s-operator/tests/integration/ha_tests/conftest.py\", line 57, in loop_wait\n    await change_patroni_setting(ops_test, \"loop_wait\", initial_loop_wait)\n","steps":[],"attachments":[],"parameters":[],"stepsCount":0,"shouldDisplayMessage":true,"attachmentsCount":0,"hasContent":true,"attachmentStep":false},{"name":"restart_policy::finalizer","time":{"start":1728006352310,"stop":1728006352314,"duration":4},"status":"passed","steps":[],"attachments":[],"parameters":[],"stepsCount":0,"shouldDisplayMessage":false,"attachmentsCount":0,"hasContent":false,"attachmentStep":false},{"name":"continuous_writes::finalizer","time":{"start":1728006352315,"stop":1728006358377,"duration":6062},"status":"passed","steps":[],"attachments":[],"parameters":[],"stepsCount":0,"shouldDisplayMessage":false,"attachmentsCount":0,"hasContent":false,"attachmentStep":false},{"name":"abort_on_fail::0","time":{"start":1728006358378,"stop":1728006358378,"duration":0},"status":"passed","steps":[],"attachments":[],"parameters":[],"stepsCount":0,"shouldDisplayMessage":false,"attachmentsCount":0,"hasContent":false,"attachmentStep":false},{"name":"ops_test::finalizer","time":{"start":1728007251370,"stop":1728007251972,"duration":602},"status":"passed","steps":[],"attachments":[],"parameters":[],"stepsCount":0,"shouldDisplayMessage":false,"attachmentsCount":0,"hasContent":false,"attachmentStep":false},{"name":"event_loop::2","time":{"start":1728007251973,"stop":1728007251973,"duration":0},"status":"passed","steps":[],"attachments":[],"parameters":[],"stepsCount":0,"shouldDisplayMessage":false,"attachmentsCount":0,"hasContent":false,"attachmentStep":false},{"name":"event_loop::_close_event_loop","time":{"start":1728007251973,"stop":1728007251973,"duration":0},"status":"passed","steps":[],"attachments":[],"parameters":[],"stepsCount":0,"shouldDisplayMessage":false,"attachmentsCount":0,"hasContent":false,"attachmentStep":false},{"name":"event_loop::_provide_clean_event_loop","time":{"start":1728007251973,"stop":1728007251973,"duration":0},"status":"passed","steps":[],"attachments":[],"parameters":[],"stepsCount":0,"shouldDisplayMessage":false,"attachmentsCount":0,"hasContent":false,"attachmentStep":false}],"labels":[{"name":"tag","value":"unstable"},{"name":"tag","value":"group(1)"},{"name":"tag","value":"asyncio"},{"name":"parentSuite","value":"tests.integration.ha_tests"},{"name":"suite","value":"test_self_healing"},{"name":"host","value":"fv-az1437-205"},{"name":"thread","value":"13249-MainThread"},{"name":"framework","value":"pytest"},{"name":"language","value":"cpython3"},{"name":"package","value":"tests.integration.ha_tests.test_self_healing"},{"name":"resultFormat","value":"allure2"}],"parameters":[{"name":"process","value":"'postgres'"},{"name":"signal","value":"'SIGTERM'"}],"links":[],"hidden":false,"retry":false,"extra":{"severity":"normal","retries":[{"uid":"cbbe10aa8453d732","status":"unknown","time":{}}],"categories":[{"name":"Product defects","matchedStatuses":[],"flaky":false}],"history":{"statistic":{"failed":22,"broken":57,"skipped":1,"passed":36,"unknown":1,"total":117},"items":[{"uid":"388fbef97d2af0a7","reportUrl":"../194//#testresult/388fbef97d2af0a7","status":"broken","statusDetails":"TypeError: change_patroni_setting() missing 1 required positional argument: 'password'","time":{"start":1727919880298,"stop":1727919920585,"duration":40287}},{"uid":"35674f00ffa46605","reportUrl":"../193//#testresult/35674f00ffa46605","status":"broken","statusDetails":"TypeError: change_patroni_setting() missing 1 required positional argument: 'password'","time":{"start":1727833482045,"stop":1727833518156,"duration":36111}},{"uid":"41cef74cbcdc24e9","reportUrl":"../192//#testresult/41cef74cbcdc24e9","status":"broken","statusDetails":"TypeError: change_patroni_setting() missing 1 required positional argument: 'password'","time":{"start":1727747162235,"stop":1727747205490,"duration":43255}},{"uid":"d1160b36badaf80f","reportUrl":"../191//#testresult/d1160b36badaf80f","status":"broken","statusDetails":"TypeError: change_patroni_setting() missing 1 required positional argument: 'password'","time":{"start":1727660689308,"stop":1727660724032,"duration":34724}},{"uid":"912edb0023d8341f","reportUrl":"../190//#testresult/912edb0023d8341f","status":"broken","statusDetails":"TypeError: change_patroni_setting() missing 1 required positional argument: 'password'","time":{"start":1727574287382,"stop":1727574323498,"duration":36116}},{"uid":"c91c1bf24fa376b6","reportUrl":"../189//#testresult/c91c1bf24fa376b6","status":"failed","statusDetails":"AssertionError: Not all units down at the same time.\nassert False","time":{"start":1727487904769,"stop":1727487991222,"duration":86453}},{"uid":"e19e91655e636d5e","reportUrl":"../188//#testresult/e19e91655e636d5e","status":"failed","statusDetails":"AssertionError: Not all units down at the same time.\nassert False","time":{"start":1727401482105,"stop":1727401582273,"duration":100168}},{"uid":"4efa34e8041e1b50","reportUrl":"../187//#testresult/4efa34e8041e1b50","status":"failed","statusDetails":"AssertionError: Not all units down at the same time.\nassert False","time":{"start":1727315161853,"stop":1727315258814,"duration":96961}},{"uid":"57c5afeebbcd1491","reportUrl":"../185//#testresult/57c5afeebbcd1491","status":"broken","statusDetails":"juju.errors.JujuAPIError: application \"postgresql-test-app\" has no \"first-database\" relation","time":{"start":1727229979143,"stop":1727229983316,"duration":4173}},{"uid":"362372f7859070af","reportUrl":"../184//#testresult/362372f7859070af","status":"unknown","time":{}},{"uid":"91acfa4d092726fb","reportUrl":"../183//#testresult/91acfa4d092726fb","status":"broken","statusDetails":"juju.errors.JujuAPIError: application \"postgresql-test-app\" has no \"first-database\" relation","time":{"start":1727057289109,"stop":1727057293326,"duration":4217}},{"uid":"cdf7df7d843fb811","reportUrl":"../182//#testresult/cdf7df7d843fb811","status":"broken","statusDetails":"juju.errors.JujuAPIError: application \"postgresql-test-app\" has no \"first-database\" relation","time":{"start":1726970994858,"stop":1726970999047,"duration":4189}},{"uid":"1db49177f668f569","reportUrl":"../181//#testresult/1db49177f668f569","status":"broken","statusDetails":"juju.errors.JujuAPIError: application \"postgresql-test-app\" has no \"first-database\" relation","time":{"start":1726884345901,"stop":1726884350088,"duration":4187}},{"uid":"3da3a041dd917aad","reportUrl":"../180//#testresult/3da3a041dd917aad","status":"broken","statusDetails":"juju.errors.JujuAPIError: application \"postgresql-test-app\" has no \"first-database\" relation","time":{"start":1726797942265,"stop":1726797946442,"duration":4177}},{"uid":"bd7e24df06bee43c","reportUrl":"../179//#testresult/bd7e24df06bee43c","status":"broken","statusDetails":"juju.errors.JujuAPIError: application \"postgresql-test-app\" has no \"first-database\" relation","time":{"start":1726711783304,"stop":1726711787487,"duration":4183}},{"uid":"caea2c6d48c95090","reportUrl":"../178//#testresult/caea2c6d48c95090","status":"broken","statusDetails":"juju.errors.JujuAPIError: application \"postgresql-test-app\" has no \"first-database\" relation","time":{"start":1726625155931,"stop":1726625160101,"duration":4170}},{"uid":"395553ba518bcff8","reportUrl":"../177//#testresult/395553ba518bcff8","status":"broken","statusDetails":"juju.errors.JujuAPIError: application \"postgresql-test-app\" has no \"first-database\" relation","time":{"start":1726539084355,"stop":1726539088535,"duration":4180}},{"uid":"c2ec28fe81e7f01","reportUrl":"../176//#testresult/c2ec28fe81e7f01","status":"broken","statusDetails":"juju.errors.JujuAPIError: application \"postgresql-test-app\" has no \"first-database\" relation","time":{"start":1726452794334,"stop":1726452798516,"duration":4182}},{"uid":"6a1f13415b2b1cbd","reportUrl":"../175//#testresult/6a1f13415b2b1cbd","status":"broken","statusDetails":"juju.errors.JujuAPIError: application \"postgresql-test-app\" has no \"first-database\" relation","time":{"start":1726366330181,"stop":1726366334359,"duration":4178}},{"uid":"f0d2ae9e7f636f7","reportUrl":"../174//#testresult/f0d2ae9e7f636f7","status":"broken","statusDetails":"juju.errors.JujuAPIError: application \"postgresql-test-app\" has no \"first-database\" relation","time":{"start":1726279925685,"stop":1726279929857,"duration":4172}}]},"tags":["unstable","asyncio","group(1)"]},"source":"9538b7823fb38fba.json","parameterValues":["'postgres'","'SIGTERM'"]}