{"uid":"a760bec2c7a9a4bd","name":"test_delete_pod","fullName":"tests.integration.test_backups#test_delete_pod","historyId":"4a9efe6d8aecbd529900e29f7206ddf8","time":{"start":1734832394596,"stop":1734832394596,"duration":0},"status":"skipped","statusMessage":"XFAIL reason: aborted\n\n_pytest.outcomes.XFailed: aborted","statusTrace":"Traceback (most recent call last):\n  File \"/home/runner/work/test-runners-2-github-x64-postgresql-k8s-operator/test-runners-2-github-x64-postgresql-k8s-operator/.tox/integration/lib/python3.10/site-packages/_pytest/runner.py\", line 341, in from_call\n    result: TResult | None = func()\n  File \"/home/runner/work/test-runners-2-github-x64-postgresql-k8s-operator/test-runners-2-github-x64-postgresql-k8s-operator/.tox/integration/lib/python3.10/site-packages/_pytest/runner.py\", line 242, in <lambda>\n    lambda: runtest_hook(item=item, **kwds), when=when, reraise=reraise\n  File \"/home/runner/work/test-runners-2-github-x64-postgresql-k8s-operator/test-runners-2-github-x64-postgresql-k8s-operator/.tox/integration/lib/python3.10/site-packages/pluggy/_hooks.py\", line 513, in __call__\n    return self._hookexec(self.name, self._hookimpls.copy(), kwargs, firstresult)\n  File \"/home/runner/work/test-runners-2-github-x64-postgresql-k8s-operator/test-runners-2-github-x64-postgresql-k8s-operator/.tox/integration/lib/python3.10/site-packages/pluggy/_manager.py\", line 120, in _hookexec\n    return self._inner_hookexec(hook_name, methods, kwargs, firstresult)\n  File \"/home/runner/work/test-runners-2-github-x64-postgresql-k8s-operator/test-runners-2-github-x64-postgresql-k8s-operator/.tox/integration/lib/python3.10/site-packages/pluggy/_callers.py\", line 182, in _multicall\n    return outcome.get_result()\n  File \"/home/runner/work/test-runners-2-github-x64-postgresql-k8s-operator/test-runners-2-github-x64-postgresql-k8s-operator/.tox/integration/lib/python3.10/site-packages/pluggy/_result.py\", line 100, in get_result\n    raise exc.with_traceback(exc.__traceback__)\n  File \"/home/runner/work/test-runners-2-github-x64-postgresql-k8s-operator/test-runners-2-github-x64-postgresql-k8s-operator/.tox/integration/lib/python3.10/site-packages/pluggy/_callers.py\", line 167, in _multicall\n    teardown.throw(outcome._exception)\n  File \"/home/runner/work/test-runners-2-github-x64-postgresql-k8s-operator/test-runners-2-github-x64-postgresql-k8s-operator/.tox/integration/lib/python3.10/site-packages/_pytest/unraisableexception.py\", line 90, in pytest_runtest_setup\n    yield from unraisable_exception_runtest_hook()\n  File \"/home/runner/work/test-runners-2-github-x64-postgresql-k8s-operator/test-runners-2-github-x64-postgresql-k8s-operator/.tox/integration/lib/python3.10/site-packages/_pytest/unraisableexception.py\", line 70, in unraisable_exception_runtest_hook\n    yield\n  File \"/home/runner/work/test-runners-2-github-x64-postgresql-k8s-operator/test-runners-2-github-x64-postgresql-k8s-operator/.tox/integration/lib/python3.10/site-packages/pluggy/_callers.py\", line 167, in _multicall\n    teardown.throw(outcome._exception)\n  File \"/home/runner/work/test-runners-2-github-x64-postgresql-k8s-operator/test-runners-2-github-x64-postgresql-k8s-operator/.tox/integration/lib/python3.10/site-packages/_pytest/logging.py\", line 840, in pytest_runtest_setup\n    yield from self._runtest_for(item, \"setup\")\n  File \"/home/runner/work/test-runners-2-github-x64-postgresql-k8s-operator/test-runners-2-github-x64-postgresql-k8s-operator/.tox/integration/lib/python3.10/site-packages/_pytest/logging.py\", line 829, in _runtest_for\n    yield\n  File \"/home/runner/work/test-runners-2-github-x64-postgresql-k8s-operator/test-runners-2-github-x64-postgresql-k8s-operator/.tox/integration/lib/python3.10/site-packages/pluggy/_callers.py\", line 167, in _multicall\n    teardown.throw(outcome._exception)\n  File \"/home/runner/work/test-runners-2-github-x64-postgresql-k8s-operator/test-runners-2-github-x64-postgresql-k8s-operator/.tox/integration/lib/python3.10/site-packages/_pytest/capture.py\", line 875, in pytest_runtest_setup\n    return (yield)\n  File \"/home/runner/work/test-runners-2-github-x64-postgresql-k8s-operator/test-runners-2-github-x64-postgresql-k8s-operator/.tox/integration/lib/python3.10/site-packages/pluggy/_callers.py\", line 167, in _multicall\n    teardown.throw(outcome._exception)\n  File \"/home/runner/work/test-runners-2-github-x64-postgresql-k8s-operator/test-runners-2-github-x64-postgresql-k8s-operator/.tox/integration/lib/python3.10/site-packages/_pytest/threadexception.py\", line 87, in pytest_runtest_setup\n    yield from thread_exception_runtest_hook()\n  File \"/home/runner/work/test-runners-2-github-x64-postgresql-k8s-operator/test-runners-2-github-x64-postgresql-k8s-operator/.tox/integration/lib/python3.10/site-packages/_pytest/threadexception.py\", line 68, in thread_exception_runtest_hook\n    yield\n  File \"/home/runner/work/test-runners-2-github-x64-postgresql-k8s-operator/test-runners-2-github-x64-postgresql-k8s-operator/.tox/integration/lib/python3.10/site-packages/pluggy/_callers.py\", line 103, in _multicall\n    res = hook_impl.function(*args)\n  File \"/home/runner/work/test-runners-2-github-x64-postgresql-k8s-operator/test-runners-2-github-x64-postgresql-k8s-operator/.tox/integration/lib/python3.10/site-packages/_pytest/runner.py\", line 160, in pytest_runtest_setup\n    item.session._setupstate.setup(item)\n  File \"/home/runner/work/test-runners-2-github-x64-postgresql-k8s-operator/test-runners-2-github-x64-postgresql-k8s-operator/.tox/integration/lib/python3.10/site-packages/_pytest/runner.py\", line 514, in setup\n    col.setup()\n  File \"/home/runner/work/test-runners-2-github-x64-postgresql-k8s-operator/test-runners-2-github-x64-postgresql-k8s-operator/.tox/integration/lib/python3.10/site-packages/_pytest/python.py\", line 1630, in setup\n    self._request._fillfixtures()\n  File \"/home/runner/work/test-runners-2-github-x64-postgresql-k8s-operator/test-runners-2-github-x64-postgresql-k8s-operator/.tox/integration/lib/python3.10/site-packages/_pytest/fixtures.py\", line 697, in _fillfixtures\n    item.funcargs[argname] = self.getfixturevalue(argname)\n  File \"/home/runner/work/test-runners-2-github-x64-postgresql-k8s-operator/test-runners-2-github-x64-postgresql-k8s-operator/.tox/integration/lib/python3.10/site-packages/_pytest/fixtures.py\", line 532, in getfixturevalue\n    fixturedef = self._get_active_fixturedef(argname)\n  File \"/home/runner/work/test-runners-2-github-x64-postgresql-k8s-operator/test-runners-2-github-x64-postgresql-k8s-operator/.tox/integration/lib/python3.10/site-packages/_pytest/fixtures.py\", line 617, in _get_active_fixturedef\n    fixturedef.execute(request=subrequest)\n  File \"/home/runner/work/test-runners-2-github-x64-postgresql-k8s-operator/test-runners-2-github-x64-postgresql-k8s-operator/.tox/integration/lib/python3.10/site-packages/_pytest/fixtures.py\", line 1091, in execute\n    result = ihook.pytest_fixture_setup(fixturedef=self, request=request)\n  File \"/home/runner/work/test-runners-2-github-x64-postgresql-k8s-operator/test-runners-2-github-x64-postgresql-k8s-operator/.tox/integration/lib/python3.10/site-packages/pluggy/_hooks.py\", line 513, in __call__\n    return self._hookexec(self.name, self._hookimpls.copy(), kwargs, firstresult)\n  File \"/home/runner/work/test-runners-2-github-x64-postgresql-k8s-operator/test-runners-2-github-x64-postgresql-k8s-operator/.tox/integration/lib/python3.10/site-packages/pluggy/_manager.py\", line 120, in _hookexec\n    return self._inner_hookexec(hook_name, methods, kwargs, firstresult)\n  File \"/home/runner/work/test-runners-2-github-x64-postgresql-k8s-operator/test-runners-2-github-x64-postgresql-k8s-operator/.tox/integration/lib/python3.10/site-packages/pluggy/_callers.py\", line 182, in _multicall\n    return outcome.get_result()\n  File \"/home/runner/work/test-runners-2-github-x64-postgresql-k8s-operator/test-runners-2-github-x64-postgresql-k8s-operator/.tox/integration/lib/python3.10/site-packages/pluggy/_result.py\", line 100, in get_result\n    raise exc.with_traceback(exc.__traceback__)\n  File \"/home/runner/work/test-runners-2-github-x64-postgresql-k8s-operator/test-runners-2-github-x64-postgresql-k8s-operator/.tox/integration/lib/python3.10/site-packages/pluggy/_callers.py\", line 167, in _multicall\n    teardown.throw(outcome._exception)\n  File \"/home/runner/work/test-runners-2-github-x64-postgresql-k8s-operator/test-runners-2-github-x64-postgresql-k8s-operator/.tox/integration/lib/python3.10/site-packages/_pytest/setuponly.py\", line 36, in pytest_fixture_setup\n    return (yield)\n  File \"/home/runner/work/test-runners-2-github-x64-postgresql-k8s-operator/test-runners-2-github-x64-postgresql-k8s-operator/.tox/integration/lib/python3.10/site-packages/pluggy/_callers.py\", line 103, in _multicall\n    res = hook_impl.function(*args)\n  File \"/home/runner/work/test-runners-2-github-x64-postgresql-k8s-operator/test-runners-2-github-x64-postgresql-k8s-operator/.tox/integration/lib/python3.10/site-packages/_pytest/fixtures.py\", line 1140, in pytest_fixture_setup\n    result = call_fixture_func(fixturefunc, request, kwargs)\n  File \"/home/runner/work/test-runners-2-github-x64-postgresql-k8s-operator/test-runners-2-github-x64-postgresql-k8s-operator/.tox/integration/lib/python3.10/site-packages/_pytest/fixtures.py\", line 891, in call_fixture_func\n    fixture_result = next(generator)\n  File \"/home/runner/work/test-runners-2-github-x64-postgresql-k8s-operator/test-runners-2-github-x64-postgresql-k8s-operator/.tox/integration/lib/python3.10/site-packages/pytest_operator/plugin.py\", line 234, in abort_on_fail\n    pytest.xfail(\"aborted\")\n  File \"/home/runner/work/test-runners-2-github-x64-postgresql-k8s-operator/test-runners-2-github-x64-postgresql-k8s-operator/.tox/integration/lib/python3.10/site-packages/_pytest/outcomes.py\", line 206, in xfail\n    raise XFailed(reason)\n_pytest.outcomes.XFailed: aborted","flaky":false,"newFailed":false,"newBroken":false,"newPassed":false,"retriesCount":1,"retriesStatusChange":true,"beforeStages":[{"name":"event_loop","time":{"start":1734831054326,"stop":1734831054326,"duration":0},"status":"passed","steps":[],"attachments":[],"parameters":[],"stepsCount":0,"shouldDisplayMessage":false,"attachmentsCount":0,"hasContent":false,"attachmentStep":false},{"name":"tmp_path_factory","time":{"start":1734831054326,"stop":1734831054326,"duration":0},"status":"passed","steps":[],"attachments":[],"parameters":[],"stepsCount":0,"shouldDisplayMessage":false,"attachmentsCount":0,"hasContent":false,"attachmentStep":false},{"name":"ops_test","time":{"start":1734831054326,"stop":1734831054597,"duration":271},"status":"passed","steps":[],"attachments":[],"parameters":[],"stepsCount":0,"shouldDisplayMessage":false,"attachmentsCount":0,"hasContent":false,"attachmentStep":false},{"name":"github_secrets","time":{"start":1734831054326,"stop":1734831054326,"duration":0},"status":"passed","steps":[],"attachments":[],"parameters":[],"stepsCount":0,"shouldDisplayMessage":false,"attachmentsCount":0,"hasContent":false,"attachmentStep":false},{"name":"abort_on_fail","time":{"start":1734832394596,"stop":1734832394596,"duration":0},"status":"failed","statusMessage":"_pytest.outcomes.XFailed: aborted\n","statusTrace":"  File \"/home/runner/work/test-runners-2-github-x64-postgresql-k8s-operator/test-runners-2-github-x64-postgresql-k8s-operator/.tox/integration/lib/python3.10/site-packages/pluggy/_callers.py\", line 167, in _multicall\n    teardown.throw(outcome._exception)\n  File \"/home/runner/work/test-runners-2-github-x64-postgresql-k8s-operator/test-runners-2-github-x64-postgresql-k8s-operator/.tox/integration/lib/python3.10/site-packages/_pytest/setuponly.py\", line 36, in pytest_fixture_setup\n    return (yield)\n  File \"/home/runner/work/test-runners-2-github-x64-postgresql-k8s-operator/test-runners-2-github-x64-postgresql-k8s-operator/.tox/integration/lib/python3.10/site-packages/pluggy/_callers.py\", line 103, in _multicall\n    res = hook_impl.function(*args)\n  File \"/home/runner/work/test-runners-2-github-x64-postgresql-k8s-operator/test-runners-2-github-x64-postgresql-k8s-operator/.tox/integration/lib/python3.10/site-packages/_pytest/fixtures.py\", line 1140, in pytest_fixture_setup\n    result = call_fixture_func(fixturefunc, request, kwargs)\n  File \"/home/runner/work/test-runners-2-github-x64-postgresql-k8s-operator/test-runners-2-github-x64-postgresql-k8s-operator/.tox/integration/lib/python3.10/site-packages/_pytest/fixtures.py\", line 891, in call_fixture_func\n    fixture_result = next(generator)\n  File \"/home/runner/work/test-runners-2-github-x64-postgresql-k8s-operator/test-runners-2-github-x64-postgresql-k8s-operator/.tox/integration/lib/python3.10/site-packages/pytest_operator/plugin.py\", line 234, in abort_on_fail\n    pytest.xfail(\"aborted\")\n  File \"/home/runner/work/test-runners-2-github-x64-postgresql-k8s-operator/test-runners-2-github-x64-postgresql-k8s-operator/.tox/integration/lib/python3.10/site-packages/_pytest/outcomes.py\", line 206, in xfail\n    raise XFailed(reason)\n","steps":[],"attachments":[],"parameters":[],"stepsCount":0,"shouldDisplayMessage":true,"attachmentsCount":0,"hasContent":true,"attachmentStep":false}],"testStage":{"status":"skipped","statusMessage":"XFAIL reason: aborted\n\n_pytest.outcomes.XFailed: aborted","statusTrace":"Traceback (most recent call last):\n  File \"/home/runner/work/test-runners-2-github-x64-postgresql-k8s-operator/test-runners-2-github-x64-postgresql-k8s-operator/.tox/integration/lib/python3.10/site-packages/_pytest/runner.py\", line 341, in from_call\n    result: TResult | None = func()\n  File \"/home/runner/work/test-runners-2-github-x64-postgresql-k8s-operator/test-runners-2-github-x64-postgresql-k8s-operator/.tox/integration/lib/python3.10/site-packages/_pytest/runner.py\", line 242, in <lambda>\n    lambda: runtest_hook(item=item, **kwds), when=when, reraise=reraise\n  File \"/home/runner/work/test-runners-2-github-x64-postgresql-k8s-operator/test-runners-2-github-x64-postgresql-k8s-operator/.tox/integration/lib/python3.10/site-packages/pluggy/_hooks.py\", line 513, in __call__\n    return self._hookexec(self.name, self._hookimpls.copy(), kwargs, firstresult)\n  File \"/home/runner/work/test-runners-2-github-x64-postgresql-k8s-operator/test-runners-2-github-x64-postgresql-k8s-operator/.tox/integration/lib/python3.10/site-packages/pluggy/_manager.py\", line 120, in _hookexec\n    return self._inner_hookexec(hook_name, methods, kwargs, firstresult)\n  File \"/home/runner/work/test-runners-2-github-x64-postgresql-k8s-operator/test-runners-2-github-x64-postgresql-k8s-operator/.tox/integration/lib/python3.10/site-packages/pluggy/_callers.py\", line 182, in _multicall\n    return outcome.get_result()\n  File \"/home/runner/work/test-runners-2-github-x64-postgresql-k8s-operator/test-runners-2-github-x64-postgresql-k8s-operator/.tox/integration/lib/python3.10/site-packages/pluggy/_result.py\", line 100, in get_result\n    raise exc.with_traceback(exc.__traceback__)\n  File \"/home/runner/work/test-runners-2-github-x64-postgresql-k8s-operator/test-runners-2-github-x64-postgresql-k8s-operator/.tox/integration/lib/python3.10/site-packages/pluggy/_callers.py\", line 167, in _multicall\n    teardown.throw(outcome._exception)\n  File \"/home/runner/work/test-runners-2-github-x64-postgresql-k8s-operator/test-runners-2-github-x64-postgresql-k8s-operator/.tox/integration/lib/python3.10/site-packages/_pytest/unraisableexception.py\", line 90, in pytest_runtest_setup\n    yield from unraisable_exception_runtest_hook()\n  File \"/home/runner/work/test-runners-2-github-x64-postgresql-k8s-operator/test-runners-2-github-x64-postgresql-k8s-operator/.tox/integration/lib/python3.10/site-packages/_pytest/unraisableexception.py\", line 70, in unraisable_exception_runtest_hook\n    yield\n  File \"/home/runner/work/test-runners-2-github-x64-postgresql-k8s-operator/test-runners-2-github-x64-postgresql-k8s-operator/.tox/integration/lib/python3.10/site-packages/pluggy/_callers.py\", line 167, in _multicall\n    teardown.throw(outcome._exception)\n  File \"/home/runner/work/test-runners-2-github-x64-postgresql-k8s-operator/test-runners-2-github-x64-postgresql-k8s-operator/.tox/integration/lib/python3.10/site-packages/_pytest/logging.py\", line 840, in pytest_runtest_setup\n    yield from self._runtest_for(item, \"setup\")\n  File \"/home/runner/work/test-runners-2-github-x64-postgresql-k8s-operator/test-runners-2-github-x64-postgresql-k8s-operator/.tox/integration/lib/python3.10/site-packages/_pytest/logging.py\", line 829, in _runtest_for\n    yield\n  File \"/home/runner/work/test-runners-2-github-x64-postgresql-k8s-operator/test-runners-2-github-x64-postgresql-k8s-operator/.tox/integration/lib/python3.10/site-packages/pluggy/_callers.py\", line 167, in _multicall\n    teardown.throw(outcome._exception)\n  File \"/home/runner/work/test-runners-2-github-x64-postgresql-k8s-operator/test-runners-2-github-x64-postgresql-k8s-operator/.tox/integration/lib/python3.10/site-packages/_pytest/capture.py\", line 875, in pytest_runtest_setup\n    return (yield)\n  File \"/home/runner/work/test-runners-2-github-x64-postgresql-k8s-operator/test-runners-2-github-x64-postgresql-k8s-operator/.tox/integration/lib/python3.10/site-packages/pluggy/_callers.py\", line 167, in _multicall\n    teardown.throw(outcome._exception)\n  File \"/home/runner/work/test-runners-2-github-x64-postgresql-k8s-operator/test-runners-2-github-x64-postgresql-k8s-operator/.tox/integration/lib/python3.10/site-packages/_pytest/threadexception.py\", line 87, in pytest_runtest_setup\n    yield from thread_exception_runtest_hook()\n  File \"/home/runner/work/test-runners-2-github-x64-postgresql-k8s-operator/test-runners-2-github-x64-postgresql-k8s-operator/.tox/integration/lib/python3.10/site-packages/_pytest/threadexception.py\", line 68, in thread_exception_runtest_hook\n    yield\n  File \"/home/runner/work/test-runners-2-github-x64-postgresql-k8s-operator/test-runners-2-github-x64-postgresql-k8s-operator/.tox/integration/lib/python3.10/site-packages/pluggy/_callers.py\", line 103, in _multicall\n    res = hook_impl.function(*args)\n  File \"/home/runner/work/test-runners-2-github-x64-postgresql-k8s-operator/test-runners-2-github-x64-postgresql-k8s-operator/.tox/integration/lib/python3.10/site-packages/_pytest/runner.py\", line 160, in pytest_runtest_setup\n    item.session._setupstate.setup(item)\n  File \"/home/runner/work/test-runners-2-github-x64-postgresql-k8s-operator/test-runners-2-github-x64-postgresql-k8s-operator/.tox/integration/lib/python3.10/site-packages/_pytest/runner.py\", line 514, in setup\n    col.setup()\n  File \"/home/runner/work/test-runners-2-github-x64-postgresql-k8s-operator/test-runners-2-github-x64-postgresql-k8s-operator/.tox/integration/lib/python3.10/site-packages/_pytest/python.py\", line 1630, in setup\n    self._request._fillfixtures()\n  File \"/home/runner/work/test-runners-2-github-x64-postgresql-k8s-operator/test-runners-2-github-x64-postgresql-k8s-operator/.tox/integration/lib/python3.10/site-packages/_pytest/fixtures.py\", line 697, in _fillfixtures\n    item.funcargs[argname] = self.getfixturevalue(argname)\n  File \"/home/runner/work/test-runners-2-github-x64-postgresql-k8s-operator/test-runners-2-github-x64-postgresql-k8s-operator/.tox/integration/lib/python3.10/site-packages/_pytest/fixtures.py\", line 532, in getfixturevalue\n    fixturedef = self._get_active_fixturedef(argname)\n  File \"/home/runner/work/test-runners-2-github-x64-postgresql-k8s-operator/test-runners-2-github-x64-postgresql-k8s-operator/.tox/integration/lib/python3.10/site-packages/_pytest/fixtures.py\", line 617, in _get_active_fixturedef\n    fixturedef.execute(request=subrequest)\n  File \"/home/runner/work/test-runners-2-github-x64-postgresql-k8s-operator/test-runners-2-github-x64-postgresql-k8s-operator/.tox/integration/lib/python3.10/site-packages/_pytest/fixtures.py\", line 1091, in execute\n    result = ihook.pytest_fixture_setup(fixturedef=self, request=request)\n  File \"/home/runner/work/test-runners-2-github-x64-postgresql-k8s-operator/test-runners-2-github-x64-postgresql-k8s-operator/.tox/integration/lib/python3.10/site-packages/pluggy/_hooks.py\", line 513, in __call__\n    return self._hookexec(self.name, self._hookimpls.copy(), kwargs, firstresult)\n  File \"/home/runner/work/test-runners-2-github-x64-postgresql-k8s-operator/test-runners-2-github-x64-postgresql-k8s-operator/.tox/integration/lib/python3.10/site-packages/pluggy/_manager.py\", line 120, in _hookexec\n    return self._inner_hookexec(hook_name, methods, kwargs, firstresult)\n  File \"/home/runner/work/test-runners-2-github-x64-postgresql-k8s-operator/test-runners-2-github-x64-postgresql-k8s-operator/.tox/integration/lib/python3.10/site-packages/pluggy/_callers.py\", line 182, in _multicall\n    return outcome.get_result()\n  File \"/home/runner/work/test-runners-2-github-x64-postgresql-k8s-operator/test-runners-2-github-x64-postgresql-k8s-operator/.tox/integration/lib/python3.10/site-packages/pluggy/_result.py\", line 100, in get_result\n    raise exc.with_traceback(exc.__traceback__)\n  File \"/home/runner/work/test-runners-2-github-x64-postgresql-k8s-operator/test-runners-2-github-x64-postgresql-k8s-operator/.tox/integration/lib/python3.10/site-packages/pluggy/_callers.py\", line 167, in _multicall\n    teardown.throw(outcome._exception)\n  File \"/home/runner/work/test-runners-2-github-x64-postgresql-k8s-operator/test-runners-2-github-x64-postgresql-k8s-operator/.tox/integration/lib/python3.10/site-packages/_pytest/setuponly.py\", line 36, in pytest_fixture_setup\n    return (yield)\n  File \"/home/runner/work/test-runners-2-github-x64-postgresql-k8s-operator/test-runners-2-github-x64-postgresql-k8s-operator/.tox/integration/lib/python3.10/site-packages/pluggy/_callers.py\", line 103, in _multicall\n    res = hook_impl.function(*args)\n  File \"/home/runner/work/test-runners-2-github-x64-postgresql-k8s-operator/test-runners-2-github-x64-postgresql-k8s-operator/.tox/integration/lib/python3.10/site-packages/_pytest/fixtures.py\", line 1140, in pytest_fixture_setup\n    result = call_fixture_func(fixturefunc, request, kwargs)\n  File \"/home/runner/work/test-runners-2-github-x64-postgresql-k8s-operator/test-runners-2-github-x64-postgresql-k8s-operator/.tox/integration/lib/python3.10/site-packages/_pytest/fixtures.py\", line 891, in call_fixture_func\n    fixture_result = next(generator)\n  File \"/home/runner/work/test-runners-2-github-x64-postgresql-k8s-operator/test-runners-2-github-x64-postgresql-k8s-operator/.tox/integration/lib/python3.10/site-packages/pytest_operator/plugin.py\", line 234, in abort_on_fail\n    pytest.xfail(\"aborted\")\n  File \"/home/runner/work/test-runners-2-github-x64-postgresql-k8s-operator/test-runners-2-github-x64-postgresql-k8s-operator/.tox/integration/lib/python3.10/site-packages/_pytest/outcomes.py\", line 206, in xfail\n    raise XFailed(reason)\n_pytest.outcomes.XFailed: aborted","steps":[],"attachments":[{"uid":"6abf6f35c025be4f","name":"log","source":"6abf6f35c025be4f.txt","type":"text/plain","size":1398}],"parameters":[],"stepsCount":0,"shouldDisplayMessage":true,"attachmentsCount":1,"hasContent":true,"attachmentStep":false},"afterStages":[{"name":"ops_test::finalizer","time":{"start":1734832395010,"stop":1734832395380,"duration":370},"status":"passed","steps":[],"attachments":[],"parameters":[],"stepsCount":0,"shouldDisplayMessage":false,"attachmentsCount":0,"hasContent":false,"attachmentStep":false},{"name":"event_loop::2","time":{"start":1734832395381,"stop":1734832395381,"duration":0},"status":"passed","steps":[],"attachments":[],"parameters":[],"stepsCount":0,"shouldDisplayMessage":false,"attachmentsCount":0,"hasContent":false,"attachmentStep":false},{"name":"event_loop::_close_event_loop","time":{"start":1734832395381,"stop":1734832395381,"duration":0},"status":"passed","steps":[],"attachments":[],"parameters":[],"stepsCount":0,"shouldDisplayMessage":false,"attachmentsCount":0,"hasContent":false,"attachmentStep":false},{"name":"event_loop::_provide_clean_event_loop","time":{"start":1734832395381,"stop":1734832395382,"duration":1},"status":"passed","steps":[],"attachments":[],"parameters":[],"stepsCount":0,"shouldDisplayMessage":false,"attachmentsCount":0,"hasContent":false,"attachmentStep":false}],"labels":[{"name":"tag","value":"group(2)"},{"name":"tag","value":"asyncio"},{"name":"parentSuite","value":"tests.integration"},{"name":"suite","value":"test_backups"},{"name":"host","value":"fv-az564-932"},{"name":"thread","value":"12925-MainThread"},{"name":"framework","value":"pytest"},{"name":"language","value":"cpython3"},{"name":"package","value":"tests.integration.test_backups"},{"name":"resultFormat","value":"allure2"}],"parameters":[],"links":[],"hidden":false,"retry":false,"extra":{"severity":"normal","retries":[{"uid":"72b5d9ed45c7a28","status":"unknown","time":{}}],"categories":[],"history":{"statistic":{"failed":0,"broken":0,"skipped":191,"passed":0,"unknown":4,"total":195},"items":[{"uid":"63d0f5bd45f9ff3e","reportUrl":"../274//#testresult/63d0f5bd45f9ff3e","status":"skipped","statusDetails":"XFAIL reason: aborted\n\n_pytest.outcomes.XFailed: aborted","time":{"start":1734746212888,"stop":1734746212888,"duration":0}},{"uid":"ffc7ce0c6b4dc7","reportUrl":"../273//#testresult/ffc7ce0c6b4dc7","status":"skipped","statusDetails":"XFAIL reason: aborted\n\n_pytest.outcomes.XFailed: aborted","time":{"start":1734659971182,"stop":1734659971182,"duration":0}},{"uid":"881eb8df4ef08c40","reportUrl":"../272//#testresult/881eb8df4ef08c40","status":"skipped","statusDetails":"XFAIL reason: aborted\n\n_pytest.outcomes.XFailed: aborted","time":{"start":1734573505455,"stop":1734573505455,"duration":0}},{"uid":"99d8f743b20d843e","reportUrl":"../270//#testresult/99d8f743b20d843e","status":"skipped","statusDetails":"XFAIL reason: aborted\n\n_pytest.outcomes.XFailed: aborted","time":{"start":1734400618062,"stop":1734400618062,"duration":0}},{"uid":"10c7063232c9ccbd","reportUrl":"../269//#testresult/10c7063232c9ccbd","status":"skipped","statusDetails":"XFAIL reason: aborted\n\n_pytest.outcomes.XFailed: aborted","time":{"start":1734314207523,"stop":1734314207523,"duration":0}},{"uid":"3e907171fb907b43","reportUrl":"../268//#testresult/3e907171fb907b43","status":"skipped","statusDetails":"XFAIL reason: aborted\n\n_pytest.outcomes.XFailed: aborted","time":{"start":1734227862289,"stop":1734227862289,"duration":0}},{"uid":"548d8b06f95e17f3","reportUrl":"../267//#testresult/548d8b06f95e17f3","status":"skipped","statusDetails":"XFAIL reason: aborted\n\n_pytest.outcomes.XFailed: aborted","time":{"start":1734141437441,"stop":1734141437441,"duration":0}},{"uid":"c34d4a850435f8e3","reportUrl":"../266//#testresult/c34d4a850435f8e3","status":"skipped","statusDetails":"XFAIL reason: aborted\n\n_pytest.outcomes.XFailed: aborted","time":{"start":1734055296146,"stop":1734055296146,"duration":0}},{"uid":"b0d5da012aaefd49","reportUrl":"../265//#testresult/b0d5da012aaefd49","status":"skipped","statusDetails":"XFAIL reason: aborted\n\n_pytest.outcomes.XFailed: aborted","time":{"start":1733968668742,"stop":1733968668742,"duration":0}},{"uid":"774529bdeec44d6c","reportUrl":"../264//#testresult/774529bdeec44d6c","status":"skipped","statusDetails":"XFAIL reason: aborted\n\n_pytest.outcomes.XFailed: aborted","time":{"start":1733882270056,"stop":1733882270056,"duration":0}},{"uid":"ef8462409c581c51","reportUrl":"../263//#testresult/ef8462409c581c51","status":"skipped","statusDetails":"XFAIL reason: aborted\n\n_pytest.outcomes.XFailed: aborted","time":{"start":1733795850401,"stop":1733795850401,"duration":0}},{"uid":"6dd23ff89439722","reportUrl":"../262//#testresult/6dd23ff89439722","status":"skipped","statusDetails":"XFAIL reason: aborted\n\n_pytest.outcomes.XFailed: aborted","time":{"start":1733709277060,"stop":1733709277060,"duration":0}},{"uid":"b646f7757eb1973c","reportUrl":"../261//#testresult/b646f7757eb1973c","status":"skipped","statusDetails":"XFAIL reason: aborted\n\n_pytest.outcomes.XFailed: aborted","time":{"start":1733622777036,"stop":1733622777036,"duration":0}},{"uid":"57a8cc64c94eff90","reportUrl":"../260//#testresult/57a8cc64c94eff90","status":"skipped","statusDetails":"XFAIL reason: aborted\n\n_pytest.outcomes.XFailed: aborted","time":{"start":1733536407178,"stop":1733536407178,"duration":0}},{"uid":"cd4306230621623a","reportUrl":"../259//#testresult/cd4306230621623a","status":"skipped","statusDetails":"XFAIL reason: aborted\n\n_pytest.outcomes.XFailed: aborted","time":{"start":1733449996819,"stop":1733449996819,"duration":0}},{"uid":"83165257c101460a","reportUrl":"../258//#testresult/83165257c101460a","status":"skipped","statusDetails":"XFAIL reason: aborted\n\n_pytest.outcomes.XFailed: aborted","time":{"start":1733363800001,"stop":1733363800001,"duration":0}},{"uid":"3921f2e6679dfc23","reportUrl":"../257//#testresult/3921f2e6679dfc23","status":"skipped","statusDetails":"XFAIL reason: aborted\n\n_pytest.outcomes.XFailed: aborted","time":{"start":1733277230398,"stop":1733277230398,"duration":0}},{"uid":"e82887140d5c3baa","reportUrl":"../256//#testresult/e82887140d5c3baa","status":"skipped","statusDetails":"XFAIL reason: aborted\n\n_pytest.outcomes.XFailed: aborted","time":{"start":1733191281149,"stop":1733191281149,"duration":0}},{"uid":"324b2dc3dcd976fc","reportUrl":"../255//#testresult/324b2dc3dcd976fc","status":"skipped","statusDetails":"XFAIL reason: aborted\n\n_pytest.outcomes.XFailed: aborted","time":{"start":1733104416726,"stop":1733104416726,"duration":0}},{"uid":"3735850751396e2e","reportUrl":"../254//#testresult/3735850751396e2e","status":"skipped","statusDetails":"XFAIL reason: aborted\n\n_pytest.outcomes.XFailed: aborted","time":{"start":1733018400541,"stop":1733018400541,"duration":0}}]},"tags":["asyncio","group(2)"]},"source":"a760bec2c7a9a4bd.json","parameterValues":[]}